#
# There is insufficient memory for the Java Runtime Environment to continue.
# Native memory allocation (mmap) failed to map 458227712 bytes for G1 virtual space
# Possible reasons:
#   The system is out of physical RAM or swap space
#   The process is running with CompressedOops enabled, and the Java Heap may be blocking the growth of the native heap
# Possible solutions:
#   Reduce memory load on the system
#   Increase physical memory or swap space
#   Check if swap backing store is full
#   Decrease Java heap size (-Xmx/-Xms)
#   Decrease number of Java threads
#   Decrease Java thread stack sizes (-Xss)
#   Set larger code cache with -XX:ReservedCodeCacheSize=
#   JVM is running with Unscaled Compressed Oops mode in which the Java heap is
#     placed in the first 4GB address space. The Java Heap base address is the
#     maximum limit for the native heap growth. Please use -XX:HeapBaseMinAddress
#     to set the Java Heap base and to place the Java Heap above 4GB virtual address.
# This output file may be truncated or incomplete.
#
#  Out of Memory Error (os_windows.cpp:3541), pid=13424, tid=16568
#
# JRE version: OpenJDK Runtime Environment Temurin-17.0.4+8 (17.0.4+8) (build 17.0.4+8)
# Java VM: OpenJDK 64-Bit Server VM Temurin-17.0.4+8 (17.0.4+8, mixed mode, emulated-client, tiered, compressed oops, compressed class ptrs, g1 gc, windows-amd64)
# No core dump will be written. Minidumps are not enabled by default on client versions of Windows
#

---------------  S U M M A R Y ------------

Command Line: -Dsts.lsp.client=vscode -Dsts.log.file=/dev/null -XX:TieredStopAtLevel=1 -Dspring.config.location=file:c:\Users\david\.vscode\extensions\pivotal.vscode-spring-boot-1.38.0\language-server\BOOT-INF\classes\application.properties org.springframework.ide.vscode.boot.app.BootLanguageServerBootApp

Host: AMD Ryzen 5 3500U with Radeon Vega Mobile Gfx  , 8 cores, 5G,  Windows 10 , 64 bit Build 19041 (10.0.19041.1806)
Time: Tue Sep  6 10:06:34 2022 Hora oficial do Brasil elapsed time: 3.981333 seconds (0d 0h 0m 3s)

---------------  T H R E A D  ---------------

Current thread (0x0000029e43dd1090):  VMThread "VM Thread" [stack: 0x000000a4e0000000,0x000000a4e0100000] [id=16568]

Stack: [0x000000a4e0000000,0x000000a4e0100000]
Native frames: (J=compiled Java code, j=interpreted, Vv=VM code, C=native code)
V  [jvm.dll+0x67733a]
V  [jvm.dll+0x8323c4]
V  [jvm.dll+0x833b6e]
V  [jvm.dll+0x8341d3]
V  [jvm.dll+0x2455e5]
V  [jvm.dll+0x674229]
V  [jvm.dll+0x668ab2]
V  [jvm.dll+0x30458b]
V  [jvm.dll+0x30bad6]
V  [jvm.dll+0x35ba7e]
V  [jvm.dll+0x35bcaf]
V  [jvm.dll+0x2db428]
V  [jvm.dll+0x2d96dc]
V  [jvm.dll+0x2d8cac]
V  [jvm.dll+0x31cc0b]
V  [jvm.dll+0x83867b]
V  [jvm.dll+0x8393b4]
V  [jvm.dll+0x8398cc]
V  [jvm.dll+0x839ca4]
V  [jvm.dll+0x839d70]
V  [jvm.dll+0x7e245a]
V  [jvm.dll+0x6761c5]
C  [ucrtbase.dll+0x21bb2]
C  [KERNEL32.DLL+0x17034]
C  [ntdll.dll+0x52651]

VM_Operation (0x000000a4e1cfdc60): G1CollectForAllocation, mode: safepoint, requested by thread 0x0000029e46980430


---------------  P R O C E S S  ---------------

Threads class SMR info:
_java_thread_list=0x0000029e48679010, length=34, elements={
0x0000029e43de8f50, 0x0000029e43de9c10, 0x0000029e43e1c130, 0x0000029e43e1ccb0,
0x0000029e43e1e670, 0x0000029e4480a590, 0x0000029e4480e4f0, 0x0000029e44816ef0,
0x0000029e44a047e0, 0x0000029e44a04da0, 0x0000029e44a18a80, 0x0000029e44a42da0,
0x0000029e452b6de0, 0x0000029e4681d020, 0x0000029e4690b4f0, 0x0000029e46982af0,
0x0000029e46980ec0, 0x0000029e46980430, 0x0000029e46980900, 0x0000029e469817a0,
0x0000029e46981c70, 0x0000029e469b91c0, 0x0000029e469b6b40, 0x0000029e469b79b0,
0x0000029e469b8cf0, 0x0000029e469b9690, 0x0000029e469b61a0, 0x0000029e469b7010,
0x0000029e469b5cd0, 0x0000029e469b6670, 0x0000029e469b74e0, 0x0000029e469b7e80,
0x0000029e469b8350, 0x0000029e469b8820
}

Java Threads: ( => current thread )
  0x0000029e43de8f50 JavaThread "Reference Handler" daemon [_thread_blocked, id=15456, stack(0x000000a4e0100000,0x000000a4e0200000)]
  0x0000029e43de9c10 JavaThread "Finalizer" daemon [_thread_blocked, id=8100, stack(0x000000a4e0200000,0x000000a4e0300000)]
  0x0000029e43e1c130 JavaThread "Signal Dispatcher" daemon [_thread_blocked, id=8760, stack(0x000000a4e0300000,0x000000a4e0400000)]
  0x0000029e43e1ccb0 JavaThread "Attach Listener" daemon [_thread_blocked, id=964, stack(0x000000a4e0400000,0x000000a4e0500000)]
  0x0000029e43e1e670 JavaThread "Service Thread" daemon [_thread_blocked, id=17824, stack(0x000000a4e0500000,0x000000a4e0600000)]
  0x0000029e4480a590 JavaThread "Monitor Deflation Thread" daemon [_thread_blocked, id=14308, stack(0x000000a4e0600000,0x000000a4e0700000)]
  0x0000029e4480e4f0 JavaThread "C1 CompilerThread0" daemon [_thread_blocked, id=14648, stack(0x000000a4e0700000,0x000000a4e0800000)]
  0x0000029e44816ef0 JavaThread "Sweeper thread" daemon [_thread_blocked, id=16952, stack(0x000000a4e0800000,0x000000a4e0900000)]
  0x0000029e44a047e0 JavaThread "C1 CompilerThread1" daemon [_thread_blocked, id=8060, stack(0x000000a4e0900000,0x000000a4e0a00000)]
  0x0000029e44a04da0 JavaThread "C1 CompilerThread2" daemon [_thread_blocked, id=20244, stack(0x000000a4e0a00000,0x000000a4e0b00000)]
  0x0000029e44a18a80 JavaThread "Notification Thread" daemon [_thread_blocked, id=13804, stack(0x000000a4e0b00000,0x000000a4e0c00000)]
  0x0000029e44a42da0 JavaThread "Common-Cleaner" daemon [_thread_blocked, id=15480, stack(0x000000a4e0d00000,0x000000a4e0e00000)]
  0x0000029e452b6de0 JavaThread "C1 CompilerThread3" daemon [_thread_blocked, id=17928, stack(0x000000a4e0e00000,0x000000a4e0f00000)]
  0x0000029e4681d020 JavaThread "ForkJoinPool.commonPool-worker-1" daemon [_thread_blocked, id=15912, stack(0x000000a4e1600000,0x000000a4e1700000)]
  0x0000029e4690b4f0 JavaThread "ClassGraph-worker-0" daemon [_thread_blocked, id=18264, stack(0x000000a4e1900000,0x000000a4e1a00000)]
  0x0000029e46982af0 JavaThread "ClassGraph-worker-1" daemon [_thread_blocked, id=10460, stack(0x000000a4e1a00000,0x000000a4e1b00000)]
  0x0000029e46980ec0 JavaThread "ClassGraph-worker-2" daemon [_thread_blocked, id=9040, stack(0x000000a4e1b00000,0x000000a4e1c00000)]
  0x0000029e46980430 JavaThread "ClassGraph-worker-3" daemon [_thread_blocked, id=11904, stack(0x000000a4e1c00000,0x000000a4e1d00000)]
  0x0000029e46980900 JavaThread "ClassGraph-worker-4" daemon [_thread_blocked, id=11576, stack(0x000000a4e1d00000,0x000000a4e1e00000)]
  0x0000029e469817a0 JavaThread "ClassGraph-worker-5" daemon [_thread_blocked, id=14716, stack(0x000000a4e1e00000,0x000000a4e1f00000)]
  0x0000029e46981c70 JavaThread "ClassGraph-worker-6" daemon [_thread_blocked, id=10748, stack(0x000000a4e1f00000,0x000000a4e2000000)]
  0x0000029e469b91c0 JavaThread "ClassGraph-worker-7" daemon [_thread_blocked, id=19856, stack(0x000000a4e2000000,0x000000a4e2100000)]
  0x0000029e469b6b40 JavaThread "ClassGraph-worker-8" daemon [_thread_blocked, id=9880, stack(0x000000a4e2100000,0x000000a4e2200000)]
  0x0000029e469b79b0 JavaThread "ClassGraph-worker-9" daemon [_thread_blocked, id=2420, stack(0x000000a4e2200000,0x000000a4e2300000)]
  0x0000029e469b8cf0 JavaThread "ClassGraph-worker-10" daemon [_thread_blocked, id=11272, stack(0x000000a4e2300000,0x000000a4e2400000)]
  0x0000029e469b9690 JavaThread "ClassGraph-worker-11" daemon [_thread_blocked, id=16600, stack(0x000000a4e2400000,0x000000a4e2500000)]
  0x0000029e469b61a0 JavaThread "ClassGraph-worker-12" daemon [_thread_blocked, id=16876, stack(0x000000a4e2500000,0x000000a4e2600000)]
  0x0000029e469b7010 JavaThread "ClassGraph-worker-13" daemon [_thread_blocked, id=18764, stack(0x000000a4e2600000,0x000000a4e2700000)]
  0x0000029e469b5cd0 JavaThread "pool-7-thread-1" [_thread_blocked, id=9920, stack(0x000000a4e2700000,0x000000a4e2800000)]
  0x0000029e469b6670 JavaThread "LanguageServerApp-lifecycle" [_thread_blocked, id=17264, stack(0x000000a4e2800000,0x000000a4e2900000)]
  0x0000029e469b74e0 JavaThread "DestroyJavaVM" [_thread_blocked, id=3028, stack(0x000000a4dfa00000,0x000000a4dfb00000)]
  0x0000029e469b7e80 JavaThread "pool-8-thread-1" [_thread_in_native, id=3676, stack(0x000000a4e2900000,0x000000a4e2a00000)]
  0x0000029e469b8350 JavaThread "Simple-Language-Server main thread" daemon [_thread_blocked, id=20164, stack(0x000000a4e2a00000,0x000000a4e2b00000)]
  0x0000029e469b8820 JavaThread "parallel-1" daemon [_thread_blocked, id=9976, stack(0x000000a4e2c00000,0x000000a4e2d00000)]

Other Threads:
=>0x0000029e43dd1090 VMThread "VM Thread" [stack: 0x000000a4e0000000,0x000000a4e0100000] [id=16568]
  0x0000029e35dddac0 WatcherThread [stack: 0x000000a4e0c00000,0x000000a4e0d00000] [id=16824]
  0x0000029e35dc7220 GCTaskThread "GC Thread#0" [stack: 0x000000a4dfb00000,0x000000a4dfc00000] [id=16616]
  0x0000029e453a1840 GCTaskThread "GC Thread#1" [stack: 0x000000a4e0f00000,0x000000a4e1000000] [id=19648]
  0x0000029e453d89a0 GCTaskThread "GC Thread#2" [stack: 0x000000a4e1000000,0x000000a4e1100000] [id=14088]
  0x0000029e453d8c50 GCTaskThread "GC Thread#3" [stack: 0x000000a4e1100000,0x000000a4e1200000] [id=5148]
  0x0000029e453d8f00 GCTaskThread "GC Thread#4" [stack: 0x000000a4e1200000,0x000000a4e1300000] [id=17260]
  0x0000029e453d91b0 GCTaskThread "GC Thread#5" [stack: 0x000000a4e1300000,0x000000a4e1400000] [id=16220]
  0x0000029e453d9460 GCTaskThread "GC Thread#6" [stack: 0x000000a4e1400000,0x000000a4e1500000] [id=11956]
  0x0000029e46205270 GCTaskThread "GC Thread#7" [stack: 0x000000a4e1700000,0x000000a4e1800000] [id=11612]
  0x0000029e35dd3ca0 ConcurrentGCThread "G1 Main Marker" [stack: 0x000000a4dfc00000,0x000000a4dfd00000] [id=20272]
  0x0000029e35dd5d60 ConcurrentGCThread "G1 Conc#0" [stack: 0x000000a4dfd00000,0x000000a4dfe00000] [id=18216]
  0x0000029e462047b0 ConcurrentGCThread "G1 Conc#1" [stack: 0x000000a4e1800000,0x000000a4e1900000] [id=19656]
  0x0000029e35e4d600 ConcurrentGCThread "G1 Refine#0" [stack: 0x000000a4dfe00000,0x000000a4dff00000] [id=20276]
  0x0000029e45041870 ConcurrentGCThread "G1 Refine#1" [stack: 0x000000a4e1500000,0x000000a4e1600000] [id=16100]
  0x0000029e486344f0 ConcurrentGCThread "G1 Refine#2" [stack: 0x000000a4e2b00000,0x000000a4e2c00000] [id=18884]
  0x0000029e35e4df20 ConcurrentGCThread "G1 Service" [stack: 0x000000a4dff00000,0x000000a4e0000000] [id=3524]

Threads with active compile tasks:

VM state: at safepoint (normal execution)

VM Mutex/Monitor currently owned by a thread:  ([mutex/lock_event])
[0x0000029e35c5b4f0] Threads_lock - owner thread: 0x0000029e43dd1090
[0x0000029e35d769e0] Heap_lock - owner thread: 0x0000029e46980430

Heap address: 0x00000000a1e00000, size: 1506 MB, Compressed Oops mode: 32-bit

CDS archive(s) not mapped
Compressed class space mapped at: 0x0000000100000000-0x0000000140000000, reserved size: 1073741824
Narrow klass base: 0x0000000000000000, Narrow klass shift: 3, Narrow klass range: 0x140000000

GC Precious Log:
 CPUs: 8 total, 8 available
 Memory: 6019M
 Large Page Support: Disabled
 NUMA Support: Disabled
 Compressed Oops: Enabled (32-bit)
 Heap Region Size: 1M
 Heap Min Capacity: 8M
 Heap Initial Capacity: 96M
 Heap Max Capacity: 1506M
 Pre-touch: Disabled
 Parallel Workers: 8
 Concurrent Workers: 2
 Concurrent Refinement Workers: 8
 Periodic GC: Disabled

Heap:
 garbage-first heap   total 258048K, used 85101K [0x00000000a1e00000, 0x0000000100000000)
  region size 1024K, 11 young (11264K), 11 survivors (11264K)
 Metaspace       used 34775K, committed 35136K, reserved 1081344K
  class space    used 4512K, committed 4672K, reserved 1048576K

Heap Regions: E=young(eden), S=young(survivor), O=old, HS=humongous(starts), HC=humongous(continues), CS=collection set, F=free, OA=open archive, CA=closed archive, TAMS=top-at-mark-start (previous, next)
|   0|0x00000000a1e00000, 0x00000000a1f00000, 0x00000000a1f00000|100%| O|  |TAMS 0x00000000a1f00000, 0x00000000a1e00000| Untracked 
|   1|0x00000000a1f00000, 0x00000000a2000000, 0x00000000a2000000|100%| O|  |TAMS 0x00000000a2000000, 0x00000000a1f00000| Untracked 
|   2|0x00000000a2000000, 0x00000000a2100000, 0x00000000a2100000|100%| O|  |TAMS 0x00000000a2100000, 0x00000000a2000000| Untracked 
|   3|0x00000000a2100000, 0x00000000a2200000, 0x00000000a2200000|100%| O|  |TAMS 0x00000000a2200000, 0x00000000a2100000| Untracked 
|   4|0x00000000a2200000, 0x00000000a2300000, 0x00000000a2300000|100%| O|  |TAMS 0x00000000a2300000, 0x00000000a2200000| Untracked 
|   5|0x00000000a2300000, 0x00000000a2400000, 0x00000000a2400000|100%| O|  |TAMS 0x00000000a2400000, 0x00000000a2300000| Untracked 
|   6|0x00000000a2400000, 0x00000000a2500000, 0x00000000a2500000|100%| O|  |TAMS 0x00000000a2500000, 0x00000000a2400000| Untracked 
|   7|0x00000000a2500000, 0x00000000a2600000, 0x00000000a2600000|100%| O|  |TAMS 0x00000000a2600000, 0x00000000a2500000| Untracked 
|   8|0x00000000a2600000, 0x00000000a2600000, 0x00000000a2700000|  0%| F|  |TAMS 0x00000000a2600000, 0x00000000a2600000| Untracked 
|   9|0x00000000a2700000, 0x00000000a2800000, 0x00000000a2800000|100%| O|  |TAMS 0x00000000a2800000, 0x00000000a2700000| Untracked 
|  10|0x00000000a2800000, 0x00000000a2900000, 0x00000000a2900000|100%| O|  |TAMS 0x00000000a2900000, 0x00000000a2800000| Untracked 
|  11|0x00000000a2900000, 0x00000000a2a00000, 0x00000000a2a00000|100%| O|  |TAMS 0x00000000a2a00000, 0x00000000a2900000| Untracked 
|  12|0x00000000a2a00000, 0x00000000a2b00000, 0x00000000a2b00000|100%| O|  |TAMS 0x00000000a2b00000, 0x00000000a2a00000| Untracked 
|  13|0x00000000a2b00000, 0x00000000a2c00000, 0x00000000a2c00000|100%| O|  |TAMS 0x00000000a2c00000, 0x00000000a2b00000| Untracked 
|  14|0x00000000a2c00000, 0x00000000a2d00000, 0x00000000a2d00000|100%| O|  |TAMS 0x00000000a2d00000, 0x00000000a2c00000| Untracked 
|  15|0x00000000a2d00000, 0x00000000a2e00000, 0x00000000a2e00000|100%| O|  |TAMS 0x00000000a2e00000, 0x00000000a2d00000| Untracked 
|  16|0x00000000a2e00000, 0x00000000a2f00000, 0x00000000a2f00000|100%| O|  |TAMS 0x00000000a2f00000, 0x00000000a2e00000| Untracked 
|  17|0x00000000a2f00000, 0x00000000a3000000, 0x00000000a3000000|100%| O|  |TAMS 0x00000000a3000000, 0x00000000a2f00000| Untracked 
|  18|0x00000000a3000000, 0x00000000a3100000, 0x00000000a3100000|100%| O|  |TAMS 0x00000000a3100000, 0x00000000a3000000| Untracked 
|  19|0x00000000a3100000, 0x00000000a3200000, 0x00000000a3200000|100%| O|  |TAMS 0x00000000a3200000, 0x00000000a3100000| Untracked 
|  20|0x00000000a3200000, 0x00000000a3300000, 0x00000000a3300000|100%| O|  |TAMS 0x00000000a3300000, 0x00000000a3200000| Untracked 
|  21|0x00000000a3300000, 0x00000000a3400000, 0x00000000a3400000|100%| O|  |TAMS 0x00000000a3400000, 0x00000000a3300000| Untracked 
|  22|0x00000000a3400000, 0x00000000a3500000, 0x00000000a3500000|100%| O|  |TAMS 0x00000000a3500000, 0x00000000a3400000| Untracked 
|  23|0x00000000a3500000, 0x00000000a3600000, 0x00000000a3600000|100%| O|  |TAMS 0x00000000a3600000, 0x00000000a3500000| Untracked 
|  24|0x00000000a3600000, 0x00000000a3700000, 0x00000000a3700000|100%| O|  |TAMS 0x00000000a3700000, 0x00000000a3600000| Untracked 
|  25|0x00000000a3700000, 0x00000000a3800000, 0x00000000a3800000|100%| O|  |TAMS 0x00000000a3800000, 0x00000000a3700000| Untracked 
|  26|0x00000000a3800000, 0x00000000a3900000, 0x00000000a3900000|100%| O|  |TAMS 0x00000000a3900000, 0x00000000a3800000| Untracked 
|  27|0x00000000a3900000, 0x00000000a3a00000, 0x00000000a3a00000|100%| O|  |TAMS 0x00000000a3a00000, 0x00000000a3900000| Untracked 
|  28|0x00000000a3a00000, 0x00000000a3b00000, 0x00000000a3b00000|100%| O|  |TAMS 0x00000000a3b00000, 0x00000000a3a00000| Untracked 
|  29|0x00000000a3b00000, 0x00000000a3c00000, 0x00000000a3c00000|100%| O|  |TAMS 0x00000000a3c00000, 0x00000000a3b00000| Untracked 
|  30|0x00000000a3c00000, 0x00000000a3d00000, 0x00000000a3d00000|100%| O|  |TAMS 0x00000000a3d00000, 0x00000000a3c00000| Untracked 
|  31|0x00000000a3d00000, 0x00000000a3e00000, 0x00000000a3e00000|100%| O|  |TAMS 0x00000000a3e00000, 0x00000000a3d00000| Untracked 
|  32|0x00000000a3e00000, 0x00000000a3f00000, 0x00000000a3f00000|100%| O|  |TAMS 0x00000000a3f00000, 0x00000000a3e00000| Untracked 
|  33|0x00000000a3f00000, 0x00000000a4000000, 0x00000000a4000000|100%| O|  |TAMS 0x00000000a4000000, 0x00000000a3f00000| Untracked 
|  34|0x00000000a4000000, 0x00000000a4100000, 0x00000000a4100000|100%| O|  |TAMS 0x00000000a4100000, 0x00000000a4000000| Untracked 
|  35|0x00000000a4100000, 0x00000000a4200000, 0x00000000a4200000|100%| O|  |TAMS 0x00000000a4200000, 0x00000000a4100000| Untracked 
|  36|0x00000000a4200000, 0x00000000a4300000, 0x00000000a4300000|100%| O|  |TAMS 0x00000000a4300000, 0x00000000a4200000| Untracked 
|  37|0x00000000a4300000, 0x00000000a4400000, 0x00000000a4400000|100%| O|  |TAMS 0x00000000a4400000, 0x00000000a4300000| Untracked 
|  38|0x00000000a4400000, 0x00000000a4500000, 0x00000000a4500000|100%| O|  |TAMS 0x00000000a4500000, 0x00000000a4400000| Untracked 
|  39|0x00000000a4500000, 0x00000000a4600000, 0x00000000a4600000|100%| O|  |TAMS 0x00000000a4500000, 0x00000000a4500000| Untracked 
|  40|0x00000000a4600000, 0x00000000a4700000, 0x00000000a4700000|100%|HS|  |TAMS 0x00000000a4700000, 0x00000000a4600000| Complete 
|  41|0x00000000a4700000, 0x00000000a4800000, 0x00000000a4800000|100%| O|  |TAMS 0x00000000a4800000, 0x00000000a4700000| Untracked 
|  42|0x00000000a4800000, 0x00000000a4900000, 0x00000000a4900000|100%| O|  |TAMS 0x00000000a4900000, 0x00000000a4800000| Untracked 
|  43|0x00000000a4900000, 0x00000000a4a00000, 0x00000000a4a00000|100%| O|  |TAMS 0x00000000a4a00000, 0x00000000a4900000| Untracked 
|  44|0x00000000a4a00000, 0x00000000a4b00000, 0x00000000a4b00000|100%| O|  |TAMS 0x00000000a4b00000, 0x00000000a4a00000| Untracked 
|  45|0x00000000a4b00000, 0x00000000a4c00000, 0x00000000a4c00000|100%| O|  |TAMS 0x00000000a4c00000, 0x00000000a4b00000| Untracked 
|  46|0x00000000a4c00000, 0x00000000a4d00000, 0x00000000a4d00000|100%| O|  |TAMS 0x00000000a4d00000, 0x00000000a4c00000| Untracked 
|  47|0x00000000a4d00000, 0x00000000a4e00000, 0x00000000a4e00000|100%| O|  |TAMS 0x00000000a4e00000, 0x00000000a4d00000| Untracked 
|  48|0x00000000a4e00000, 0x00000000a4f00000, 0x00000000a4f00000|100%| O|  |TAMS 0x00000000a4f00000, 0x00000000a4e00000| Untracked 
|  49|0x00000000a4f00000, 0x00000000a5000000, 0x00000000a5000000|100%| O|  |TAMS 0x00000000a5000000, 0x00000000a4f00000| Untracked 
|  50|0x00000000a5000000, 0x00000000a5100000, 0x00000000a5100000|100%| O|  |TAMS 0x00000000a5100000, 0x00000000a5000000| Untracked 
|  51|0x00000000a5100000, 0x00000000a5200000, 0x00000000a5200000|100%| O|  |TAMS 0x00000000a5200000, 0x00000000a5100000| Untracked 
|  52|0x00000000a5200000, 0x00000000a5300000, 0x00000000a5300000|100%| O|  |TAMS 0x00000000a5300000, 0x00000000a5200000| Untracked 
|  53|0x00000000a5300000, 0x00000000a5400000, 0x00000000a5400000|100%| O|  |TAMS 0x00000000a5400000, 0x00000000a5300000| Untracked 
|  54|0x00000000a5400000, 0x00000000a5500000, 0x00000000a5500000|100%| O|  |TAMS 0x00000000a5500000, 0x00000000a5400000| Untracked 
|  55|0x00000000a5500000, 0x00000000a5600000, 0x00000000a5600000|100%| O|  |TAMS 0x00000000a5525000, 0x00000000a5500000| Untracked 
|  56|0x00000000a5600000, 0x00000000a5700000, 0x00000000a5700000|100%| O|  |TAMS 0x00000000a5600000, 0x00000000a5600000| Untracked 
|  57|0x00000000a5700000, 0x00000000a5800000, 0x00000000a5800000|100%| O|  |TAMS 0x00000000a5700000, 0x00000000a5700000| Untracked 
|  58|0x00000000a5800000, 0x00000000a5900000, 0x00000000a5900000|100%| O|  |TAMS 0x00000000a5800000, 0x00000000a5800000| Untracked 
|  59|0x00000000a5900000, 0x00000000a5a00000, 0x00000000a5a00000|100%| O|  |TAMS 0x00000000a5900000, 0x00000000a5900000| Untracked 
|  60|0x00000000a5a00000, 0x00000000a5b00000, 0x00000000a5b00000|100%| O|  |TAMS 0x00000000a5a00000, 0x00000000a5a00000| Untracked 
|  61|0x00000000a5b00000, 0x00000000a5c00000, 0x00000000a5c00000|100%| O|  |TAMS 0x00000000a5b00000, 0x00000000a5b00000| Untracked 
|  62|0x00000000a5c00000, 0x00000000a5d00000, 0x00000000a5d00000|100%| O|  |TAMS 0x00000000a5c00000, 0x00000000a5c00000| Untracked 
|  63|0x00000000a5d00000, 0x00000000a5e00000, 0x00000000a5e00000|100%| O|  |TAMS 0x00000000a5d00000, 0x00000000a5d00000| Untracked 
|  64|0x00000000a5e00000, 0x00000000a5f00000, 0x00000000a5f00000|100%| O|  |TAMS 0x00000000a5e00000, 0x00000000a5e00000| Untracked 
|  65|0x00000000a5f00000, 0x00000000a6000000, 0x00000000a6000000|100%| O|  |TAMS 0x00000000a5f00000, 0x00000000a5f00000| Untracked 
|  66|0x00000000a6000000, 0x00000000a6100000, 0x00000000a6100000|100%| O|  |TAMS 0x00000000a6000000, 0x00000000a6000000| Untracked 
|  67|0x00000000a6100000, 0x00000000a6200000, 0x00000000a6200000|100%| O|  |TAMS 0x00000000a6100000, 0x00000000a6100000| Untracked 
|  68|0x00000000a6200000, 0x00000000a6300000, 0x00000000a6300000|100%| O|  |TAMS 0x00000000a6200000, 0x00000000a6200000| Untracked 
|  69|0x00000000a6300000, 0x00000000a6400000, 0x00000000a6400000|100%| O|  |TAMS 0x00000000a6300000, 0x00000000a6300000| Untracked 
|  70|0x00000000a6400000, 0x00000000a6500000, 0x00000000a6500000|100%| O|  |TAMS 0x00000000a6400000, 0x00000000a6400000| Untracked 
|  71|0x00000000a6500000, 0x00000000a6600000, 0x00000000a6600000|100%| O|  |TAMS 0x00000000a6500000, 0x00000000a6500000| Untracked 
|  72|0x00000000a6600000, 0x00000000a6700000, 0x00000000a6700000|100%| O|  |TAMS 0x00000000a6600000, 0x00000000a6600000| Untracked 
|  73|0x00000000a6700000, 0x00000000a671b600, 0x00000000a6800000| 10%| O|  |TAMS 0x00000000a6700000, 0x00000000a6700000| Untracked 
|  74|0x00000000a6800000, 0x00000000a6800000, 0x00000000a6900000|  0%| F|  |TAMS 0x00000000a6800000, 0x00000000a6800000| Untracked 
|  75|0x00000000a6900000, 0x00000000a6900000, 0x00000000a6a00000|  0%| F|  |TAMS 0x00000000a6900000, 0x00000000a6900000| Untracked 
|  76|0x00000000a6a00000, 0x00000000a6a00000, 0x00000000a6b00000|  0%| F|  |TAMS 0x00000000a6a00000, 0x00000000a6a00000| Untracked 
|  77|0x00000000a6b00000, 0x00000000a6b00000, 0x00000000a6c00000|  0%| F|  |TAMS 0x00000000a6b00000, 0x00000000a6b00000| Untracked 
|  78|0x00000000a6c00000, 0x00000000a6c00000, 0x00000000a6d00000|  0%| F|  |TAMS 0x00000000a6c00000, 0x00000000a6c00000| Untracked 
|  79|0x00000000a6d00000, 0x00000000a6d00000, 0x00000000a6e00000|  0%| F|  |TAMS 0x00000000a6d00000, 0x00000000a6d00000| Untracked 
|  80|0x00000000a6e00000, 0x00000000a6e00000, 0x00000000a6f00000|  0%| F|  |TAMS 0x00000000a6e00000, 0x00000000a6e00000| Untracked 
|  81|0x00000000a6f00000, 0x00000000a6f00000, 0x00000000a7000000|  0%| F|  |TAMS 0x00000000a6f00000, 0x00000000a6f00000| Untracked 
|  82|0x00000000a7000000, 0x00000000a7000000, 0x00000000a7100000|  0%| F|  |TAMS 0x00000000a7000000, 0x00000000a7000000| Untracked 
|  83|0x00000000a7100000, 0x00000000a7100000, 0x00000000a7200000|  0%| F|  |TAMS 0x00000000a7100000, 0x00000000a7100000| Untracked 
|  84|0x00000000a7200000, 0x00000000a7200000, 0x00000000a7300000|  0%| F|  |TAMS 0x00000000a7200000, 0x00000000a7200000| Untracked 
|  85|0x00000000a7300000, 0x00000000a7300000, 0x00000000a7400000|  0%| F|  |TAMS 0x00000000a7300000, 0x00000000a7300000| Untracked 
|  86|0x00000000a7400000, 0x00000000a7400000, 0x00000000a7500000|  0%| F|  |TAMS 0x00000000a7400000, 0x00000000a7400000| Untracked 
|  87|0x00000000a7500000, 0x00000000a7500000, 0x00000000a7600000|  0%| F|  |TAMS 0x00000000a7500000, 0x00000000a7500000| Untracked 
|  88|0x00000000a7600000, 0x00000000a7600000, 0x00000000a7700000|  0%| F|  |TAMS 0x00000000a7600000, 0x00000000a7600000| Untracked 
|  89|0x00000000a7700000, 0x00000000a7700000, 0x00000000a7800000|  0%| F|  |TAMS 0x00000000a7700000, 0x00000000a7700000| Untracked 
|  90|0x00000000a7800000, 0x00000000a7800000, 0x00000000a7900000|  0%| F|  |TAMS 0x00000000a7800000, 0x00000000a7800000| Untracked 
|  91|0x00000000a7900000, 0x00000000a7900000, 0x00000000a7a00000|  0%| F|  |TAMS 0x00000000a7900000, 0x00000000a7900000| Untracked 
|  92|0x00000000a7a00000, 0x00000000a7a00000, 0x00000000a7b00000|  0%| F|  |TAMS 0x00000000a7a00000, 0x00000000a7a00000| Untracked 
|  93|0x00000000a7b00000, 0x00000000a7b00000, 0x00000000a7c00000|  0%| F|  |TAMS 0x00000000a7b00000, 0x00000000a7b00000| Untracked 
|  94|0x00000000a7c00000, 0x00000000a7c00000, 0x00000000a7d00000|  0%| F|  |TAMS 0x00000000a7c00000, 0x00000000a7c00000| Untracked 
|  95|0x00000000a7d00000, 0x00000000a7d00000, 0x00000000a7e00000|  0%| F|  |TAMS 0x00000000a7d00000, 0x00000000a7d00000| Untracked 
|  96|0x00000000a7e00000, 0x00000000a7e00000, 0x00000000a7f00000|  0%| F|  |TAMS 0x00000000a7e00000, 0x00000000a7e00000| Untracked 
|  97|0x00000000a7f00000, 0x00000000a7f00000, 0x00000000a8000000|  0%| F|  |TAMS 0x00000000a7f00000, 0x00000000a7f00000| Untracked 
|  98|0x00000000a8000000, 0x00000000a8000000, 0x00000000a8100000|  0%| F|  |TAMS 0x00000000a8000000, 0x00000000a8000000| Untracked 
|  99|0x00000000a8100000, 0x00000000a8100000, 0x00000000a8200000|  0%| F|  |TAMS 0x00000000a8100000, 0x00000000a8100000| Untracked 
| 100|0x00000000a8200000, 0x00000000a8200000, 0x00000000a8300000|  0%| F|  |TAMS 0x00000000a8200000, 0x00000000a8200000| Untracked 
| 101|0x00000000a8300000, 0x00000000a8300000, 0x00000000a8400000|  0%| F|  |TAMS 0x00000000a8300000, 0x00000000a8300000| Untracked 
| 102|0x00000000a8400000, 0x00000000a8400000, 0x00000000a8500000|  0%| F|  |TAMS 0x00000000a8400000, 0x00000000a8400000| Untracked 
| 103|0x00000000a8500000, 0x00000000a8500000, 0x00000000a8600000|  0%| F|  |TAMS 0x00000000a8500000, 0x00000000a8500000| Untracked 
| 104|0x00000000a8600000, 0x00000000a8600000, 0x00000000a8700000|  0%| F|  |TAMS 0x00000000a8600000, 0x00000000a8600000| Untracked 
| 105|0x00000000a8700000, 0x00000000a8700000, 0x00000000a8800000|  0%| F|  |TAMS 0x00000000a8700000, 0x00000000a8700000| Untracked 
| 106|0x00000000a8800000, 0x00000000a8800000, 0x00000000a8900000|  0%| F|  |TAMS 0x00000000a8800000, 0x00000000a8800000| Untracked 
| 107|0x00000000a8900000, 0x00000000a8900000, 0x00000000a8a00000|  0%| F|  |TAMS 0x00000000a8900000, 0x00000000a8900000| Untracked 
| 108|0x00000000a8a00000, 0x00000000a8a00000, 0x00000000a8b00000|  0%| F|  |TAMS 0x00000000a8a00000, 0x00000000a8a00000| Untracked 
| 109|0x00000000a8b00000, 0x00000000a8b00000, 0x00000000a8c00000|  0%| F|  |TAMS 0x00000000a8b00000, 0x00000000a8b00000| Untracked 
| 110|0x00000000a8c00000, 0x00000000a8c00000, 0x00000000a8d00000|  0%| F|  |TAMS 0x00000000a8c00000, 0x00000000a8c00000| Untracked 
| 111|0x00000000a8d00000, 0x00000000a8d00000, 0x00000000a8e00000|  0%| F|  |TAMS 0x00000000a8d00000, 0x00000000a8d00000| Untracked 
| 112|0x00000000a8e00000, 0x00000000a8e00000, 0x00000000a8f00000|  0%| F|  |TAMS 0x00000000a8e00000, 0x00000000a8e00000| Untracked 
| 113|0x00000000a8f00000, 0x00000000a9000000, 0x00000000a9000000|100%| S|CS|TAMS 0x00000000a8f00000, 0x00000000a8f00000| Complete 
| 114|0x00000000a9000000, 0x00000000a9100000, 0x00000000a9100000|100%| S|CS|TAMS 0x00000000a9000000, 0x00000000a9000000| Complete 
| 115|0x00000000a9100000, 0x00000000a9200000, 0x00000000a9200000|100%| S|CS|TAMS 0x00000000a9100000, 0x00000000a9100000| Complete 
| 116|0x00000000a9200000, 0x00000000a9300000, 0x00000000a9300000|100%| S|CS|TAMS 0x00000000a9200000, 0x00000000a9200000| Complete 
| 117|0x00000000a9300000, 0x00000000a9400000, 0x00000000a9400000|100%| S|CS|TAMS 0x00000000a9300000, 0x00000000a9300000| Complete 
| 118|0x00000000a9400000, 0x00000000a9500000, 0x00000000a9500000|100%| S|CS|TAMS 0x00000000a9400000, 0x00000000a9400000| Complete 
| 119|0x00000000a9500000, 0x00000000a9600000, 0x00000000a9600000|100%| S|CS|TAMS 0x00000000a9500000, 0x00000000a9500000| Complete 
| 120|0x00000000a9600000, 0x00000000a9700000, 0x00000000a9700000|100%| S|CS|TAMS 0x00000000a9600000, 0x00000000a9600000| Complete 
| 121|0x00000000a9700000, 0x00000000a9800000, 0x00000000a9800000|100%| S|CS|TAMS 0x00000000a9700000, 0x00000000a9700000| Complete 
| 122|0x00000000a9800000, 0x00000000a9800000, 0x00000000a9900000|  0%| F|  |TAMS 0x00000000a9800000, 0x00000000a9800000| Untracked 
| 123|0x00000000a9900000, 0x00000000a9900000, 0x00000000a9a00000|  0%| F|  |TAMS 0x00000000a9900000, 0x00000000a9900000| Untracked 
| 124|0x00000000a9a00000, 0x00000000a9a00000, 0x00000000a9b00000|  0%| F|  |TAMS 0x00000000a9a00000, 0x00000000a9a00000| Untracked 
| 125|0x00000000a9b00000, 0x00000000a9b00000, 0x00000000a9c00000|  0%| F|  |TAMS 0x00000000a9b00000, 0x00000000a9b00000| Untracked 
| 126|0x00000000a9c00000, 0x00000000a9c00000, 0x00000000a9d00000|  0%| F|  |TAMS 0x00000000a9c00000, 0x00000000a9c00000| Untracked 
| 127|0x00000000a9d00000, 0x00000000a9d00000, 0x00000000a9e00000|  0%| F|  |TAMS 0x00000000a9d00000, 0x00000000a9d00000| Untracked 
| 128|0x00000000a9e00000, 0x00000000a9f00000, 0x00000000a9f00000|100%| S|CS|TAMS 0x00000000a9e00000, 0x00000000a9e00000| Complete 
| 129|0x00000000a9f00000, 0x00000000aa000000, 0x00000000aa000000|100%| S|CS|TAMS 0x00000000a9f00000, 0x00000000a9f00000| Complete 
| 130|0x00000000aa000000, 0x00000000aa000000, 0x00000000aa100000|  0%| F|  |TAMS 0x00000000aa000000, 0x00000000aa000000| Untracked 
| 131|0x00000000aa100000, 0x00000000aa100000, 0x00000000aa200000|  0%| F|  |TAMS 0x00000000aa100000, 0x00000000aa100000| Untracked 
| 132|0x00000000aa200000, 0x00000000aa200000, 0x00000000aa300000|  0%| F|  |TAMS 0x00000000aa200000, 0x00000000aa200000| Untracked 
| 133|0x00000000aa300000, 0x00000000aa300000, 0x00000000aa400000|  0%| F|  |TAMS 0x00000000aa300000, 0x00000000aa300000| Untracked 
| 134|0x00000000aa400000, 0x00000000aa400000, 0x00000000aa500000|  0%| F|  |TAMS 0x00000000aa400000, 0x00000000aa400000| Untracked 
| 135|0x00000000aa500000, 0x00000000aa500000, 0x00000000aa600000|  0%| F|  |TAMS 0x00000000aa500000, 0x00000000aa500000| Untracked 
| 136|0x00000000aa600000, 0x00000000aa600000, 0x00000000aa700000|  0%| F|  |TAMS 0x00000000aa600000, 0x00000000aa600000| Untracked 
| 137|0x00000000aa700000, 0x00000000aa700000, 0x00000000aa800000|  0%| F|  |TAMS 0x00000000aa700000, 0x00000000aa700000| Untracked 
| 138|0x00000000aa800000, 0x00000000aa800000, 0x00000000aa900000|  0%| F|  |TAMS 0x00000000aa800000, 0x00000000aa800000| Untracked 
| 139|0x00000000aa900000, 0x00000000aa900000, 0x00000000aaa00000|  0%| F|  |TAMS 0x00000000aa900000, 0x00000000aa900000| Untracked 
| 140|0x00000000aaa00000, 0x00000000aaa00000, 0x00000000aab00000|  0%| F|  |TAMS 0x00000000aaa00000, 0x00000000aaa00000| Untracked 
| 141|0x00000000aab00000, 0x00000000aab00000, 0x00000000aac00000|  0%| F|  |TAMS 0x00000000aab00000, 0x00000000aab00000| Untracked 
| 142|0x00000000aac00000, 0x00000000aac00000, 0x00000000aad00000|  0%| F|  |TAMS 0x00000000aac00000, 0x00000000aac00000| Untracked 
| 143|0x00000000aad00000, 0x00000000aad00000, 0x00000000aae00000|  0%| F|  |TAMS 0x00000000aad00000, 0x00000000aad00000| Untracked 
| 144|0x00000000aae00000, 0x00000000aae00000, 0x00000000aaf00000|  0%| F|  |TAMS 0x00000000aae00000, 0x00000000aae00000| Untracked 
| 145|0x00000000aaf00000, 0x00000000aaf00000, 0x00000000ab000000|  0%| F|  |TAMS 0x00000000aaf00000, 0x00000000aaf00000| Untracked 
| 146|0x00000000ab000000, 0x00000000ab000000, 0x00000000ab100000|  0%| F|  |TAMS 0x00000000ab000000, 0x00000000ab000000| Untracked 
| 147|0x00000000ab100000, 0x00000000ab100000, 0x00000000ab200000|  0%| F|  |TAMS 0x00000000ab100000, 0x00000000ab100000| Untracked 
| 148|0x00000000ab200000, 0x00000000ab200000, 0x00000000ab300000|  0%| F|  |TAMS 0x00000000ab200000, 0x00000000ab200000| Untracked 
| 149|0x00000000ab300000, 0x00000000ab300000, 0x00000000ab400000|  0%| F|  |TAMS 0x00000000ab300000, 0x00000000ab300000| Untracked 
| 150|0x00000000ab400000, 0x00000000ab400000, 0x00000000ab500000|  0%| F|  |TAMS 0x00000000ab400000, 0x00000000ab400000| Untracked 
| 151|0x00000000ab500000, 0x00000000ab500000, 0x00000000ab600000|  0%| F|  |TAMS 0x00000000ab500000, 0x00000000ab500000| Untracked 
| 152|0x00000000ab600000, 0x00000000ab600000, 0x00000000ab700000|  0%| F|  |TAMS 0x00000000ab600000, 0x00000000ab600000| Untracked 
| 153|0x00000000ab700000, 0x00000000ab700000, 0x00000000ab800000|  0%| F|  |TAMS 0x00000000ab700000, 0x00000000ab700000| Untracked 
| 154|0x00000000ab800000, 0x00000000ab800000, 0x00000000ab900000|  0%| F|  |TAMS 0x00000000ab800000, 0x00000000ab800000| Untracked 
| 155|0x00000000ab900000, 0x00000000ab900000, 0x00000000aba00000|  0%| F|  |TAMS 0x00000000ab900000, 0x00000000ab900000| Untracked 
| 156|0x00000000aba00000, 0x00000000aba00000, 0x00000000abb00000|  0%| F|  |TAMS 0x00000000aba00000, 0x00000000aba00000| Untracked 
| 157|0x00000000abb00000, 0x00000000abb00000, 0x00000000abc00000|  0%| F|  |TAMS 0x00000000abb00000, 0x00000000abb00000| Untracked 
| 158|0x00000000abc00000, 0x00000000abc00000, 0x00000000abd00000|  0%| F|  |TAMS 0x00000000abc00000, 0x00000000abc00000| Untracked 
| 159|0x00000000abd00000, 0x00000000abd00000, 0x00000000abe00000|  0%| F|  |TAMS 0x00000000abd00000, 0x00000000abd00000| Untracked 
| 160|0x00000000abe00000, 0x00000000abe00000, 0x00000000abf00000|  0%| F|  |TAMS 0x00000000abe00000, 0x00000000abe00000| Untracked 
| 161|0x00000000abf00000, 0x00000000abf00000, 0x00000000ac000000|  0%| F|  |TAMS 0x00000000abf00000, 0x00000000abf00000| Untracked 
| 162|0x00000000ac000000, 0x00000000ac000000, 0x00000000ac100000|  0%| F|  |TAMS 0x00000000ac000000, 0x00000000ac000000| Untracked 
| 163|0x00000000ac100000, 0x00000000ac100000, 0x00000000ac200000|  0%| F|  |TAMS 0x00000000ac100000, 0x00000000ac100000| Untracked 
| 164|0x00000000ac200000, 0x00000000ac200000, 0x00000000ac300000|  0%| F|  |TAMS 0x00000000ac200000, 0x00000000ac200000| Untracked 
| 165|0x00000000ac300000, 0x00000000ac300000, 0x00000000ac400000|  0%| F|  |TAMS 0x00000000ac300000, 0x00000000ac300000| Untracked 
| 166|0x00000000ac400000, 0x00000000ac400000, 0x00000000ac500000|  0%| F|  |TAMS 0x00000000ac400000, 0x00000000ac400000| Untracked 
| 167|0x00000000ac500000, 0x00000000ac500000, 0x00000000ac600000|  0%| F|  |TAMS 0x00000000ac500000, 0x00000000ac500000| Untracked 
| 168|0x00000000ac600000, 0x00000000ac600000, 0x00000000ac700000|  0%| F|  |TAMS 0x00000000ac600000, 0x00000000ac600000| Untracked 
| 169|0x00000000ac700000, 0x00000000ac700000, 0x00000000ac800000|  0%| F|  |TAMS 0x00000000ac700000, 0x00000000ac700000| Untracked 
| 170|0x00000000ac800000, 0x00000000ac800000, 0x00000000ac900000|  0%| F|  |TAMS 0x00000000ac800000, 0x00000000ac800000| Untracked 
| 171|0x00000000ac900000, 0x00000000ac900000, 0x00000000aca00000|  0%| F|  |TAMS 0x00000000ac900000, 0x00000000ac900000| Untracked 
| 172|0x00000000aca00000, 0x00000000aca00000, 0x00000000acb00000|  0%| F|  |TAMS 0x00000000aca00000, 0x00000000aca00000| Untracked 
| 173|0x00000000acb00000, 0x00000000acb00000, 0x00000000acc00000|  0%| F|  |TAMS 0x00000000acb00000, 0x00000000acb00000| Untracked 
| 174|0x00000000acc00000, 0x00000000acc00000, 0x00000000acd00000|  0%| F|  |TAMS 0x00000000acc00000, 0x00000000acc00000| Untracked 
| 175|0x00000000acd00000, 0x00000000acd00000, 0x00000000ace00000|  0%| F|  |TAMS 0x00000000acd00000, 0x00000000acd00000| Untracked 
| 176|0x00000000ace00000, 0x00000000ace00000, 0x00000000acf00000|  0%| F|  |TAMS 0x00000000ace00000, 0x00000000ace00000| Untracked 
| 177|0x00000000acf00000, 0x00000000acf00000, 0x00000000ad000000|  0%| F|  |TAMS 0x00000000acf00000, 0x00000000acf00000| Untracked 
| 178|0x00000000ad000000, 0x00000000ad000000, 0x00000000ad100000|  0%| F|  |TAMS 0x00000000ad000000, 0x00000000ad000000| Untracked 
| 179|0x00000000ad100000, 0x00000000ad100000, 0x00000000ad200000|  0%| F|  |TAMS 0x00000000ad100000, 0x00000000ad100000| Untracked 
| 180|0x00000000ad200000, 0x00000000ad200000, 0x00000000ad300000|  0%| F|  |TAMS 0x00000000ad200000, 0x00000000ad200000| Untracked 
| 181|0x00000000ad300000, 0x00000000ad300000, 0x00000000ad400000|  0%| F|  |TAMS 0x00000000ad300000, 0x00000000ad300000| Untracked 
| 182|0x00000000ad400000, 0x00000000ad400000, 0x00000000ad500000|  0%| F|  |TAMS 0x00000000ad400000, 0x00000000ad400000| Untracked 
| 183|0x00000000ad500000, 0x00000000ad500000, 0x00000000ad600000|  0%| F|  |TAMS 0x00000000ad500000, 0x00000000ad500000| Untracked 
| 184|0x00000000ad600000, 0x00000000ad600000, 0x00000000ad700000|  0%| F|  |TAMS 0x00000000ad600000, 0x00000000ad600000| Untracked 
| 185|0x00000000ad700000, 0x00000000ad700000, 0x00000000ad800000|  0%| F|  |TAMS 0x00000000ad700000, 0x00000000ad700000| Untracked 
| 186|0x00000000ad800000, 0x00000000ad800000, 0x00000000ad900000|  0%| F|  |TAMS 0x00000000ad800000, 0x00000000ad800000| Untracked 
| 187|0x00000000ad900000, 0x00000000ad900000, 0x00000000ada00000|  0%| F|  |TAMS 0x00000000ad900000, 0x00000000ad900000| Untracked 
| 188|0x00000000ada00000, 0x00000000ada00000, 0x00000000adb00000|  0%| F|  |TAMS 0x00000000ada00000, 0x00000000ada00000| Untracked 
| 189|0x00000000adb00000, 0x00000000adb00000, 0x00000000adc00000|  0%| F|  |TAMS 0x00000000adb00000, 0x00000000adb00000| Untracked 
| 190|0x00000000adc00000, 0x00000000adc00000, 0x00000000add00000|  0%| F|  |TAMS 0x00000000adc00000, 0x00000000adc00000| Untracked 
| 191|0x00000000add00000, 0x00000000add00000, 0x00000000ade00000|  0%| F|  |TAMS 0x00000000add00000, 0x00000000add00000| Untracked 
| 192|0x00000000ade00000, 0x00000000ade00000, 0x00000000adf00000|  0%| F|  |TAMS 0x00000000ade00000, 0x00000000ade00000| Untracked 
| 193|0x00000000adf00000, 0x00000000adf00000, 0x00000000ae000000|  0%| F|  |TAMS 0x00000000adf00000, 0x00000000adf00000| Untracked 
| 194|0x00000000ae000000, 0x00000000ae000000, 0x00000000ae100000|  0%| F|  |TAMS 0x00000000ae000000, 0x00000000ae000000| Untracked 
| 195|0x00000000ae100000, 0x00000000ae100000, 0x00000000ae200000|  0%| F|  |TAMS 0x00000000ae100000, 0x00000000ae100000| Untracked 
| 196|0x00000000ae200000, 0x00000000ae200000, 0x00000000ae300000|  0%| F|  |TAMS 0x00000000ae200000, 0x00000000ae200000| Untracked 
| 197|0x00000000ae300000, 0x00000000ae300000, 0x00000000ae400000|  0%| F|  |TAMS 0x00000000ae300000, 0x00000000ae300000| Untracked 
| 198|0x00000000ae400000, 0x00000000ae400000, 0x00000000ae500000|  0%| F|  |TAMS 0x00000000ae400000, 0x00000000ae400000| Untracked 
| 199|0x00000000ae500000, 0x00000000ae500000, 0x00000000ae600000|  0%| F|  |TAMS 0x00000000ae500000, 0x00000000ae500000| Untracked 
| 200|0x00000000ae600000, 0x00000000ae600000, 0x00000000ae700000|  0%| F|  |TAMS 0x00000000ae600000, 0x00000000ae600000| Untracked 
| 201|0x00000000ae700000, 0x00000000ae700000, 0x00000000ae800000|  0%| F|  |TAMS 0x00000000ae700000, 0x00000000ae700000| Untracked 
| 202|0x00000000ae800000, 0x00000000ae800000, 0x00000000ae900000|  0%| F|  |TAMS 0x00000000ae800000, 0x00000000ae800000| Untracked 
| 203|0x00000000ae900000, 0x00000000ae900000, 0x00000000aea00000|  0%| F|  |TAMS 0x00000000ae900000, 0x00000000ae900000| Untracked 
| 204|0x00000000aea00000, 0x00000000aea00000, 0x00000000aeb00000|  0%| F|  |TAMS 0x00000000aea00000, 0x00000000aea00000| Untracked 
| 205|0x00000000aeb00000, 0x00000000aeb00000, 0x00000000aec00000|  0%| F|  |TAMS 0x00000000aeb00000, 0x00000000aeb00000| Untracked 
| 206|0x00000000aec00000, 0x00000000aec00000, 0x00000000aed00000|  0%| F|  |TAMS 0x00000000aec00000, 0x00000000aec00000| Untracked 
| 207|0x00000000aed00000, 0x00000000aed00000, 0x00000000aee00000|  0%| F|  |TAMS 0x00000000aed00000, 0x00000000aed00000| Untracked 
| 208|0x00000000aee00000, 0x00000000aee00000, 0x00000000aef00000|  0%| F|  |TAMS 0x00000000aee00000, 0x00000000aee00000| Untracked 
| 209|0x00000000aef00000, 0x00000000aef00000, 0x00000000af000000|  0%| F|  |TAMS 0x00000000aef00000, 0x00000000aef00000| Untracked 
| 210|0x00000000af000000, 0x00000000af000000, 0x00000000af100000|  0%| F|  |TAMS 0x00000000af000000, 0x00000000af000000| Untracked 
| 211|0x00000000af100000, 0x00000000af100000, 0x00000000af200000|  0%| F|  |TAMS 0x00000000af100000, 0x00000000af100000| Untracked 
| 212|0x00000000af200000, 0x00000000af200000, 0x00000000af300000|  0%| F|  |TAMS 0x00000000af200000, 0x00000000af200000| Untracked 
| 213|0x00000000af300000, 0x00000000af300000, 0x00000000af400000|  0%| F|  |TAMS 0x00000000af300000, 0x00000000af300000| Untracked 
| 214|0x00000000af400000, 0x00000000af400000, 0x00000000af500000|  0%| F|  |TAMS 0x00000000af400000, 0x00000000af400000| Untracked 
| 215|0x00000000af500000, 0x00000000af500000, 0x00000000af600000|  0%| F|  |TAMS 0x00000000af500000, 0x00000000af500000| Untracked 
| 216|0x00000000af600000, 0x00000000af600000, 0x00000000af700000|  0%| F|  |TAMS 0x00000000af600000, 0x00000000af600000| Untracked 
| 217|0x00000000af700000, 0x00000000af700000, 0x00000000af800000|  0%| F|  |TAMS 0x00000000af700000, 0x00000000af700000| Untracked 
| 218|0x00000000af800000, 0x00000000af800000, 0x00000000af900000|  0%| F|  |TAMS 0x00000000af800000, 0x00000000af800000| Untracked 
| 219|0x00000000af900000, 0x00000000af900000, 0x00000000afa00000|  0%| F|  |TAMS 0x00000000af900000, 0x00000000af900000| Untracked 
| 220|0x00000000afa00000, 0x00000000afa00000, 0x00000000afb00000|  0%| F|  |TAMS 0x00000000afa00000, 0x00000000afa00000| Untracked 
| 221|0x00000000afb00000, 0x00000000afb00000, 0x00000000afc00000|  0%| F|  |TAMS 0x00000000afb00000, 0x00000000afb00000| Untracked 
| 222|0x00000000afc00000, 0x00000000afc00000, 0x00000000afd00000|  0%| F|  |TAMS 0x00000000afc00000, 0x00000000afc00000| Untracked 
| 223|0x00000000afd00000, 0x00000000afd00000, 0x00000000afe00000|  0%| F|  |TAMS 0x00000000afd00000, 0x00000000afd00000| Untracked 
| 224|0x00000000afe00000, 0x00000000afe00000, 0x00000000aff00000|  0%| F|  |TAMS 0x00000000afe00000, 0x00000000afe00000| Untracked 
| 225|0x00000000aff00000, 0x00000000aff00000, 0x00000000b0000000|  0%| F|  |TAMS 0x00000000aff00000, 0x00000000aff00000| Untracked 
| 226|0x00000000b0000000, 0x00000000b0000000, 0x00000000b0100000|  0%| F|  |TAMS 0x00000000b0000000, 0x00000000b0000000| Untracked 
| 227|0x00000000b0100000, 0x00000000b0100000, 0x00000000b0200000|  0%| F|  |TAMS 0x00000000b0100000, 0x00000000b0100000| Untracked 
| 228|0x00000000b0200000, 0x00000000b0200000, 0x00000000b0300000|  0%| F|  |TAMS 0x00000000b0200000, 0x00000000b0200000| Untracked 
| 229|0x00000000b0300000, 0x00000000b0300000, 0x00000000b0400000|  0%| F|  |TAMS 0x00000000b0300000, 0x00000000b0300000| Untracked 
| 230|0x00000000b0400000, 0x00000000b0400000, 0x00000000b0500000|  0%| F|  |TAMS 0x00000000b0400000, 0x00000000b0400000| Untracked 
| 231|0x00000000b0500000, 0x00000000b0500000, 0x00000000b0600000|  0%| F|  |TAMS 0x00000000b0500000, 0x00000000b0500000| Untracked 
| 232|0x00000000b0600000, 0x00000000b0600000, 0x00000000b0700000|  0%| F|  |TAMS 0x00000000b0600000, 0x00000000b0600000| Untracked 
| 233|0x00000000b0700000, 0x00000000b0700000, 0x00000000b0800000|  0%| F|  |TAMS 0x00000000b0700000, 0x00000000b0700000| Untracked 
| 234|0x00000000b0800000, 0x00000000b0800000, 0x00000000b0900000|  0%| F|  |TAMS 0x00000000b0800000, 0x00000000b0800000| Untracked 
| 235|0x00000000b0900000, 0x00000000b0900000, 0x00000000b0a00000|  0%| F|  |TAMS 0x00000000b0900000, 0x00000000b0900000| Untracked 
| 236|0x00000000b0a00000, 0x00000000b0a00000, 0x00000000b0b00000|  0%| F|  |TAMS 0x00000000b0a00000, 0x00000000b0a00000| Untracked 
| 237|0x00000000b0b00000, 0x00000000b0b00000, 0x00000000b0c00000|  0%| F|  |TAMS 0x00000000b0b00000, 0x00000000b0b00000| Untracked 
| 238|0x00000000b0c00000, 0x00000000b0c00000, 0x00000000b0d00000|  0%| F|  |TAMS 0x00000000b0c00000, 0x00000000b0c00000| Untracked 
| 239|0x00000000b0d00000, 0x00000000b0d00000, 0x00000000b0e00000|  0%| F|  |TAMS 0x00000000b0d00000, 0x00000000b0d00000| Untracked 
| 240|0x00000000b0e00000, 0x00000000b0e00000, 0x00000000b0f00000|  0%| F|  |TAMS 0x00000000b0e00000, 0x00000000b0e00000| Untracked 
| 241|0x00000000b0f00000, 0x00000000b0f00000, 0x00000000b1000000|  0%| F|  |TAMS 0x00000000b0f00000, 0x00000000b0f00000| Untracked 
| 242|0x00000000b1000000, 0x00000000b1000000, 0x00000000b1100000|  0%| F|  |TAMS 0x00000000b1000000, 0x00000000b1000000| Untracked 
| 243|0x00000000b1100000, 0x00000000b1100000, 0x00000000b1200000|  0%| F|  |TAMS 0x00000000b1100000, 0x00000000b1100000| Untracked 
| 244|0x00000000b1200000, 0x00000000b1200000, 0x00000000b1300000|  0%| F|  |TAMS 0x00000000b1200000, 0x00000000b1200000| Untracked 
| 245|0x00000000b1300000, 0x00000000b1300000, 0x00000000b1400000|  0%| F|  |TAMS 0x00000000b1300000, 0x00000000b1300000| Untracked 
| 246|0x00000000b1400000, 0x00000000b1400000, 0x00000000b1500000|  0%| F|  |TAMS 0x00000000b1400000, 0x00000000b1400000| Untracked 
| 247|0x00000000b1500000, 0x00000000b1500000, 0x00000000b1600000|  0%| F|  |TAMS 0x00000000b1500000, 0x00000000b1500000| Untracked 
| 248|0x00000000b1600000, 0x00000000b1600000, 0x00000000b1700000|  0%| F|  |TAMS 0x00000000b1600000, 0x00000000b1600000| Untracked 
| 249|0x00000000b1700000, 0x00000000b1700000, 0x00000000b1800000|  0%| F|  |TAMS 0x00000000b1700000, 0x00000000b1700000| Untracked 
| 250|0x00000000b1800000, 0x00000000b1800000, 0x00000000b1900000|  0%| F|  |TAMS 0x00000000b1800000, 0x00000000b1800000| Untracked 
| 251|0x00000000b1900000, 0x00000000b1900000, 0x00000000b1a00000|  0%| F|  |TAMS 0x00000000b1900000, 0x00000000b1900000| Untracked 

Card table byte_map: [0x0000029e3ddf0000,0x0000029e3e0f0000] _byte_map_base: 0x0000029e3d8e1000

Marking Bits (Prev, Next): (CMBitMap*) 0x0000029e35dc7730, (CMBitMap*) 0x0000029e35dc7770
 Prev Bits: [0x0000029e3e3f0000, 0x0000029e3fb78000)
 Next Bits: [0x0000029e3fb80000, 0x0000029e41308000)

Polling page: 0x0000029e35e50000

Metaspace:

Usage:
  Non-class:     29.55 MB used.
      Class:      4.41 MB used.
       Both:     33.96 MB used.

Virtual space:
  Non-class space:       32.00 MB reserved,      29.75 MB ( 93%) committed,  4 nodes.
      Class space:        1.00 GB reserved,       4.56 MB ( <1%) committed,  1 nodes.
             Both:        1.03 GB reserved,      34.31 MB (  3%) committed. 

Chunk freelists:
   Non-Class:  1.36 MB
       Class:  3.39 MB
        Both:  4.75 MB

MaxMetaspaceSize: unlimited
CompressedClassSpaceSize: 1.00 GB
Initial GC threshold: 21.00 MB
Current GC threshold: 57.19 MB
CDS: off
MetaspaceReclaimPolicy: balanced
 - commit_granule_bytes: 65536.
 - commit_granule_words: 8192.
 - virtual_space_node_default_size: 1048576.
 - enlarge_chunks_in_place: 1.
 - new_chunks_are_fully_committed: 0.
 - uncommit_free_chunks: 1.
 - use_allocation_guard: 0.
 - handle_deallocations: 1.


Internal statistics:

num_allocs_failed_limit: 5.
num_arena_births: 298.
num_arena_deaths: 0.
num_vsnodes_births: 5.
num_vsnodes_deaths: 0.
num_space_committed: 549.
num_space_uncommitted: 0.
num_chunks_returned_to_freelist: 5.
num_chunks_taken_from_freelist: 1274.
num_chunk_merges: 5.
num_chunk_splits: 876.
num_chunks_enlarged: 692.
num_purges: 0.
num_inconsistent_stats: 0.

CodeCache: size=49152Kb used=8966Kb max_used=8966Kb free=40185Kb
 bounds [0x0000029e3a210000, 0x0000029e3aae0000, 0x0000029e3d210000]
 total_blobs=4169 nmethods=3644 adapters=449
 compilation: enabled
              stopped_count=0, restarted_count=0
 full_count=0

Compilation events (20 events):
Event: 3.705 Thread 0x0000029e452b6de0 nmethod 3630 0x0000029e3aacca90 code [0x0000029e3aaccc20, 0x0000029e3aaccd68]
Event: 3.705 Thread 0x0000029e44a04da0 nmethod 3633 0x0000029e3aacce10 code [0x0000029e3aaccfa0, 0x0000029e3aacd0e8]
Event: 3.705 Thread 0x0000029e4480e4f0 nmethod 3622 0x0000029e3aacd190 code [0x0000029e3aacd3a0, 0x0000029e3aacd8c8]
Event: 3.705 Thread 0x0000029e44a047e0 nmethod 3638 0x0000029e3aacdb10 code [0x0000029e3aacdd00, 0x0000029e3aace138]
Event: 3.705 Thread 0x0000029e4480e4f0 3636       1       nonapi.io.github.classgraph.utils.ProxyingInputStream::<init> (10 bytes)
Event: 3.705 Thread 0x0000029e452b6de0 3637       1       io.github.classgraph.ClasspathElementModule$1$1::<init> (16 bytes)
Event: 3.705 Thread 0x0000029e44a047e0 3639       1       nonapi.io.github.classgraph.fileslice.reader.ClassfileReader::<init> (29 bytes)
Event: 3.713 Thread 0x0000029e4480e4f0 nmethod 3636 0x0000029e3aace410 code [0x0000029e3aace5a0, 0x0000029e3aace6b8]
Event: 3.713 Thread 0x0000029e452b6de0 nmethod 3637 0x0000029e3aace710 code [0x0000029e3aace8a0, 0x0000029e3aacea78]
Event: 3.720 Thread 0x0000029e44a047e0 nmethod 3639 0x0000029e3aaceb10 code [0x0000029e3aaceca0, 0x0000029e3aacef18]
Event: 3.724 Thread 0x0000029e44a04da0 3640  s!   1       jdk.internal.loader.URLClassPath::getLoader (196 bytes)
Event: 3.745 Thread 0x0000029e44a04da0 nmethod 3640 0x0000029e3aacef90 code [0x0000029e3aacf240, 0x0000029e3aacfc58]
Event: 3.893 Thread 0x0000029e44a04da0 3641       1       java.util.concurrent.locks.ReentrantLock$NonfairSync::tryAcquire (27 bytes)
Event: 3.894 Thread 0x0000029e44a04da0 nmethod 3641 0x0000029e3aad0910 code [0x0000029e3aad0aa0, 0x0000029e3aad0c18]
Event: 3.896 Thread 0x0000029e44a04da0 3642       1       java.util.concurrent.ConcurrentHashMap::resizeStamp (9 bytes)
Event: 3.896 Thread 0x0000029e44a04da0 nmethod 3642 0x0000029e3aad0c90 code [0x0000029e3aad0e20, 0x0000029e3aad0ee8]
Event: 3.896 Thread 0x0000029e44a047e0 3643       1       java.util.concurrent.ConcurrentHashMap::helpTransfer (123 bytes)
Event: 3.896 Thread 0x0000029e44a047e0 nmethod 3643 0x0000029e3aad0f90 code [0x0000029e3aad1140, 0x0000029e3aad13b8]
Event: 3.945 Thread 0x0000029e44a047e0 3644       1       java.util.concurrent.locks.AbstractQueuedSynchronizer::acquireInterruptibly (36 bytes)
Event: 3.945 Thread 0x0000029e44a047e0 nmethod 3644 0x0000029e3aad1510 code [0x0000029e3aad16e0, 0x0000029e3aad1938]

GC Heap History (20 events):
Event: 3.296 GC heap after
{Heap after GC invocations=14 (full 0):
 garbage-first heap   total 120832K, used 33352K [0x00000000a1e00000, 0x0000000100000000)
  region size 1024K, 3 young (3072K), 3 survivors (3072K)
 Metaspace       used 33277K, committed 33536K, reserved 1081344K
  class space    used 4233K, committed 4352K, reserved 1048576K
}
Event: 3.518 GC heap before
{Heap before GC invocations=15 (full 0):
 garbage-first heap   total 120832K, used 85576K [0x00000000a1e00000, 0x0000000100000000)
  region size 1024K, 55 young (56320K), 3 survivors (3072K)
 Metaspace       used 34274K, committed 34624K, reserved 1081344K
  class space    used 4433K, committed 4608K, reserved 1048576K
}
Event: 3.530 GC heap after
{Heap after GC invocations=16 (full 0):
 garbage-first heap   total 120832K, used 45428K [0x00000000a1e00000, 0x0000000100000000)
  region size 1024K, 7 young (7168K), 7 survivors (7168K)
 Metaspace       used 34274K, committed 34624K, reserved 1081344K
  class space    used 4433K, committed 4608K, reserved 1048576K
}
Event: 3.652 GC heap before
{Heap before GC invocations=16 (full 0):
 garbage-first heap   total 120832K, used 82292K [0x00000000a1e00000, 0x0000000100000000)
  region size 1024K, 42 young (43008K), 7 survivors (7168K)
 Metaspace       used 34663K, committed 35008K, reserved 1081344K
  class space    used 4497K, committed 4672K, reserved 1048576K
}
Event: 3.678 GC heap after
{Heap after GC invocations=17 (full 0):
 garbage-first heap   total 120832K, used 61681K [0x00000000a1e00000, 0x0000000100000000)
  region size 1024K, 6 young (6144K), 6 survivors (6144K)
 Metaspace       used 34663K, committed 35008K, reserved 1081344K
  class space    used 4497K, committed 4672K, reserved 1048576K
}
Event: 3.691 GC heap before
{Heap before GC invocations=17 (full 0):
 garbage-first heap   total 120832K, used 86257K [0x00000000a1e00000, 0x0000000100000000)
  region size 1024K, 31 young (31744K), 6 survivors (6144K)
 Metaspace       used 34671K, committed 35008K, reserved 1081344K
  class space    used 4499K, committed 4672K, reserved 1048576K
}
Event: 3.695 GC heap after
{Heap after GC invocations=18 (full 0):
 garbage-first heap   total 120832K, used 64184K [0x00000000a1e00000, 0x0000000100000000)
  region size 1024K, 2 young (2048K), 2 survivors (2048K)
 Metaspace       used 34671K, committed 35008K, reserved 1081344K
  class space    used 4499K, committed 4672K, reserved 1048576K
}
Event: 3.711 GC heap before
{Heap before GC invocations=18 (full 0):
 garbage-first heap   total 120832K, used 89784K [0x00000000a1e00000, 0x0000000100000000)
  region size 1024K, 28 young (28672K), 2 survivors (2048K)
 Metaspace       used 34694K, committed 35008K, reserved 1081344K
  class space    used 4506K, committed 4672K, reserved 1048576K
}
Event: 3.712 GC heap after
{Heap after GC invocations=19 (full 0):
 garbage-first heap   total 120832K, used 65007K [0x00000000a1e00000, 0x0000000100000000)
  region size 1024K, 3 young (3072K), 3 survivors (3072K)
 Metaspace       used 34694K, committed 35008K, reserved 1081344K
  class space    used 4506K, committed 4672K, reserved 1048576K
}
Event: 3.721 GC heap before
{Heap before GC invocations=19 (full 0):
 garbage-first heap   total 120832K, used 91631K [0x00000000a1e00000, 0x0000000100000000)
  region size 1024K, 30 young (30720K), 3 survivors (3072K)
 Metaspace       used 34702K, committed 35072K, reserved 1081344K
  class space    used 4507K, committed 4672K, reserved 1048576K
}
Event: 3.724 GC heap after
{Heap after GC invocations=20 (full 0):
 garbage-first heap   total 245760K, used 66216K [0x00000000a1e00000, 0x0000000100000000)
  region size 1024K, 3 young (3072K), 3 survivors (3072K)
 Metaspace       used 34702K, committed 35072K, reserved 1081344K
  class space    used 4507K, committed 4672K, reserved 1048576K
}
Event: 3.783 GC heap before
{Heap before GC invocations=20 (full 0):
 garbage-first heap   total 258048K, used 174760K [0x00000000a1e00000, 0x0000000100000000)
  region size 1024K, 111 young (113664K), 3 survivors (3072K)
 Metaspace       used 34775K, committed 35136K, reserved 1081344K
  class space    used 4512K, committed 4672K, reserved 1048576K
}
Event: 3.788 GC heap after
{Heap after GC invocations=21 (full 0):
 garbage-first heap   total 258048K, used 69508K [0x00000000a1e00000, 0x0000000100000000)
  region size 1024K, 7 young (7168K), 7 survivors (7168K)
 Metaspace       used 34775K, committed 35136K, reserved 1081344K
  class space    used 4512K, committed 4672K, reserved 1048576K
}
Event: 3.825 GC heap before
{Heap before GC invocations=22 (full 0):
 garbage-first heap   total 258048K, used 192388K [0x00000000a1e00000, 0x0000000100000000)
  region size 1024K, 128 young (131072K), 7 survivors (7168K)
 Metaspace       used 34775K, committed 35136K, reserved 1081344K
  class space    used 4512K, committed 4672K, reserved 1048576K
}
Event: 3.853 GC heap after
{Heap after GC invocations=23 (full 0):
 garbage-first heap   total 258048K, used 74637K [0x00000000a1e00000, 0x0000000100000000)
  region size 1024K, 12 young (12288K), 12 survivors (12288K)
 Metaspace       used 34775K, committed 35136K, reserved 1081344K
  class space    used 4512K, committed 4672K, reserved 1048576K
}
Event: 3.878 GC heap before
{Heap before GC invocations=23 (full 0):
 garbage-first heap   total 258048K, used 76685K [0x00000000a1e00000, 0x0000000100000000)
  region size 1024K, 15 young (15360K), 12 survivors (12288K)
 Metaspace       used 34775K, committed 35136K, reserved 1081344K
  class space    used 4512K, committed 4672K, reserved 1048576K
}
Event: 3.885 GC heap after
{Heap after GC invocations=24 (full 0):
 garbage-first heap   total 258048K, used 75836K [0x00000000a1e00000, 0x0000000100000000)
  region size 1024K, 2 young (2048K), 2 survivors (2048K)
 Metaspace       used 34775K, committed 35136K, reserved 1081344K
  class space    used 4512K, committed 4672K, reserved 1048576K
}
Event: 3.922 GC heap before
{Heap before GC invocations=24 (full 0):
 garbage-first heap   total 258048K, used 199740K [0x00000000a1e00000, 0x0000000100000000)
  region size 1024K, 124 young (126976K), 2 survivors (2048K)
 Metaspace       used 34775K, committed 35136K, reserved 1081344K
  class space    used 4512K, committed 4672K, reserved 1048576K
}
Event: 3.926 GC heap after
{Heap after GC invocations=25 (full 0):
 garbage-first heap   total 258048K, used 79684K [0x00000000a1e00000, 0x0000000100000000)
  region size 1024K, 6 young (6144K), 6 survivors (6144K)
 Metaspace       used 34775K, committed 35136K, reserved 1081344K
  class space    used 4512K, committed 4672K, reserved 1048576K
}
Event: 3.971 GC heap before
{Heap before GC invocations=25 (full 0):
 garbage-first heap   total 258048K, used 203588K [0x00000000a1e00000, 0x0000000100000000)
  region size 1024K, 128 young (131072K), 6 survivors (6144K)
 Metaspace       used 34775K, committed 35136K, reserved 1081344K
  class space    used 4512K, committed 4672K, reserved 1048576K
}

Deoptimization events (10 events):
Event: 1.796 Thread 0x0000029e35d79fa0 DEOPT PACKING pc=0x0000029e3a74b119 sp=0x000000a4dfafd180
Event: 1.796 Thread 0x0000029e35d79fa0 DEOPT UNPACKING pc=0x0000029e3a262b43 sp=0x000000a4dfafc660 mode 3
Event: 2.974 Thread 0x0000029e4681d020 DEOPT PACKING pc=0x0000029e3a9006ab sp=0x000000a4e16fe7e0
Event: 2.974 Thread 0x0000029e4681d020 DEOPT UNPACKING pc=0x0000029e3a262b43 sp=0x000000a4e16fdd28 mode 3
Event: 3.132 Thread 0x0000029e46980900 DEOPT PACKING pc=0x0000029e3a746097 sp=0x000000a4e1dfeeb0
Event: 3.132 Thread 0x0000029e46980900 DEOPT UNPACKING pc=0x0000029e3a262b43 sp=0x000000a4e1dfe308 mode 3
Event: 3.133 Thread 0x0000029e469b6b40 DEOPT PACKING pc=0x0000029e3a74d201 sp=0x000000a4e21fedb0
Event: 3.133 Thread 0x0000029e469b6b40 DEOPT UNPACKING pc=0x0000029e3a262b43 sp=0x000000a4e21fe248 mode 3
Event: 3.417 Thread 0x0000029e469b8350 DEOPT PACKING pc=0x0000029e3aa767b5 sp=0x000000a4e2afd6c0
Event: 3.417 Thread 0x0000029e469b8350 DEOPT UNPACKING pc=0x0000029e3a262b43 sp=0x000000a4e2afcbe8 mode 3

Classes unloaded (0 events):
No events

Classes redefined (0 events):
No events

Internal exceptions (20 events):
Event: 3.009 Thread 0x0000029e46982af0 Exception <a 'sun/nio/fs/WindowsException'{0x00000000a4279318}> (0x00000000a4279318) 
thrown [s\src\hotspot\share\prims\jni.cpp, line 516]
Event: 3.009 Thread 0x0000029e46982af0 Exception <a 'sun/nio/fs/WindowsException'{0x00000000a4279d08}> (0x00000000a4279d08) 
thrown [s\src\hotspot\share\prims\jni.cpp, line 516]
Event: 3.009 Thread 0x0000029e46982af0 Exception <a 'sun/nio/fs/WindowsException'{0x00000000a427a0b0}> (0x00000000a427a0b0) 
thrown [s\src\hotspot\share\prims\jni.cpp, line 516]
Event: 3.010 Thread 0x0000029e46982af0 Exception <a 'sun/nio/fs/WindowsException'{0x00000000a427aab0}> (0x00000000a427aab0) 
thrown [s\src\hotspot\share\prims\jni.cpp, line 516]
Event: 3.010 Thread 0x0000029e46982af0 Exception <a 'sun/nio/fs/WindowsException'{0x00000000a427ae70}> (0x00000000a427ae70) 
thrown [s\src\hotspot\share\prims\jni.cpp, line 516]
Event: 3.010 Thread 0x0000029e46982af0 Exception <a 'sun/nio/fs/WindowsException'{0x00000000a427b870}> (0x00000000a427b870) 
thrown [s\src\hotspot\share\prims\jni.cpp, line 516]
Event: 3.010 Thread 0x0000029e46982af0 Exception <a 'sun/nio/fs/WindowsException'{0x00000000a427bc20}> (0x00000000a427bc20) 
thrown [s\src\hotspot\share\prims\jni.cpp, line 516]
Event: 3.010 Thread 0x0000029e46982af0 Exception <a 'sun/nio/fs/WindowsException'{0x00000000a4154958}> (0x00000000a4154958) 
thrown [s\src\hotspot\share\prims\jni.cpp, line 516]
Event: 3.010 Thread 0x0000029e46982af0 Exception <a 'sun/nio/fs/WindowsException'{0x00000000a4154d18}> (0x00000000a4154d18) 
thrown [s\src\hotspot\share\prims\jni.cpp, line 516]
Event: 3.010 Thread 0x0000029e46982af0 Exception <a 'sun/nio/fs/WindowsException'{0x00000000a4155740}> (0x00000000a4155740) 
thrown [s\src\hotspot\share\prims\jni.cpp, line 516]
Event: 3.010 Thread 0x0000029e46982af0 Exception <a 'sun/nio/fs/WindowsException'{0x00000000a4155b20}> (0x00000000a4155b20) 
thrown [s\src\hotspot\share\prims\jni.cpp, line 516]
Event: 3.011 Thread 0x0000029e46982af0 Exception <a 'sun/nio/fs/WindowsException'{0x00000000a4156558}> (0x00000000a4156558) 
thrown [s\src\hotspot\share\prims\jni.cpp, line 516]
Event: 3.011 Thread 0x0000029e46982af0 Exception <a 'sun/nio/fs/WindowsException'{0x00000000a4156948}> (0x00000000a4156948) 
thrown [s\src\hotspot\share\prims\jni.cpp, line 516]
Event: 3.011 Thread 0x0000029e46982af0 Exception <a 'sun/nio/fs/WindowsException'{0x00000000a4157370}> (0x00000000a4157370) 
thrown [s\src\hotspot\share\prims\jni.cpp, line 516]
Event: 3.011 Thread 0x0000029e46982af0 Exception <a 'sun/nio/fs/WindowsException'{0x00000000a4157760}> (0x00000000a4157760) 
thrown [s\src\hotspot\share\prims\jni.cpp, line 516]
Event: 3.028 Thread 0x0000029e35d79fa0 Exception <a 'java/lang/NoSuchMethodError'{0x00000000a3c209e8}: 'java.lang.Object java.lang.invoke.DirectMethodHandle$Holder.newInvokeSpecial(java.lang.Object, java.lang.Object, int, java.lang.Object, java.lang.Object)'> (0x00000000a3c209e8) 
thrown [s\src\hotspot\share\interpreter\linkResolver.cpp, line 759]
Event: 3.412 Thread 0x0000029e469b8350 Exception <a 'java/lang/NoSuchMethodError'{0x00000000a6a5dc78}: 'java.lang.Object java.lang.invoke.DirectMethodHandle$Holder.invokeStatic(java.lang.Object, int, java.lang.Object)'> (0x00000000a6a5dc78) 
thrown [s\src\hotspot\share\interpreter\linkResolver.cpp, line 759]
Event: 3.542 Thread 0x0000029e469b8350 Exception <a 'java/lang/NoSuchMethodError'{0x00000000a9217318}: 'int java.lang.invoke.DirectMethodHandle$Holder.invokeStatic(java.lang.Object)'> (0x00000000a9217318) 
thrown [s\src\hotspot\share\interpreter\linkResolver.cpp, line 759]
Event: 3.543 Thread 0x0000029e469b8350 Exception <a 'java/lang/NoSuchMethodError'{0x00000000a921aa70}: 'int java.lang.invoke.DirectMethodHandle$Holder.invokeStaticInit(java.lang.Object)'> (0x00000000a921aa70) 
thrown [s\src\hotspot\share\interpreter\linkResolver.cpp, line 759]
Event: 3.584 Thread 0x0000029e469b7e80 Exception <a 'java/lang/NoSuchMethodError'{0x00000000a8de95b8}: 'int java.lang.invoke.DirectMethodHandle$Holder.invokeVirtual(java.lang.Object, java.lang.Object)'> (0x00000000a8de95b8) 
thrown [s\src\hotspot\share\interpreter\linkResolver.cpp, line 759]

VM Operations (20 events):
Event: 3.771 Executing VM operation: G1Concurrent done
Event: 3.783 Executing VM operation: G1CollectForAllocation
Event: 3.783 Executing VM operation: G1CollectForAllocation done
Event: 3.783 Executing VM operation: G1CollectForAllocation
Event: 3.788 Executing VM operation: G1CollectForAllocation done
Event: 3.801 Executing VM operation: G1Concurrent
Event: 3.802 Executing VM operation: G1Concurrent done
Event: 3.823 Executing VM operation: G1CollectForAllocation
Event: 3.825 Executing VM operation: G1CollectForAllocation done
Event: 3.825 Executing VM operation: G1CollectForAllocation
Event: 3.853 Executing VM operation: G1CollectForAllocation done
Event: 3.853 Executing VM operation: G1CollectForAllocation
Event: 3.878 Executing VM operation: G1CollectForAllocation done
Event: 3.878 Executing VM operation: G1CollectForAllocation
Event: 3.885 Executing VM operation: G1CollectForAllocation done
Event: 3.922 Executing VM operation: G1CollectForAllocation
Event: 3.922 Executing VM operation: G1CollectForAllocation done
Event: 3.922 Executing VM operation: G1CollectForAllocation
Event: 3.926 Executing VM operation: G1CollectForAllocation done
Event: 3.971 Executing VM operation: G1CollectForAllocation

Events (20 events):
Event: 3.415 loading class jdk/internal/reflect/UnsafeIntegerFieldAccessorImpl done
Event: 3.439 loading class java/util/concurrent/atomic/AtomicLongFieldUpdater
Event: 3.439 loading class java/util/concurrent/atomic/AtomicLongFieldUpdater done
Event: 3.439 loading class java/util/concurrent/atomic/AtomicLongFieldUpdater$CASUpdater
Event: 3.439 loading class java/util/concurrent/atomic/AtomicLongFieldUpdater$CASUpdater done
Event: 3.439 loading class java/util/concurrent/atomic/AtomicLongFieldUpdater$CASUpdater$1
Event: 3.439 loading class java/util/concurrent/atomic/AtomicLongFieldUpdater$CASUpdater$1 done
Event: 3.550 Thread 0x0000029e469b8820 Thread added: 0x0000029e469b8820
Event: 3.578 loading class java/util/concurrent/CompletionException
Event: 3.578 loading class java/util/concurrent/CompletionException done
Event: 3.587 loading class java/io/PrintWriter
Event: 3.588 loading class java/io/PrintWriter done
Event: 3.589 loading class sun/nio/cs/StringUTF16
Event: 3.589 loading class sun/nio/cs/StringUTF16 done
Event: 3.591 loading class java/util/WeakHashMap$EntrySet
Event: 3.591 loading class java/util/WeakHashMap$EntrySet done
Event: 3.591 loading class java/util/WeakHashMap$EntryIterator
Event: 3.591 loading class java/util/WeakHashMap$HashIterator
Event: 3.592 loading class java/util/WeakHashMap$HashIterator done
Event: 3.592 loading class java/util/WeakHashMap$EntryIterator done


Dynamic libraries:
0x00007ff6ed3a0000 - 0x00007ff6ed3ae000 	c:\Users\david\.vscode\extensions\redhat.java-1.10.0-win32-x64\jre\17.0.4-win32-x86_64\bin\java.exe
0x00007ffedda30000 - 0x00007ffeddc28000 	C:\WINDOWS\SYSTEM32\ntdll.dll
0x00007ffedbf30000 - 0x00007ffedbfed000 	C:\WINDOWS\System32\KERNEL32.DLL
0x00007ffedb4a0000 - 0x00007ffedb76e000 	C:\WINDOWS\System32\KERNELBASE.dll
0x00007ffedb770000 - 0x00007ffedb870000 	C:\WINDOWS\System32\ucrtbase.dll
0x00007ffecdbb0000 - 0x00007ffecdbc8000 	c:\Users\david\.vscode\extensions\redhat.java-1.10.0-win32-x64\jre\17.0.4-win32-x86_64\bin\jli.dll
0x00007ffedbd90000 - 0x00007ffedbf30000 	C:\WINDOWS\System32\USER32.dll
0x00007ffedb150000 - 0x00007ffedb172000 	C:\WINDOWS\System32\win32u.dll
0x00007ffedd9c0000 - 0x00007ffedd9ea000 	C:\WINDOWS\System32\GDI32.dll
0x00007ffedb240000 - 0x00007ffedb34b000 	C:\WINDOWS\System32\gdi32full.dll
0x00007ffedb350000 - 0x00007ffedb3ed000 	C:\WINDOWS\System32\msvcp_win.dll
0x00007ffec9ff0000 - 0x00007ffeca009000 	c:\Users\david\.vscode\extensions\redhat.java-1.10.0-win32-x64\jre\17.0.4-win32-x86_64\bin\VCRUNTIME140.dll
0x00007ffec4df0000 - 0x00007ffec508a000 	C:\WINDOWS\WinSxS\amd64_microsoft.windows.common-controls_6595b64144ccf1df_6.0.19041.1110_none_60b5254171f9507e\COMCTL32.dll
0x00007ffedba90000 - 0x00007ffedbb2e000 	C:\WINDOWS\System32\msvcrt.dll
0x00007ffedd710000 - 0x00007ffedd740000 	C:\WINDOWS\System32\IMM32.DLL
0x00007ffed89e0000 - 0x00007ffed89ec000 	c:\Users\david\.vscode\extensions\redhat.java-1.10.0-win32-x64\jre\17.0.4-win32-x86_64\bin\vcruntime140_1.dll
0x00007ffebeec0000 - 0x00007ffebef51000 	c:\Users\david\.vscode\extensions\redhat.java-1.10.0-win32-x64\jre\17.0.4-win32-x86_64\bin\msvcp140.dll
0x00007ffe93e10000 - 0x00007ffe94a56000 	c:\Users\david\.vscode\extensions\redhat.java-1.10.0-win32-x64\jre\17.0.4-win32-x86_64\bin\server\jvm.dll
0x00007ffedc860000 - 0x00007ffedc90e000 	C:\WINDOWS\System32\ADVAPI32.dll
0x00007ffedbb40000 - 0x00007ffedbbdc000 	C:\WINDOWS\System32\sechost.dll
0x00007ffedcda0000 - 0x00007ffedcec5000 	C:\WINDOWS\System32\RPCRT4.dll
0x00007ffedc920000 - 0x00007ffedc928000 	C:\WINDOWS\System32\PSAPI.DLL
0x00007ffed17e0000 - 0x00007ffed1807000 	C:\WINDOWS\SYSTEM32\WINMM.dll
0x00007ffec1de0000 - 0x00007ffec1de9000 	C:\WINDOWS\SYSTEM32\WSOCK32.dll
0x00007ffed1810000 - 0x00007ffed181a000 	C:\WINDOWS\SYSTEM32\VERSION.dll
0x00007ffedd870000 - 0x00007ffedd8db000 	C:\WINDOWS\System32\WS2_32.dll
0x00007ffed9050000 - 0x00007ffed9062000 	C:\WINDOWS\SYSTEM32\kernel.appcore.dll
0x00007ffec9fe0000 - 0x00007ffec9fea000 	c:\Users\david\.vscode\extensions\redhat.java-1.10.0-win32-x64\jre\17.0.4-win32-x86_64\bin\jimage.dll
0x00007ffecebf0000 - 0x00007ffecedd4000 	C:\WINDOWS\SYSTEM32\DBGHELP.DLL
0x00007ffec72b0000 - 0x00007ffec72dc000 	C:\WINDOWS\SYSTEM32\dbgcore.DLL
0x00007ffedb180000 - 0x00007ffedb202000 	C:\WINDOWS\System32\bcryptPrimitives.dll
0x00007ffec30d0000 - 0x00007ffec30f5000 	c:\Users\david\.vscode\extensions\redhat.java-1.10.0-win32-x64\jre\17.0.4-win32-x86_64\bin\java.dll
0x00007ffec9fb0000 - 0x00007ffec9fc8000 	c:\Users\david\.vscode\extensions\redhat.java-1.10.0-win32-x64\jre\17.0.4-win32-x86_64\bin\zip.dll
0x00007ffedbff0000 - 0x00007ffedc734000 	C:\WINDOWS\System32\SHELL32.dll
0x00007ffed9250000 - 0x00007ffed99e4000 	C:\WINDOWS\SYSTEM32\windows.storage.dll
0x00007ffedc990000 - 0x00007ffedcce4000 	C:\WINDOWS\System32\combase.dll
0x00007ffedaae0000 - 0x00007ffedab10000 	C:\WINDOWS\SYSTEM32\Wldp.dll
0x00007ffedcf30000 - 0x00007ffedcfdd000 	C:\WINDOWS\System32\SHCORE.dll
0x00007ffedc930000 - 0x00007ffedc985000 	C:\WINDOWS\System32\shlwapi.dll
0x00007ffedb090000 - 0x00007ffedb0af000 	C:\WINDOWS\SYSTEM32\profapi.dll
0x00007ffec6d30000 - 0x00007ffec6d49000 	C:\Users\david\.vscode\extensions\redhat.java-1.10.0-win32-x64\jre\17.0.4-win32-x86_64\bin\net.dll
0x00007ffecf690000 - 0x00007ffecf79a000 	C:\WINDOWS\SYSTEM32\WINHTTP.dll
0x00007ffeda840000 - 0x00007ffeda8aa000 	C:\WINDOWS\system32\mswsock.dll
0x00007ffec30b0000 - 0x00007ffec30c5000 	C:\Users\david\.vscode\extensions\redhat.java-1.10.0-win32-x64\jre\17.0.4-win32-x86_64\bin\nio.dll
0x00007ffec30a0000 - 0x00007ffec30b0000 	c:\Users\david\.vscode\extensions\redhat.java-1.10.0-win32-x64\jre\17.0.4-win32-x86_64\bin\verify.dll
0x00007ffec2740000 - 0x00007ffec2749000 	C:\Users\david\.vscode\extensions\redhat.java-1.10.0-win32-x64\jre\17.0.4-win32-x86_64\bin\management.dll
0x00007ffec2730000 - 0x00007ffec273b000 	C:\Users\david\.vscode\extensions\redhat.java-1.10.0-win32-x64\jre\17.0.4-win32-x86_64\bin\management_ext.dll
0x00007ffec13e0000 - 0x00007ffec13f7000 	C:\WINDOWS\system32\napinsp.dll
0x00007ffebe2d0000 - 0x00007ffebe2eb000 	C:\WINDOWS\system32\pnrpnsp.dll
0x00007ffed5c10000 - 0x00007ffed5c25000 	C:\WINDOWS\system32\wshbth.dll
0x00007ffed6b30000 - 0x00007ffed6b4d000 	C:\WINDOWS\system32\NLAapi.dll
0x00007ffeda530000 - 0x00007ffeda56b000 	C:\WINDOWS\SYSTEM32\IPHLPAPI.DLL
0x00007ffeda570000 - 0x00007ffeda63b000 	C:\WINDOWS\SYSTEM32\DNSAPI.dll
0x00007ffedbb30000 - 0x00007ffedbb38000 	C:\WINDOWS\System32\NSI.dll
0x00007ffebb440000 - 0x00007ffebb452000 	C:\WINDOWS\System32\winrnr.dll
0x00007ffeceea0000 - 0x00007ffeceeaa000 	C:\Windows\System32\rasadhlp.dll
0x00007ffeceb10000 - 0x00007ffeceb90000 	C:\WINDOWS\System32\fwpuclnt.dll
0x00007ffedb210000 - 0x00007ffedb237000 	C:\WINDOWS\System32\bcrypt.dll
0x00007ffedaa30000 - 0x00007ffedaa48000 	C:\WINDOWS\SYSTEM32\CRYPTSP.dll
0x00007ffeda1c0000 - 0x00007ffeda1f4000 	C:\WINDOWS\system32\rsaenh.dll
0x00007ffedb010000 - 0x00007ffedb03e000 	C:\WINDOWS\SYSTEM32\USERENV.dll
0x00007ffedaa50000 - 0x00007ffedaa5c000 	C:\WINDOWS\SYSTEM32\CRYPTBASE.dll
0x00007ffed2ad0000 - 0x00007ffed2ae7000 	C:\WINDOWS\SYSTEM32\dhcpcsvc6.DLL
0x00007ffed2ab0000 - 0x00007ffed2acd000 	C:\WINDOWS\SYSTEM32\dhcpcsvc.DLL

dbghelp: loaded successfully - version: 4.0.5 - missing functions: none
symbol engine: initialized successfully - sym options: 0x614 - pdb path: .;c:\Users\david\.vscode\extensions\redhat.java-1.10.0-win32-x64\jre\17.0.4-win32-x86_64\bin;C:\WINDOWS\SYSTEM32;C:\WINDOWS\WinSxS\amd64_microsoft.windows.common-controls_6595b64144ccf1df_6.0.19041.1110_none_60b5254171f9507e;c:\Users\david\.vscode\extensions\redhat.java-1.10.0-win32-x64\jre\17.0.4-win32-x86_64\bin\server

VM Arguments:
jvm_args: -Dsts.lsp.client=vscode -Dsts.log.file=/dev/null -XX:TieredStopAtLevel=1 -Dspring.config.location=file:c:\Users\david\.vscode\extensions\pivotal.vscode-spring-boot-1.38.0\language-server\BOOT-INF\classes\application.properties 
java_command: org.springframework.ide.vscode.boot.app.BootLanguageServerBootApp
java_class_path (initial): c:\Users\david\.vscode\extensions\pivotal.vscode-spring-boot-1.38.0\language-server\BOOT-INF\classes;c:\Users\david\.vscode\extensions\pivotal.vscode-spring-boot-1.38.0\language-server\BOOT-INF\lib\annotations-23.0.0.jar;c:\Users\david\.vscode\extensions\pivotal.vscode-spring-boot-1.38.0\language-server\BOOT-INF\lib\antlr-runtime-3.5.2.jar;c:\Users\david\.vscode\extensions\pivotal.vscode-spring-boot-1.38.0\language-server\BOOT-INF\lib\antlr4-4.9.3.jar;c:\Users\david\.vscode\extensions\pivotal.vscode-spring-boot-1.38.0\language-server\BOOT-INF\lib\antlr4-runtime-4.9.3.jar;c:\Users\david\.vscode\extensions\pivotal.vscode-spring-boot-1.38.0\language-server\BOOT-INF\lib\asm-9.3.jar;c:\Users\david\.vscode\extensions\pivotal.vscode-spring-boot-1.38.0\language-server\BOOT-INF\lib\asm-analysis-9.3.jar;c:\Users\david\.vscode\extensions\pivotal.vscode-spring-boot-1.38.0\language-server\BOOT-INF\lib\asm-tree-9.3.jar;c:\Users\david\.vscode\extensions\pivotal.vscode-spring-boot-1.38.0\language-server\BOOT-INF\lib\asm-util-9.3.jar;c:\Users\david\.vscode\extensions\pivotal.vscode-spring-boot-1.38.0\language-server\BOOT-INF\lib\byte-buddy-1.10.18.jar;c:\Users\david\.vscode\extensions\pivotal.vscode-spring-boot-1.38.0\language-server\BOOT-INF\lib\caffeine-2.8.6.jar;c:\Users\david\.vscode\extensions\pivotal.vscode-spring-boot-1.38.0\language-server\BOOT-INF\lib\checker-qual-3.12.0.jar;c:\Users\david\.vscode\extensions\pivotal.vscode-spring-boot-1.38.0\language-server\BOOT-INF\lib\classgraph-4.8.149.jar;c:\Users\david\.vscode\extensions\pivotal.vscode-spring-boot-1.38.0\language-server\BOOT-INF\lib\commons-codec-1.14.jar;c:\Users\david\.vscode\extensions\pivotal.vscode-spring-boot-1.38.0\language-server\BOOT-INF\lib\commons-compress-1.21.jar;c:\Users\david\.vscode\extensions\pivotal.vscode-spring-boot-1.38.0\language-server\BOOT-INF\lib\commons-exec-1.3.jar;c:\Users\david\.vscode\extensions\pivotal.vscode-spring-boot-1.38.0\language-server\BOOT-INF\lib\com
Launcher Type: SUN_STANDARD

[Global flags]
     intx CICompilerCount                          = 4                                         {product} {ergonomic}
     uint ConcGCThreads                            = 2                                         {product} {ergonomic}
     uint G1ConcRefinementThreads                  = 8                                         {product} {ergonomic}
   size_t G1HeapRegionSize                         = 1048576                                   {product} {ergonomic}
    uintx GCDrainStackTargetSize                   = 64                                        {product} {ergonomic}
   size_t InitialHeapSize                          = 100663296                                 {product} {ergonomic}
   size_t MarkStackSize                            = 4194304                                   {product} {ergonomic}
   size_t MaxHeapSize                              = 1579155456                                {product} {ergonomic}
   size_t MaxNewSize                               = 946864128                                 {product} {ergonomic}
   size_t MinHeapDeltaBytes                        = 1048576                                   {product} {ergonomic}
   size_t MinHeapSize                              = 8388608                                   {product} {ergonomic}
    uintx NonProfiledCodeHeapSize                  = 0                                      {pd product} {ergonomic}
     bool ProfileInterpreter                       = false                                  {pd product} {command line}
    uintx ProfiledCodeHeapSize                     = 0                                      {pd product} {ergonomic}
   size_t SoftMaxHeapSize                          = 1579155456                             {manageable} {ergonomic}
     intx TieredStopAtLevel                        = 1                                         {product} {command line}
     bool UseCompressedClassPointers               = true                           {product lp64_product} {ergonomic}
     bool UseCompressedOops                        = true                           {product lp64_product} {ergonomic}
     bool UseG1GC                                  = true                                      {product} {ergonomic}
     bool UseLargePagesIndividualAllocation        = false                                  {pd product} {ergonomic}

Logging:
Log output configuration:
 #0: stdout all=warning uptime,level,tags
 #1: stderr all=off uptime,level,tags

Environment Variables:
PATH=C:\Program Files (x86)\Common Files\Oracle\Java\javapath;C:\Program Files\Common Files\Oracle\Java\javapath;C:\Python310\Scripts\;C:\Python310\;C:\Program Files\Java\zulu17.30.15-ca-jdk17.0.1-win_x64\bin;C:\WINDOWS\system32;C:\WINDOWS;C:\WINDOWS\System32\Wbem;C:\WINDOWS\System32\WindowsPowerShell\v1.0\;C:\WINDOWS\System32\OpenSSH\;C:\ProgramData\UNIVALI\Portugol Studio;C:\Php 8.0;C:\ProgramData\chocolatey\bin;C:\Program Files\nodejs\;C:\Program Files\Git\cmd;C:\Program Files\Microsoft SQL Server\150\Tools\Binn\;C:\Program Files\Microsoft SQL Server\Client SDK\ODBC\170\Tools\Binn\;C:\Program Files\dotnet\;C:\Users\david\AppData\Local\Microsoft\WindowsApps;;C:\Users\david\AppData\Local\Programs\Microsoft VS Code\bin;C:\Users\david\AppData\Roaming\npm;C:\Users\david\.dotnet\tools
USERNAME=david
OS=Windows_NT
PROCESSOR_IDENTIFIER=AMD64 Family 23 Model 24 Stepping 1, AuthenticAMD
TMP=C:\Users\david\AppData\Local\Temp
TEMP=C:\Users\david\AppData\Local\Temp



---------------  S Y S T E M  ---------------

OS:
 Windows 10 , 64 bit Build 19041 (10.0.19041.1806)
OS uptime: 0 days 12:41 hours

CPU: total 8 (initial active 8) (8 cores per cpu, 2 threads per core) family 23 model 24 stepping 1 microcode 0x0, cx8, cmov, fxsr, ht, mmx, 3dnowpref, sse, sse2, sse3, ssse3, sse4a, sse4.1, sse4.2, popcnt, lzcnt, tsc, tscinvbit, avx, avx2, aes, clmul, bmi1, bmi2, adx, sha, fma, vzeroupper, clflush, clflushopt

Memory: 4k page, system-wide physical 6019M (305M free)
TotalPageFile size 14211M (AvailPageFile size 201M)
current process WorkingSet (physical memory assigned to process): 314M, peak: 350M
current process commit charge ("private bytes"): 395M, peak: 832M

vm_info: OpenJDK 64-Bit Server VM (17.0.4+8) for windows-amd64 JRE (17.0.4+8), built on Jul 19 2022 16:05:16 by "temurin" with MS VC++ 16.7 (VS2019)

END.
