#
# There is insufficient memory for the Java Runtime Environment to continue.
# Native memory allocation (mmap) failed to map 492830720 bytes for G1 virtual space
# Possible reasons:
#   The system is out of physical RAM or swap space
#   The process is running with CompressedOops enabled, and the Java Heap may be blocking the growth of the native heap
# Possible solutions:
#   Reduce memory load on the system
#   Increase physical memory or swap space
#   Check if swap backing store is full
#   Decrease Java heap size (-Xmx/-Xms)
#   Decrease number of Java threads
#   Decrease Java thread stack sizes (-Xss)
#   Set larger code cache with -XX:ReservedCodeCacheSize=
#   JVM is running with Unscaled Compressed Oops mode in which the Java heap is
#     placed in the first 4GB address space. The Java Heap base address is the
#     maximum limit for the native heap growth. Please use -XX:HeapBaseMinAddress
#     to set the Java Heap base and to place the Java Heap above 4GB virtual address.
# This output file may be truncated or incomplete.
#
#  Out of Memory Error (os_windows.cpp:3541), pid=3964, tid=17000
#
# JRE version: OpenJDK Runtime Environment Temurin-17.0.4+8 (17.0.4+8) (build 17.0.4+8)
# Java VM: OpenJDK 64-Bit Server VM Temurin-17.0.4+8 (17.0.4+8, mixed mode, emulated-client, tiered, compressed oops, compressed class ptrs, g1 gc, windows-amd64)
# No core dump will be written. Minidumps are not enabled by default on client versions of Windows
#

---------------  S U M M A R Y ------------

Command Line: -Dsts.lsp.client=vscode -Dsts.log.file=/dev/null -XX:TieredStopAtLevel=1 -Dspring.config.location=file:c:\Users\david\.vscode\extensions\pivotal.vscode-spring-boot-1.38.0\language-server\BOOT-INF\classes\application.properties org.springframework.ide.vscode.boot.app.BootLanguageServerBootApp

Host: AMD Ryzen 5 3500U with Radeon Vega Mobile Gfx  , 8 cores, 5G,  Windows 10 , 64 bit Build 19041 (10.0.19041.1806)
Time: Tue Sep  6 10:06:30 2022 Hora oficial do Brasil elapsed time: 4.672606 seconds (0d 0h 0m 4s)

---------------  T H R E A D  ---------------

Current thread (0x0000016160f19de0):  VMThread "VM Thread" [stack: 0x00000027a2700000,0x00000027a2800000] [id=17000]

Stack: [0x00000027a2700000,0x00000027a2800000]
Native frames: (J=compiled Java code, j=interpreted, Vv=VM code, C=native code)
V  [jvm.dll+0x67733a]
V  [jvm.dll+0x8323c4]
V  [jvm.dll+0x833b6e]
V  [jvm.dll+0x8341d3]
V  [jvm.dll+0x2455e5]
V  [jvm.dll+0x674229]
V  [jvm.dll+0x668ab2]
V  [jvm.dll+0x30458b]
V  [jvm.dll+0x30bad6]
V  [jvm.dll+0x35ba7e]
V  [jvm.dll+0x35bcaf]
V  [jvm.dll+0x2db428]
V  [jvm.dll+0x2d96dc]
V  [jvm.dll+0x2d8cac]
V  [jvm.dll+0x31cc0b]
V  [jvm.dll+0x83867b]
V  [jvm.dll+0x8393b4]
V  [jvm.dll+0x8398cc]
V  [jvm.dll+0x839ca4]
V  [jvm.dll+0x839d70]
V  [jvm.dll+0x7e245a]
V  [jvm.dll+0x6761c5]
C  [ucrtbase.dll+0x21bb2]
C  [KERNEL32.DLL+0x17034]
C  [ntdll.dll+0x52651]

VM_Operation (0x00000027a4afde80): G1CollectForAllocation, mode: safepoint, requested by thread 0x000001616395b070


---------------  P R O C E S S  ---------------

Threads class SMR info:
_java_thread_list=0x000001616352fe90, length=34, elements={
0x0000016160f32760, 0x0000016160f337e0, 0x0000016160f49420, 0x0000016160f49f40,
0x0000016160f698d0, 0x0000016160f6a280, 0x0000016160f6b480, 0x0000016160f70280,
0x0000016161b13010, 0x0000016161b20d30, 0x0000016161b68c50, 0x0000016162388e70,
0x000001616358a060, 0x0000016163764a60, 0x0000016163764590, 0x0000016163763720,
0x0000016163764f30, 0x0000016163763bf0, 0x00000161637640c0, 0x0000016163958520,
0x000001616395d6f0, 0x0000016163959860, 0x000001616395c880, 0x00000161639571e0,
0x000001616395b070, 0x0000016163956d10, 0x0000016163956370, 0x0000016163959390,
0x00000161639589f0, 0x000001616395a200, 0x0000016163958050, 0x000001616395dbc0,
0x0000016163958ec0, 0x000001616395c3b0
}

Java Threads: ( => current thread )
  0x0000016160f32760 JavaThread "Reference Handler" daemon [_thread_blocked, id=12852, stack(0x00000027a2800000,0x00000027a2900000)]
  0x0000016160f337e0 JavaThread "Finalizer" daemon [_thread_blocked, id=14528, stack(0x00000027a2900000,0x00000027a2a00000)]
  0x0000016160f49420 JavaThread "Signal Dispatcher" daemon [_thread_blocked, id=7704, stack(0x00000027a2a00000,0x00000027a2b00000)]
  0x0000016160f49f40 JavaThread "Attach Listener" daemon [_thread_blocked, id=3024, stack(0x00000027a2b00000,0x00000027a2c00000)]
  0x0000016160f698d0 JavaThread "Service Thread" daemon [_thread_blocked, id=7184, stack(0x00000027a2c00000,0x00000027a2d00000)]
  0x0000016160f6a280 JavaThread "Monitor Deflation Thread" daemon [_thread_blocked, id=8960, stack(0x00000027a2d00000,0x00000027a2e00000)]
  0x0000016160f6b480 JavaThread "C1 CompilerThread0" daemon [_thread_blocked, id=18340, stack(0x00000027a2e00000,0x00000027a2f00000)]
  0x0000016160f70280 JavaThread "Sweeper thread" daemon [_thread_blocked, id=9800, stack(0x00000027a2f00000,0x00000027a3000000)]
  0x0000016161b13010 JavaThread "Notification Thread" daemon [_thread_blocked, id=5092, stack(0x00000027a3000000,0x00000027a3100000)]
  0x0000016161b20d30 JavaThread "Common-Cleaner" daemon [_thread_blocked, id=11448, stack(0x00000027a3200000,0x00000027a3300000)]
  0x0000016161b68c50 JavaThread "C1 CompilerThread1" daemon [_thread_blocked, id=6764, stack(0x00000027a3300000,0x00000027a3400000)]
  0x0000016162388e70 JavaThread "C1 CompilerThread2" daemon [_thread_blocked, id=14276, stack(0x00000027a3400000,0x00000027a3500000)]
  0x000001616358a060 JavaThread "C1 CompilerThread3" daemon [_thread_blocked, id=17192, stack(0x00000027a3c00000,0x00000027a3d00000)]
  0x0000016163764a60 JavaThread "ForkJoinPool.commonPool-worker-1" daemon [_thread_blocked, id=16900, stack(0x00000027a3f00000,0x00000027a4000000)]
  0x0000016163764590 JavaThread "ClassGraph-worker-0" daemon [_thread_blocked, id=11112, stack(0x00000027a4000000,0x00000027a4100000)]
  0x0000016163763720 JavaThread "ClassGraph-worker-1" daemon [_thread_blocked, id=15796, stack(0x00000027a4100000,0x00000027a4200000)]
  0x0000016163764f30 JavaThread "ClassGraph-worker-2" daemon [_thread_blocked, id=10572, stack(0x00000027a4200000,0x00000027a4300000)]
  0x0000016163763bf0 JavaThread "ClassGraph-worker-3" daemon [_thread_blocked, id=16012, stack(0x00000027a4300000,0x00000027a4400000)]
  0x00000161637640c0 JavaThread "ClassGraph-worker-4" daemon [_thread_blocked, id=1304, stack(0x00000027a4400000,0x00000027a4500000)]
  0x0000016163958520 JavaThread "ClassGraph-worker-5" daemon [_thread_blocked, id=13808, stack(0x00000027a4500000,0x00000027a4600000)]
  0x000001616395d6f0 JavaThread "ClassGraph-worker-6" daemon [_thread_blocked, id=7596, stack(0x00000027a4600000,0x00000027a4700000)]
  0x0000016163959860 JavaThread "ClassGraph-worker-7" daemon [_thread_blocked, id=14516, stack(0x00000027a4700000,0x00000027a4800000)]
  0x000001616395c880 JavaThread "ClassGraph-worker-8" daemon [_thread_blocked, id=17304, stack(0x00000027a4800000,0x00000027a4900000)]
  0x00000161639571e0 JavaThread "ClassGraph-worker-9" daemon [_thread_blocked, id=14368, stack(0x00000027a4900000,0x00000027a4a00000)]
  0x000001616395b070 JavaThread "ClassGraph-worker-10" daemon [_thread_blocked, id=9376, stack(0x00000027a4a00000,0x00000027a4b00000)]
  0x0000016163956d10 JavaThread "ClassGraph-worker-11" daemon [_thread_blocked, id=16672, stack(0x00000027a4b00000,0x00000027a4c00000)]
  0x0000016163956370 JavaThread "ClassGraph-worker-12" daemon [_thread_blocked, id=1224, stack(0x00000027a4c00000,0x00000027a4d00000)]
  0x0000016163959390 JavaThread "ClassGraph-worker-13" daemon [_thread_blocked, id=20168, stack(0x00000027a4d00000,0x00000027a4e00000)]
  0x00000161639589f0 JavaThread "pool-7-thread-1" [_thread_blocked, id=2892, stack(0x00000027a4e00000,0x00000027a4f00000)]
  0x000001616395a200 JavaThread "LanguageServerApp-lifecycle" [_thread_blocked, id=19196, stack(0x00000027a4f00000,0x00000027a5000000)]
  0x0000016163958050 JavaThread "DestroyJavaVM" [_thread_blocked, id=12284, stack(0x00000027a2100000,0x00000027a2200000)]
  0x000001616395dbc0 JavaThread "pool-8-thread-1" [_thread_in_native, id=16092, stack(0x00000027a5000000,0x00000027a5100000)]
  0x0000016163958ec0 JavaThread "Simple-Language-Server main thread" daemon [_thread_blocked, id=17628, stack(0x00000027a5100000,0x00000027a5200000)]
  0x000001616395c3b0 JavaThread "parallel-1" daemon [_thread_blocked, id=17800, stack(0x00000027a5200000,0x00000027a5300000)]

Other Threads:
=>0x0000016160f19de0 VMThread "VM Thread" [stack: 0x00000027a2700000,0x00000027a2800000] [id=17000]
  0x0000016161b134e0 WatcherThread [stack: 0x00000027a3100000,0x00000027a3200000] [id=2940]
  0x0000016152f54b10 GCTaskThread "GC Thread#0" [stack: 0x00000027a2200000,0x00000027a2300000] [id=9036]
  0x0000016162455030 GCTaskThread "GC Thread#1" [stack: 0x00000027a3500000,0x00000027a3600000] [id=15988]
  0x00000161624b8790 GCTaskThread "GC Thread#2" [stack: 0x00000027a3600000,0x00000027a3700000] [id=19816]
  0x00000161624b8a40 GCTaskThread "GC Thread#3" [stack: 0x00000027a3700000,0x00000027a3800000] [id=12252]
  0x00000161624b8cf0 GCTaskThread "GC Thread#4" [stack: 0x00000027a3800000,0x00000027a3900000] [id=11312]
  0x00000161624b8fa0 GCTaskThread "GC Thread#5" [stack: 0x00000027a3900000,0x00000027a3a00000] [id=16316]
  0x00000161624b9250 GCTaskThread "GC Thread#6" [stack: 0x00000027a3a00000,0x00000027a3b00000] [id=9504]
  0x000001616324dc70 GCTaskThread "GC Thread#7" [stack: 0x00000027a3d00000,0x00000027a3e00000] [id=11996]
  0x0000016152f61690 ConcurrentGCThread "G1 Main Marker" [stack: 0x00000027a2300000,0x00000027a2400000] [id=7516]
  0x0000016152f620a0 ConcurrentGCThread "G1 Conc#0" [stack: 0x00000027a2400000,0x00000027a2500000] [id=18784]
  0x00000161633b9cc0 ConcurrentGCThread "G1 Conc#1" [stack: 0x00000027a3e00000,0x00000027a3f00000] [id=20148]
  0x0000016152fd38d0 ConcurrentGCThread "G1 Refine#0" [stack: 0x00000027a2500000,0x00000027a2600000] [id=8096]
  0x0000016161cab8d0 ConcurrentGCThread "G1 Refine#1" [stack: 0x00000027a3b00000,0x00000027a3c00000] [id=16992]
  0x0000016152fd42f0 ConcurrentGCThread "G1 Service" [stack: 0x00000027a2600000,0x00000027a2700000] [id=10304]

Threads with active compile tasks:

VM state: at safepoint (normal execution)

VM Mutex/Monitor currently owned by a thread:  ([mutex/lock_event])
[0x0000016152c96f80] Threads_lock - owner thread: 0x0000016160f19de0
[0x0000016152f03820] Heap_lock - owner thread: 0x000001616395b070

Heap address: 0x00000000a1e00000, size: 1506 MB, Compressed Oops mode: 32-bit

CDS archive(s) not mapped
Compressed class space mapped at: 0x0000000100000000-0x0000000140000000, reserved size: 1073741824
Narrow klass base: 0x0000000000000000, Narrow klass shift: 3, Narrow klass range: 0x140000000

GC Precious Log:
 CPUs: 8 total, 8 available
 Memory: 6019M
 Large Page Support: Disabled
 NUMA Support: Disabled
 Compressed Oops: Enabled (32-bit)
 Heap Region Size: 1M
 Heap Min Capacity: 8M
 Heap Initial Capacity: 96M
 Heap Max Capacity: 1506M
 Pre-touch: Disabled
 Parallel Workers: 8
 Concurrent Workers: 2
 Concurrent Refinement Workers: 8
 Periodic GC: Disabled

Heap:
 garbage-first heap   total 240640K, used 80448K [0x00000000a1e00000, 0x0000000100000000)
  region size 1024K, 10 young (10240K), 10 survivors (10240K)
 Metaspace       used 34774K, committed 35136K, reserved 1081344K
  class space    used 4513K, committed 4672K, reserved 1048576K

Heap Regions: E=young(eden), S=young(survivor), O=old, HS=humongous(starts), HC=humongous(continues), CS=collection set, F=free, OA=open archive, CA=closed archive, TAMS=top-at-mark-start (previous, next)
|   0|0x00000000a1e00000, 0x00000000a1f00000, 0x00000000a1f00000|100%| O|  |TAMS 0x00000000a1f00000, 0x00000000a1e00000| Untracked 
|   1|0x00000000a1f00000, 0x00000000a2000000, 0x00000000a2000000|100%| O|  |TAMS 0x00000000a2000000, 0x00000000a1f00000| Untracked 
|   2|0x00000000a2000000, 0x00000000a2100000, 0x00000000a2100000|100%| O|  |TAMS 0x00000000a2100000, 0x00000000a2000000| Untracked 
|   3|0x00000000a2100000, 0x00000000a2200000, 0x00000000a2200000|100%| O|  |TAMS 0x00000000a2200000, 0x00000000a2100000| Untracked 
|   4|0x00000000a2200000, 0x00000000a2300000, 0x00000000a2300000|100%| O|  |TAMS 0x00000000a2300000, 0x00000000a2200000| Untracked 
|   5|0x00000000a2300000, 0x00000000a2400000, 0x00000000a2400000|100%| O|  |TAMS 0x00000000a2400000, 0x00000000a2300000| Untracked 
|   6|0x00000000a2400000, 0x00000000a2500000, 0x00000000a2500000|100%| O|  |TAMS 0x00000000a2500000, 0x00000000a2400000| Untracked 
|   7|0x00000000a2500000, 0x00000000a2600000, 0x00000000a2600000|100%| O|  |TAMS 0x00000000a2500000, 0x00000000a2500000| Untracked 
|   8|0x00000000a2600000, 0x00000000a2700000, 0x00000000a2700000|100%| O|  |TAMS 0x00000000a2700000, 0x00000000a2600000| Untracked 
|   9|0x00000000a2700000, 0x00000000a2800000, 0x00000000a2800000|100%| O|  |TAMS 0x00000000a2800000, 0x00000000a2700000| Untracked 
|  10|0x00000000a2800000, 0x00000000a2900000, 0x00000000a2900000|100%| O|  |TAMS 0x00000000a2900000, 0x00000000a2800000| Untracked 
|  11|0x00000000a2900000, 0x00000000a2a00000, 0x00000000a2a00000|100%| O|  |TAMS 0x00000000a2a00000, 0x00000000a2900000| Untracked 
|  12|0x00000000a2a00000, 0x00000000a2b00000, 0x00000000a2b00000|100%| O|  |TAMS 0x00000000a2b00000, 0x00000000a2a00000| Untracked 
|  13|0x00000000a2b00000, 0x00000000a2c00000, 0x00000000a2c00000|100%| O|  |TAMS 0x00000000a2c00000, 0x00000000a2b00000| Untracked 
|  14|0x00000000a2c00000, 0x00000000a2d00000, 0x00000000a2d00000|100%| O|  |TAMS 0x00000000a2d00000, 0x00000000a2c00000| Untracked 
|  15|0x00000000a2d00000, 0x00000000a2e00000, 0x00000000a2e00000|100%| O|  |TAMS 0x00000000a2e00000, 0x00000000a2d00000| Untracked 
|  16|0x00000000a2e00000, 0x00000000a2f00000, 0x00000000a2f00000|100%| O|  |TAMS 0x00000000a2f00000, 0x00000000a2e00000| Untracked 
|  17|0x00000000a2f00000, 0x00000000a3000000, 0x00000000a3000000|100%| O|  |TAMS 0x00000000a3000000, 0x00000000a2f00000| Untracked 
|  18|0x00000000a3000000, 0x00000000a3100000, 0x00000000a3100000|100%| O|  |TAMS 0x00000000a3100000, 0x00000000a3000000| Untracked 
|  19|0x00000000a3100000, 0x00000000a3200000, 0x00000000a3200000|100%| O|  |TAMS 0x00000000a3200000, 0x00000000a3100000| Untracked 
|  20|0x00000000a3200000, 0x00000000a3300000, 0x00000000a3300000|100%| O|  |TAMS 0x00000000a3300000, 0x00000000a3200000| Untracked 
|  21|0x00000000a3300000, 0x00000000a3400000, 0x00000000a3400000|100%| O|  |TAMS 0x00000000a3400000, 0x00000000a3300000| Untracked 
|  22|0x00000000a3400000, 0x00000000a3500000, 0x00000000a3500000|100%| O|  |TAMS 0x00000000a3500000, 0x00000000a3400000| Untracked 
|  23|0x00000000a3500000, 0x00000000a3600000, 0x00000000a3600000|100%| O|  |TAMS 0x00000000a3600000, 0x00000000a3500000| Untracked 
|  24|0x00000000a3600000, 0x00000000a3700000, 0x00000000a3700000|100%| O|  |TAMS 0x00000000a3700000, 0x00000000a3600000| Untracked 
|  25|0x00000000a3700000, 0x00000000a3800000, 0x00000000a3800000|100%| O|  |TAMS 0x00000000a3800000, 0x00000000a3700000| Untracked 
|  26|0x00000000a3800000, 0x00000000a3900000, 0x00000000a3900000|100%| O|  |TAMS 0x00000000a3900000, 0x00000000a3800000| Untracked 
|  27|0x00000000a3900000, 0x00000000a3a00000, 0x00000000a3a00000|100%| O|  |TAMS 0x00000000a3a00000, 0x00000000a3900000| Untracked 
|  28|0x00000000a3a00000, 0x00000000a3b00000, 0x00000000a3b00000|100%| O|  |TAMS 0x00000000a3b00000, 0x00000000a3a00000| Untracked 
|  29|0x00000000a3b00000, 0x00000000a3c00000, 0x00000000a3c00000|100%| O|  |TAMS 0x00000000a3c00000, 0x00000000a3b00000| Untracked 
|  30|0x00000000a3c00000, 0x00000000a3d00000, 0x00000000a3d00000|100%| O|  |TAMS 0x00000000a3d00000, 0x00000000a3c00000| Untracked 
|  31|0x00000000a3d00000, 0x00000000a3e00000, 0x00000000a3e00000|100%| O|  |TAMS 0x00000000a3e00000, 0x00000000a3d00000| Untracked 
|  32|0x00000000a3e00000, 0x00000000a3f00000, 0x00000000a3f00000|100%| O|  |TAMS 0x00000000a3f00000, 0x00000000a3e00000| Untracked 
|  33|0x00000000a3f00000, 0x00000000a4000000, 0x00000000a4000000|100%| O|  |TAMS 0x00000000a4000000, 0x00000000a3f00000| Untracked 
|  34|0x00000000a4000000, 0x00000000a4100000, 0x00000000a4100000|100%| O|  |TAMS 0x00000000a4100000, 0x00000000a4000000| Untracked 
|  35|0x00000000a4100000, 0x00000000a4200000, 0x00000000a4200000|100%| O|  |TAMS 0x00000000a4200000, 0x00000000a4100000| Untracked 
|  36|0x00000000a4200000, 0x00000000a4300000, 0x00000000a4300000|100%| O|  |TAMS 0x00000000a4300000, 0x00000000a4200000| Untracked 
|  37|0x00000000a4300000, 0x00000000a4400000, 0x00000000a4400000|100%| O|  |TAMS 0x00000000a4400000, 0x00000000a4300000| Untracked 
|  38|0x00000000a4400000, 0x00000000a4500000, 0x00000000a4500000|100%| O|  |TAMS 0x00000000a4500000, 0x00000000a4400000| Untracked 
|  39|0x00000000a4500000, 0x00000000a4600000, 0x00000000a4600000|100%| O|  |TAMS 0x00000000a4600000, 0x00000000a4500000| Untracked 
|  40|0x00000000a4600000, 0x00000000a4700000, 0x00000000a4700000|100%| O|  |TAMS 0x00000000a4700000, 0x00000000a4600000| Untracked 
|  41|0x00000000a4700000, 0x00000000a4800000, 0x00000000a4800000|100%| O|  |TAMS 0x00000000a4800000, 0x00000000a4700000| Untracked 
|  42|0x00000000a4800000, 0x00000000a4900000, 0x00000000a4900000|100%| O|  |TAMS 0x00000000a4800000, 0x00000000a4800000| Untracked 
|  43|0x00000000a4900000, 0x00000000a4a00000, 0x00000000a4a00000|100%| O|  |TAMS 0x00000000a4a00000, 0x00000000a4900000| Untracked 
|  44|0x00000000a4a00000, 0x00000000a4b00000, 0x00000000a4b00000|100%| O|  |TAMS 0x00000000a4b00000, 0x00000000a4a00000| Untracked 
|  45|0x00000000a4b00000, 0x00000000a4c00000, 0x00000000a4c00000|100%| O|  |TAMS 0x00000000a4c00000, 0x00000000a4b00000| Untracked 
|  46|0x00000000a4c00000, 0x00000000a4d00000, 0x00000000a4d00000|100%| O|  |TAMS 0x00000000a4d00000, 0x00000000a4c00000| Untracked 
|  47|0x00000000a4d00000, 0x00000000a4e00000, 0x00000000a4e00000|100%| O|  |TAMS 0x00000000a4e00000, 0x00000000a4d00000| Untracked 
|  48|0x00000000a4e00000, 0x00000000a4f00000, 0x00000000a4f00000|100%| O|  |TAMS 0x00000000a4f00000, 0x00000000a4e00000| Untracked 
|  49|0x00000000a4f00000, 0x00000000a5000000, 0x00000000a5000000|100%| O|  |TAMS 0x00000000a5000000, 0x00000000a4f00000| Untracked 
|  50|0x00000000a5000000, 0x00000000a5100000, 0x00000000a5100000|100%| O|  |TAMS 0x00000000a5100000, 0x00000000a5000000| Untracked 
|  51|0x00000000a5100000, 0x00000000a5200000, 0x00000000a5200000|100%| O|  |TAMS 0x00000000a5200000, 0x00000000a5100000| Untracked 
|  52|0x00000000a5200000, 0x00000000a5300000, 0x00000000a5300000|100%| O|  |TAMS 0x00000000a5292400, 0x00000000a5200000| Untracked 
|  53|0x00000000a5300000, 0x00000000a5400000, 0x00000000a5400000|100%| O|  |TAMS 0x00000000a5300000, 0x00000000a5300000| Untracked 
|  54|0x00000000a5400000, 0x00000000a5500000, 0x00000000a5500000|100%| O|  |TAMS 0x00000000a5400000, 0x00000000a5400000| Untracked 
|  55|0x00000000a5500000, 0x00000000a5600000, 0x00000000a5600000|100%| O|  |TAMS 0x00000000a5500000, 0x00000000a5500000| Untracked 
|  56|0x00000000a5600000, 0x00000000a5700000, 0x00000000a5700000|100%| O|  |TAMS 0x00000000a5600000, 0x00000000a5600000| Untracked 
|  57|0x00000000a5700000, 0x00000000a5800000, 0x00000000a5800000|100%| O|  |TAMS 0x00000000a5700000, 0x00000000a5700000| Untracked 
|  58|0x00000000a5800000, 0x00000000a5900000, 0x00000000a5900000|100%|HS|  |TAMS 0x00000000a5800000, 0x00000000a5800000| Complete 
|  59|0x00000000a5900000, 0x00000000a5a00000, 0x00000000a5a00000|100%| O|  |TAMS 0x00000000a5900000, 0x00000000a5900000| Untracked 
|  60|0x00000000a5a00000, 0x00000000a5b00000, 0x00000000a5b00000|100%| O|  |TAMS 0x00000000a5a00000, 0x00000000a5a00000| Untracked 
|  61|0x00000000a5b00000, 0x00000000a5c00000, 0x00000000a5c00000|100%| O|  |TAMS 0x00000000a5b00000, 0x00000000a5b00000| Untracked 
|  62|0x00000000a5c00000, 0x00000000a5d00000, 0x00000000a5d00000|100%| O|  |TAMS 0x00000000a5c00000, 0x00000000a5c00000| Untracked 
|  63|0x00000000a5d00000, 0x00000000a5e00000, 0x00000000a5e00000|100%| O|  |TAMS 0x00000000a5d00000, 0x00000000a5d00000| Untracked 
|  64|0x00000000a5e00000, 0x00000000a5f00000, 0x00000000a5f00000|100%| O|  |TAMS 0x00000000a5e00000, 0x00000000a5e00000| Untracked 
|  65|0x00000000a5f00000, 0x00000000a6000000, 0x00000000a6000000|100%| O|  |TAMS 0x00000000a5f00000, 0x00000000a5f00000| Untracked 
|  66|0x00000000a6000000, 0x00000000a6100000, 0x00000000a6100000|100%| O|  |TAMS 0x00000000a6000000, 0x00000000a6000000| Untracked 
|  67|0x00000000a6100000, 0x00000000a6200000, 0x00000000a6200000|100%| O|  |TAMS 0x00000000a6100000, 0x00000000a6100000| Untracked 
|  68|0x00000000a6200000, 0x00000000a6300000, 0x00000000a6300000|100%| O|  |TAMS 0x00000000a6200000, 0x00000000a6200000| Untracked 
|  69|0x00000000a6300000, 0x00000000a6338600, 0x00000000a6400000| 22%| O|  |TAMS 0x00000000a6300000, 0x00000000a6300000| Untracked 
|  70|0x00000000a6400000, 0x00000000a6400000, 0x00000000a6500000|  0%| F|  |TAMS 0x00000000a6400000, 0x00000000a6400000| Untracked 
|  71|0x00000000a6500000, 0x00000000a6500000, 0x00000000a6600000|  0%| F|  |TAMS 0x00000000a6500000, 0x00000000a6500000| Untracked 
|  72|0x00000000a6600000, 0x00000000a6600000, 0x00000000a6700000|  0%| F|  |TAMS 0x00000000a6600000, 0x00000000a6600000| Untracked 
|  73|0x00000000a6700000, 0x00000000a6700000, 0x00000000a6800000|  0%| F|  |TAMS 0x00000000a6700000, 0x00000000a6700000| Untracked 
|  74|0x00000000a6800000, 0x00000000a6800000, 0x00000000a6900000|  0%| F|  |TAMS 0x00000000a6800000, 0x00000000a6800000| Untracked 
|  75|0x00000000a6900000, 0x00000000a6900000, 0x00000000a6a00000|  0%| F|  |TAMS 0x00000000a6900000, 0x00000000a6900000| Untracked 
|  76|0x00000000a6a00000, 0x00000000a6a00000, 0x00000000a6b00000|  0%| F|  |TAMS 0x00000000a6a00000, 0x00000000a6a00000| Untracked 
|  77|0x00000000a6b00000, 0x00000000a6b00000, 0x00000000a6c00000|  0%| F|  |TAMS 0x00000000a6b00000, 0x00000000a6b00000| Untracked 
|  78|0x00000000a6c00000, 0x00000000a6c00000, 0x00000000a6d00000|  0%| F|  |TAMS 0x00000000a6c00000, 0x00000000a6c00000| Untracked 
|  79|0x00000000a6d00000, 0x00000000a6d00000, 0x00000000a6e00000|  0%| F|  |TAMS 0x00000000a6d00000, 0x00000000a6d00000| Untracked 
|  80|0x00000000a6e00000, 0x00000000a6e00000, 0x00000000a6f00000|  0%| F|  |TAMS 0x00000000a6e00000, 0x00000000a6e00000| Untracked 
|  81|0x00000000a6f00000, 0x00000000a6f00000, 0x00000000a7000000|  0%| F|  |TAMS 0x00000000a6f00000, 0x00000000a6f00000| Untracked 
|  82|0x00000000a7000000, 0x00000000a7000000, 0x00000000a7100000|  0%| F|  |TAMS 0x00000000a7000000, 0x00000000a7000000| Untracked 
|  83|0x00000000a7100000, 0x00000000a7100000, 0x00000000a7200000|  0%| F|  |TAMS 0x00000000a7100000, 0x00000000a7100000| Untracked 
|  84|0x00000000a7200000, 0x00000000a7200000, 0x00000000a7300000|  0%| F|  |TAMS 0x00000000a7200000, 0x00000000a7200000| Untracked 
|  85|0x00000000a7300000, 0x00000000a7300000, 0x00000000a7400000|  0%| F|  |TAMS 0x00000000a7300000, 0x00000000a7300000| Untracked 
|  86|0x00000000a7400000, 0x00000000a7400000, 0x00000000a7500000|  0%| F|  |TAMS 0x00000000a7400000, 0x00000000a7400000| Untracked 
|  87|0x00000000a7500000, 0x00000000a7500000, 0x00000000a7600000|  0%| F|  |TAMS 0x00000000a7500000, 0x00000000a7500000| Untracked 
|  88|0x00000000a7600000, 0x00000000a7600000, 0x00000000a7700000|  0%| F|  |TAMS 0x00000000a7600000, 0x00000000a7600000| Untracked 
|  89|0x00000000a7700000, 0x00000000a7700000, 0x00000000a7800000|  0%| F|  |TAMS 0x00000000a7700000, 0x00000000a7700000| Untracked 
|  90|0x00000000a7800000, 0x00000000a7800000, 0x00000000a7900000|  0%| F|  |TAMS 0x00000000a7800000, 0x00000000a7800000| Untracked 
|  91|0x00000000a7900000, 0x00000000a7900000, 0x00000000a7a00000|  0%| F|  |TAMS 0x00000000a7900000, 0x00000000a7900000| Untracked 
|  92|0x00000000a7a00000, 0x00000000a7a00000, 0x00000000a7b00000|  0%| F|  |TAMS 0x00000000a7a00000, 0x00000000a7a00000| Untracked 
|  93|0x00000000a7b00000, 0x00000000a7b00000, 0x00000000a7c00000|  0%| F|  |TAMS 0x00000000a7b00000, 0x00000000a7b00000| Untracked 
|  94|0x00000000a7c00000, 0x00000000a7c00000, 0x00000000a7d00000|  0%| F|  |TAMS 0x00000000a7c00000, 0x00000000a7c00000| Untracked 
|  95|0x00000000a7d00000, 0x00000000a7d00000, 0x00000000a7e00000|  0%| F|  |TAMS 0x00000000a7d00000, 0x00000000a7d00000| Untracked 
|  96|0x00000000a7e00000, 0x00000000a7e00000, 0x00000000a7f00000|  0%| F|  |TAMS 0x00000000a7e00000, 0x00000000a7e00000| Untracked 
|  97|0x00000000a7f00000, 0x00000000a7f00000, 0x00000000a8000000|  0%| F|  |TAMS 0x00000000a7f00000, 0x00000000a7f00000| Untracked 
|  98|0x00000000a8000000, 0x00000000a8000000, 0x00000000a8100000|  0%| F|  |TAMS 0x00000000a8000000, 0x00000000a8000000| Untracked 
|  99|0x00000000a8100000, 0x00000000a8100000, 0x00000000a8200000|  0%| F|  |TAMS 0x00000000a8100000, 0x00000000a8100000| Untracked 
| 100|0x00000000a8200000, 0x00000000a8200000, 0x00000000a8300000|  0%| F|  |TAMS 0x00000000a8200000, 0x00000000a8200000| Untracked 
| 101|0x00000000a8300000, 0x00000000a8300000, 0x00000000a8400000|  0%| F|  |TAMS 0x00000000a8300000, 0x00000000a8300000| Untracked 
| 102|0x00000000a8400000, 0x00000000a8400000, 0x00000000a8500000|  0%| F|  |TAMS 0x00000000a8400000, 0x00000000a8400000| Untracked 
| 103|0x00000000a8500000, 0x00000000a8500000, 0x00000000a8600000|  0%| F|  |TAMS 0x00000000a8500000, 0x00000000a8500000| Untracked 
| 104|0x00000000a8600000, 0x00000000a8600000, 0x00000000a8700000|  0%| F|  |TAMS 0x00000000a8600000, 0x00000000a8600000| Untracked 
| 105|0x00000000a8700000, 0x00000000a8700000, 0x00000000a8800000|  0%| F|  |TAMS 0x00000000a8700000, 0x00000000a8700000| Untracked 
| 106|0x00000000a8800000, 0x00000000a8800000, 0x00000000a8900000|  0%| F|  |TAMS 0x00000000a8800000, 0x00000000a8800000| Untracked 
| 107|0x00000000a8900000, 0x00000000a8900000, 0x00000000a8a00000|  0%| F|  |TAMS 0x00000000a8900000, 0x00000000a8900000| Untracked 
| 108|0x00000000a8a00000, 0x00000000a8a57c10, 0x00000000a8b00000| 34%| S|CS|TAMS 0x00000000a8a00000, 0x00000000a8a00000| Complete 
| 109|0x00000000a8b00000, 0x00000000a8c00000, 0x00000000a8c00000|100%| S|CS|TAMS 0x00000000a8b00000, 0x00000000a8b00000| Complete 
| 110|0x00000000a8c00000, 0x00000000a8d00000, 0x00000000a8d00000|100%| S|CS|TAMS 0x00000000a8c00000, 0x00000000a8c00000| Complete 
| 111|0x00000000a8d00000, 0x00000000a8e00000, 0x00000000a8e00000|100%| S|CS|TAMS 0x00000000a8d00000, 0x00000000a8d00000| Complete 
| 112|0x00000000a8e00000, 0x00000000a8f00000, 0x00000000a8f00000|100%| S|CS|TAMS 0x00000000a8e00000, 0x00000000a8e00000| Complete 
| 113|0x00000000a8f00000, 0x00000000a9000000, 0x00000000a9000000|100%| S|CS|TAMS 0x00000000a8f00000, 0x00000000a8f00000| Complete 
| 114|0x00000000a9000000, 0x00000000a9100000, 0x00000000a9100000|100%| S|CS|TAMS 0x00000000a9000000, 0x00000000a9000000| Complete 
| 115|0x00000000a9100000, 0x00000000a9100000, 0x00000000a9200000|  0%| F|  |TAMS 0x00000000a9100000, 0x00000000a9100000| Untracked 
| 116|0x00000000a9200000, 0x00000000a9200000, 0x00000000a9300000|  0%| F|  |TAMS 0x00000000a9200000, 0x00000000a9200000| Untracked 
| 117|0x00000000a9300000, 0x00000000a9300000, 0x00000000a9400000|  0%| F|  |TAMS 0x00000000a9300000, 0x00000000a9300000| Untracked 
| 118|0x00000000a9400000, 0x00000000a9400000, 0x00000000a9500000|  0%| F|  |TAMS 0x00000000a9400000, 0x00000000a9400000| Untracked 
| 119|0x00000000a9500000, 0x00000000a9500000, 0x00000000a9600000|  0%| F|  |TAMS 0x00000000a9500000, 0x00000000a9500000| Untracked 
| 120|0x00000000a9600000, 0x00000000a9600000, 0x00000000a9700000|  0%| F|  |TAMS 0x00000000a9600000, 0x00000000a9600000| Untracked 
| 121|0x00000000a9700000, 0x00000000a9700000, 0x00000000a9800000|  0%| F|  |TAMS 0x00000000a9700000, 0x00000000a9700000| Untracked 
| 122|0x00000000a9800000, 0x00000000a9800000, 0x00000000a9900000|  0%| F|  |TAMS 0x00000000a9800000, 0x00000000a9800000| Untracked 
| 123|0x00000000a9900000, 0x00000000a9900000, 0x00000000a9a00000|  0%| F|  |TAMS 0x00000000a9900000, 0x00000000a9900000| Untracked 
| 124|0x00000000a9a00000, 0x00000000a9b00000, 0x00000000a9b00000|100%| S|CS|TAMS 0x00000000a9a00000, 0x00000000a9a00000| Complete 
| 125|0x00000000a9b00000, 0x00000000a9c00000, 0x00000000a9c00000|100%| S|CS|TAMS 0x00000000a9b00000, 0x00000000a9b00000| Complete 
| 126|0x00000000a9c00000, 0x00000000a9d00000, 0x00000000a9d00000|100%| S|CS|TAMS 0x00000000a9c00000, 0x00000000a9c00000| Complete 
| 127|0x00000000a9d00000, 0x00000000a9d00000, 0x00000000a9e00000|  0%| F|  |TAMS 0x00000000a9d00000, 0x00000000a9d00000| Untracked 
| 128|0x00000000a9e00000, 0x00000000a9e00000, 0x00000000a9f00000|  0%| F|  |TAMS 0x00000000a9e00000, 0x00000000a9e00000| Untracked 
| 129|0x00000000a9f00000, 0x00000000a9f00000, 0x00000000aa000000|  0%| F|  |TAMS 0x00000000a9f00000, 0x00000000a9f00000| Untracked 
| 130|0x00000000aa000000, 0x00000000aa000000, 0x00000000aa100000|  0%| F|  |TAMS 0x00000000aa000000, 0x00000000aa000000| Untracked 
| 131|0x00000000aa100000, 0x00000000aa100000, 0x00000000aa200000|  0%| F|  |TAMS 0x00000000aa100000, 0x00000000aa100000| Untracked 
| 132|0x00000000aa200000, 0x00000000aa200000, 0x00000000aa300000|  0%| F|  |TAMS 0x00000000aa200000, 0x00000000aa200000| Untracked 
| 133|0x00000000aa300000, 0x00000000aa300000, 0x00000000aa400000|  0%| F|  |TAMS 0x00000000aa300000, 0x00000000aa300000| Untracked 
| 134|0x00000000aa400000, 0x00000000aa400000, 0x00000000aa500000|  0%| F|  |TAMS 0x00000000aa400000, 0x00000000aa400000| Untracked 
| 135|0x00000000aa500000, 0x00000000aa500000, 0x00000000aa600000|  0%| F|  |TAMS 0x00000000aa500000, 0x00000000aa500000| Untracked 
| 136|0x00000000aa600000, 0x00000000aa600000, 0x00000000aa700000|  0%| F|  |TAMS 0x00000000aa600000, 0x00000000aa600000| Untracked 
| 137|0x00000000aa700000, 0x00000000aa700000, 0x00000000aa800000|  0%| F|  |TAMS 0x00000000aa700000, 0x00000000aa700000| Untracked 
| 138|0x00000000aa800000, 0x00000000aa800000, 0x00000000aa900000|  0%| F|  |TAMS 0x00000000aa800000, 0x00000000aa800000| Untracked 
| 139|0x00000000aa900000, 0x00000000aa900000, 0x00000000aaa00000|  0%| F|  |TAMS 0x00000000aa900000, 0x00000000aa900000| Untracked 
| 140|0x00000000aaa00000, 0x00000000aaa00000, 0x00000000aab00000|  0%| F|  |TAMS 0x00000000aaa00000, 0x00000000aaa00000| Untracked 
| 141|0x00000000aab00000, 0x00000000aab00000, 0x00000000aac00000|  0%| F|  |TAMS 0x00000000aab00000, 0x00000000aab00000| Untracked 
| 142|0x00000000aac00000, 0x00000000aac00000, 0x00000000aad00000|  0%| F|  |TAMS 0x00000000aac00000, 0x00000000aac00000| Untracked 
| 143|0x00000000aad00000, 0x00000000aad00000, 0x00000000aae00000|  0%| F|  |TAMS 0x00000000aad00000, 0x00000000aad00000| Untracked 
| 144|0x00000000aae00000, 0x00000000aae00000, 0x00000000aaf00000|  0%| F|  |TAMS 0x00000000aae00000, 0x00000000aae00000| Untracked 
| 145|0x00000000aaf00000, 0x00000000aaf00000, 0x00000000ab000000|  0%| F|  |TAMS 0x00000000aaf00000, 0x00000000aaf00000| Untracked 
| 146|0x00000000ab000000, 0x00000000ab000000, 0x00000000ab100000|  0%| F|  |TAMS 0x00000000ab000000, 0x00000000ab000000| Untracked 
| 147|0x00000000ab100000, 0x00000000ab100000, 0x00000000ab200000|  0%| F|  |TAMS 0x00000000ab100000, 0x00000000ab100000| Untracked 
| 148|0x00000000ab200000, 0x00000000ab200000, 0x00000000ab300000|  0%| F|  |TAMS 0x00000000ab200000, 0x00000000ab200000| Untracked 
| 149|0x00000000ab300000, 0x00000000ab300000, 0x00000000ab400000|  0%| F|  |TAMS 0x00000000ab300000, 0x00000000ab300000| Untracked 
| 150|0x00000000ab400000, 0x00000000ab400000, 0x00000000ab500000|  0%| F|  |TAMS 0x00000000ab400000, 0x00000000ab400000| Untracked 
| 151|0x00000000ab500000, 0x00000000ab500000, 0x00000000ab600000|  0%| F|  |TAMS 0x00000000ab500000, 0x00000000ab500000| Untracked 
| 152|0x00000000ab600000, 0x00000000ab600000, 0x00000000ab700000|  0%| F|  |TAMS 0x00000000ab600000, 0x00000000ab600000| Untracked 
| 153|0x00000000ab700000, 0x00000000ab700000, 0x00000000ab800000|  0%| F|  |TAMS 0x00000000ab700000, 0x00000000ab700000| Untracked 
| 154|0x00000000ab800000, 0x00000000ab800000, 0x00000000ab900000|  0%| F|  |TAMS 0x00000000ab800000, 0x00000000ab800000| Untracked 
| 155|0x00000000ab900000, 0x00000000ab900000, 0x00000000aba00000|  0%| F|  |TAMS 0x00000000ab900000, 0x00000000ab900000| Untracked 
| 156|0x00000000aba00000, 0x00000000aba00000, 0x00000000abb00000|  0%| F|  |TAMS 0x00000000aba00000, 0x00000000aba00000| Untracked 
| 157|0x00000000abb00000, 0x00000000abb00000, 0x00000000abc00000|  0%| F|  |TAMS 0x00000000abb00000, 0x00000000abb00000| Untracked 
| 158|0x00000000abc00000, 0x00000000abc00000, 0x00000000abd00000|  0%| F|  |TAMS 0x00000000abc00000, 0x00000000abc00000| Untracked 
| 159|0x00000000abd00000, 0x00000000abd00000, 0x00000000abe00000|  0%| F|  |TAMS 0x00000000abd00000, 0x00000000abd00000| Untracked 
| 160|0x00000000abe00000, 0x00000000abe00000, 0x00000000abf00000|  0%| F|  |TAMS 0x00000000abe00000, 0x00000000abe00000| Untracked 
| 161|0x00000000abf00000, 0x00000000abf00000, 0x00000000ac000000|  0%| F|  |TAMS 0x00000000abf00000, 0x00000000abf00000| Untracked 
| 162|0x00000000ac000000, 0x00000000ac000000, 0x00000000ac100000|  0%| F|  |TAMS 0x00000000ac000000, 0x00000000ac000000| Untracked 
| 163|0x00000000ac100000, 0x00000000ac100000, 0x00000000ac200000|  0%| F|  |TAMS 0x00000000ac100000, 0x00000000ac100000| Untracked 
| 164|0x00000000ac200000, 0x00000000ac200000, 0x00000000ac300000|  0%| F|  |TAMS 0x00000000ac200000, 0x00000000ac200000| Untracked 
| 165|0x00000000ac300000, 0x00000000ac300000, 0x00000000ac400000|  0%| F|  |TAMS 0x00000000ac300000, 0x00000000ac300000| Untracked 
| 166|0x00000000ac400000, 0x00000000ac400000, 0x00000000ac500000|  0%| F|  |TAMS 0x00000000ac400000, 0x00000000ac400000| Untracked 
| 167|0x00000000ac500000, 0x00000000ac500000, 0x00000000ac600000|  0%| F|  |TAMS 0x00000000ac500000, 0x00000000ac500000| Untracked 
| 168|0x00000000ac600000, 0x00000000ac600000, 0x00000000ac700000|  0%| F|  |TAMS 0x00000000ac600000, 0x00000000ac600000| Untracked 
| 169|0x00000000ac700000, 0x00000000ac700000, 0x00000000ac800000|  0%| F|  |TAMS 0x00000000ac700000, 0x00000000ac700000| Untracked 
| 170|0x00000000ac800000, 0x00000000ac800000, 0x00000000ac900000|  0%| F|  |TAMS 0x00000000ac800000, 0x00000000ac800000| Untracked 
| 171|0x00000000ac900000, 0x00000000ac900000, 0x00000000aca00000|  0%| F|  |TAMS 0x00000000ac900000, 0x00000000ac900000| Untracked 
| 172|0x00000000aca00000, 0x00000000aca00000, 0x00000000acb00000|  0%| F|  |TAMS 0x00000000aca00000, 0x00000000aca00000| Untracked 
| 173|0x00000000acb00000, 0x00000000acb00000, 0x00000000acc00000|  0%| F|  |TAMS 0x00000000acb00000, 0x00000000acb00000| Untracked 
| 174|0x00000000acc00000, 0x00000000acc00000, 0x00000000acd00000|  0%| F|  |TAMS 0x00000000acc00000, 0x00000000acc00000| Untracked 
| 175|0x00000000acd00000, 0x00000000acd00000, 0x00000000ace00000|  0%| F|  |TAMS 0x00000000acd00000, 0x00000000acd00000| Untracked 
| 176|0x00000000ace00000, 0x00000000ace00000, 0x00000000acf00000|  0%| F|  |TAMS 0x00000000ace00000, 0x00000000ace00000| Untracked 
| 177|0x00000000acf00000, 0x00000000acf00000, 0x00000000ad000000|  0%| F|  |TAMS 0x00000000acf00000, 0x00000000acf00000| Untracked 
| 178|0x00000000ad000000, 0x00000000ad000000, 0x00000000ad100000|  0%| F|  |TAMS 0x00000000ad000000, 0x00000000ad000000| Untracked 
| 179|0x00000000ad100000, 0x00000000ad100000, 0x00000000ad200000|  0%| F|  |TAMS 0x00000000ad100000, 0x00000000ad100000| Untracked 
| 180|0x00000000ad200000, 0x00000000ad200000, 0x00000000ad300000|  0%| F|  |TAMS 0x00000000ad200000, 0x00000000ad200000| Untracked 
| 181|0x00000000ad300000, 0x00000000ad300000, 0x00000000ad400000|  0%| F|  |TAMS 0x00000000ad300000, 0x00000000ad300000| Untracked 
| 182|0x00000000ad400000, 0x00000000ad400000, 0x00000000ad500000|  0%| F|  |TAMS 0x00000000ad400000, 0x00000000ad400000| Untracked 
| 183|0x00000000ad500000, 0x00000000ad500000, 0x00000000ad600000|  0%| F|  |TAMS 0x00000000ad500000, 0x00000000ad500000| Untracked 
| 184|0x00000000ad600000, 0x00000000ad600000, 0x00000000ad700000|  0%| F|  |TAMS 0x00000000ad600000, 0x00000000ad600000| Untracked 
| 185|0x00000000ad700000, 0x00000000ad700000, 0x00000000ad800000|  0%| F|  |TAMS 0x00000000ad700000, 0x00000000ad700000| Untracked 
| 186|0x00000000ad800000, 0x00000000ad800000, 0x00000000ad900000|  0%| F|  |TAMS 0x00000000ad800000, 0x00000000ad800000| Untracked 
| 187|0x00000000ad900000, 0x00000000ad900000, 0x00000000ada00000|  0%| F|  |TAMS 0x00000000ad900000, 0x00000000ad900000| Untracked 
| 188|0x00000000ada00000, 0x00000000ada00000, 0x00000000adb00000|  0%| F|  |TAMS 0x00000000ada00000, 0x00000000ada00000| Untracked 
| 189|0x00000000adb00000, 0x00000000adb00000, 0x00000000adc00000|  0%| F|  |TAMS 0x00000000adb00000, 0x00000000adb00000| Untracked 
| 190|0x00000000adc00000, 0x00000000adc00000, 0x00000000add00000|  0%| F|  |TAMS 0x00000000adc00000, 0x00000000adc00000| Untracked 
| 191|0x00000000add00000, 0x00000000add00000, 0x00000000ade00000|  0%| F|  |TAMS 0x00000000add00000, 0x00000000add00000| Untracked 
| 192|0x00000000ade00000, 0x00000000ade00000, 0x00000000adf00000|  0%| F|  |TAMS 0x00000000ade00000, 0x00000000ade00000| Untracked 
| 193|0x00000000adf00000, 0x00000000adf00000, 0x00000000ae000000|  0%| F|  |TAMS 0x00000000adf00000, 0x00000000adf00000| Untracked 
| 194|0x00000000ae000000, 0x00000000ae000000, 0x00000000ae100000|  0%| F|  |TAMS 0x00000000ae000000, 0x00000000ae000000| Untracked 
| 195|0x00000000ae100000, 0x00000000ae100000, 0x00000000ae200000|  0%| F|  |TAMS 0x00000000ae100000, 0x00000000ae100000| Untracked 
| 196|0x00000000ae200000, 0x00000000ae200000, 0x00000000ae300000|  0%| F|  |TAMS 0x00000000ae200000, 0x00000000ae200000| Untracked 
| 197|0x00000000ae300000, 0x00000000ae300000, 0x00000000ae400000|  0%| F|  |TAMS 0x00000000ae300000, 0x00000000ae300000| Untracked 
| 198|0x00000000ae400000, 0x00000000ae400000, 0x00000000ae500000|  0%| F|  |TAMS 0x00000000ae400000, 0x00000000ae400000| Untracked 
| 199|0x00000000ae500000, 0x00000000ae500000, 0x00000000ae600000|  0%| F|  |TAMS 0x00000000ae500000, 0x00000000ae500000| Untracked 
| 200|0x00000000ae600000, 0x00000000ae600000, 0x00000000ae700000|  0%| F|  |TAMS 0x00000000ae600000, 0x00000000ae600000| Untracked 
| 201|0x00000000ae700000, 0x00000000ae700000, 0x00000000ae800000|  0%| F|  |TAMS 0x00000000ae700000, 0x00000000ae700000| Untracked 
| 202|0x00000000ae800000, 0x00000000ae800000, 0x00000000ae900000|  0%| F|  |TAMS 0x00000000ae800000, 0x00000000ae800000| Untracked 
| 203|0x00000000ae900000, 0x00000000ae900000, 0x00000000aea00000|  0%| F|  |TAMS 0x00000000ae900000, 0x00000000ae900000| Untracked 
| 204|0x00000000aea00000, 0x00000000aea00000, 0x00000000aeb00000|  0%| F|  |TAMS 0x00000000aea00000, 0x00000000aea00000| Untracked 
| 205|0x00000000aeb00000, 0x00000000aeb00000, 0x00000000aec00000|  0%| F|  |TAMS 0x00000000aeb00000, 0x00000000aeb00000| Untracked 
| 206|0x00000000aec00000, 0x00000000aec00000, 0x00000000aed00000|  0%| F|  |TAMS 0x00000000aec00000, 0x00000000aec00000| Untracked 
| 207|0x00000000aed00000, 0x00000000aed00000, 0x00000000aee00000|  0%| F|  |TAMS 0x00000000aed00000, 0x00000000aed00000| Untracked 
| 208|0x00000000aee00000, 0x00000000aee00000, 0x00000000aef00000|  0%| F|  |TAMS 0x00000000aee00000, 0x00000000aee00000| Untracked 
| 209|0x00000000aef00000, 0x00000000aef00000, 0x00000000af000000|  0%| F|  |TAMS 0x00000000aef00000, 0x00000000aef00000| Untracked 
| 210|0x00000000af000000, 0x00000000af000000, 0x00000000af100000|  0%| F|  |TAMS 0x00000000af000000, 0x00000000af000000| Untracked 
| 211|0x00000000af100000, 0x00000000af100000, 0x00000000af200000|  0%| F|  |TAMS 0x00000000af100000, 0x00000000af100000| Untracked 
| 212|0x00000000af200000, 0x00000000af200000, 0x00000000af300000|  0%| F|  |TAMS 0x00000000af200000, 0x00000000af200000| Untracked 
| 213|0x00000000af300000, 0x00000000af300000, 0x00000000af400000|  0%| F|  |TAMS 0x00000000af300000, 0x00000000af300000| Untracked 
| 214|0x00000000af400000, 0x00000000af400000, 0x00000000af500000|  0%| F|  |TAMS 0x00000000af400000, 0x00000000af400000| Untracked 
| 215|0x00000000af500000, 0x00000000af500000, 0x00000000af600000|  0%| F|  |TAMS 0x00000000af500000, 0x00000000af500000| Untracked 
| 216|0x00000000af600000, 0x00000000af600000, 0x00000000af700000|  0%| F|  |TAMS 0x00000000af600000, 0x00000000af600000| Untracked 
| 217|0x00000000af700000, 0x00000000af700000, 0x00000000af800000|  0%| F|  |TAMS 0x00000000af700000, 0x00000000af700000| Untracked 
| 218|0x00000000af800000, 0x00000000af800000, 0x00000000af900000|  0%| F|  |TAMS 0x00000000af800000, 0x00000000af800000| Untracked 
| 219|0x00000000af900000, 0x00000000af900000, 0x00000000afa00000|  0%| F|  |TAMS 0x00000000af900000, 0x00000000af900000| Untracked 
| 220|0x00000000afa00000, 0x00000000afa00000, 0x00000000afb00000|  0%| F|  |TAMS 0x00000000afa00000, 0x00000000afa00000| Untracked 
| 221|0x00000000afb00000, 0x00000000afb00000, 0x00000000afc00000|  0%| F|  |TAMS 0x00000000afb00000, 0x00000000afb00000| Untracked 
| 222|0x00000000afc00000, 0x00000000afc00000, 0x00000000afd00000|  0%| F|  |TAMS 0x00000000afc00000, 0x00000000afc00000| Untracked 
| 223|0x00000000afd00000, 0x00000000afd00000, 0x00000000afe00000|  0%| F|  |TAMS 0x00000000afd00000, 0x00000000afd00000| Untracked 
| 224|0x00000000afe00000, 0x00000000afe00000, 0x00000000aff00000|  0%| F|  |TAMS 0x00000000afe00000, 0x00000000afe00000| Untracked 
| 225|0x00000000aff00000, 0x00000000aff00000, 0x00000000b0000000|  0%| F|  |TAMS 0x00000000aff00000, 0x00000000aff00000| Untracked 
| 226|0x00000000b0000000, 0x00000000b0000000, 0x00000000b0100000|  0%| F|  |TAMS 0x00000000b0000000, 0x00000000b0000000| Untracked 
| 227|0x00000000b0100000, 0x00000000b0100000, 0x00000000b0200000|  0%| F|  |TAMS 0x00000000b0100000, 0x00000000b0100000| Untracked 
| 228|0x00000000b0200000, 0x00000000b0200000, 0x00000000b0300000|  0%| F|  |TAMS 0x00000000b0200000, 0x00000000b0200000| Untracked 
| 229|0x00000000b0300000, 0x00000000b0300000, 0x00000000b0400000|  0%| F|  |TAMS 0x00000000b0300000, 0x00000000b0300000| Untracked 
| 230|0x00000000b0400000, 0x00000000b0400000, 0x00000000b0500000|  0%| F|  |TAMS 0x00000000b0400000, 0x00000000b0400000| Untracked 
| 231|0x00000000b0500000, 0x00000000b0500000, 0x00000000b0600000|  0%| F|  |TAMS 0x00000000b0500000, 0x00000000b0500000| Untracked 
| 232|0x00000000b0600000, 0x00000000b0600000, 0x00000000b0700000|  0%| F|  |TAMS 0x00000000b0600000, 0x00000000b0600000| Untracked 
| 233|0x00000000b0700000, 0x00000000b0700000, 0x00000000b0800000|  0%| F|  |TAMS 0x00000000b0700000, 0x00000000b0700000| Untracked 
| 234|0x00000000b0800000, 0x00000000b0800000, 0x00000000b0900000|  0%| F|  |TAMS 0x00000000b0800000, 0x00000000b0800000| Untracked 

Card table byte_map: [0x000001615af70000,0x000001615b270000] _byte_map_base: 0x000001615aa61000

Marking Bits (Prev, Next): (CMBitMap*) 0x0000016152f55160, (CMBitMap*) 0x0000016152f55120
 Prev Bits: [0x000001615cd00000, 0x000001615e488000)
 Next Bits: [0x000001615b570000, 0x000001615ccf8000)

Polling page: 0x0000016152fe0000

Metaspace:

Usage:
  Non-class:     29.55 MB used.
      Class:      4.41 MB used.
       Both:     33.96 MB used.

Virtual space:
  Non-class space:       32.00 MB reserved,      29.75 MB ( 93%) committed,  4 nodes.
      Class space:        1.00 GB reserved,       4.56 MB ( <1%) committed,  1 nodes.
             Both:        1.03 GB reserved,      34.31 MB (  3%) committed. 

Chunk freelists:
   Non-Class:  1.36 MB
       Class:  3.42 MB
        Both:  4.78 MB

MaxMetaspaceSize: unlimited
CompressedClassSpaceSize: 1.00 GB
Initial GC threshold: 21.00 MB
Current GC threshold: 56.88 MB
CDS: off
MetaspaceReclaimPolicy: balanced
 - commit_granule_bytes: 65536.
 - commit_granule_words: 8192.
 - virtual_space_node_default_size: 1048576.
 - enlarge_chunks_in_place: 1.
 - new_chunks_are_fully_committed: 0.
 - uncommit_free_chunks: 1.
 - use_allocation_guard: 0.
 - handle_deallocations: 1.


Internal statistics:

num_allocs_failed_limit: 3.
num_arena_births: 298.
num_arena_deaths: 0.
num_vsnodes_births: 5.
num_vsnodes_deaths: 0.
num_space_committed: 549.
num_space_uncommitted: 0.
num_chunks_returned_to_freelist: 3.
num_chunks_taken_from_freelist: 1266.
num_chunk_merges: 3.
num_chunk_splits: 874.
num_chunks_enlarged: 696.
num_purges: 0.
num_inconsistent_stats: 0.

CodeCache: size=49152Kb used=8948Kb max_used=8948Kb free=40203Kb
 bounds [0x0000016157390000, 0x0000016157c50000, 0x000001615a390000]
 total_blobs=4159 nmethods=3634 adapters=449
 compilation: enabled
              stopped_count=0, restarted_count=0
 full_count=0

Compilation events (20 events):
Event: 4.413 Thread 0x0000016161b68c50 nmethod 3618 0x0000016157c45d90 code [0x0000016157c45f20, 0x0000016157c46008]
Event: 4.413 Thread 0x0000016161b68c50 3629       1       io.github.classgraph.ModuleReaderProxy::open (72 bytes)
Event: 4.413 Thread 0x0000016160f6b480 nmethod 3622 0x0000016157c46090 code [0x0000016157c46280, 0x0000016157c46618]
Event: 4.413 Thread 0x000001616358a060 nmethod 3621 0x0000016157c46810 code [0x0000016157c46a00, 0x0000016157c46f28]
Event: 4.413 Thread 0x0000016160f6b480 3628       1       jdk.internal.module.SystemModuleFinders$SystemModuleReader::open (15 bytes)
Event: 4.413 Thread 0x000001616358a060 3627   !   1       jdk.internal.reflect.GeneratedMethodAccessor27::invoke (67 bytes)
Event: 4.414 Thread 0x000001616358a060 nmethod 3627 0x0000016157c47210 code [0x0000016157c47400, 0x0000016157c47838]
Event: 4.414 Thread 0x000001616358a060 3630       1       io.github.classgraph.Classfile::getConstantPoolString (7 bytes)
Event: 4.414 Thread 0x0000016161b68c50 nmethod 3629 0x0000016157c47b10 code [0x0000016157c47d20, 0x0000016157c48208]
Event: 4.414 Thread 0x000001616358a060 nmethod 3630 0x0000016157c48410 code [0x0000016157c485a0, 0x0000016157c48688]
Event: 4.414 Thread 0x0000016160f6b480 nmethod 3628 0x0000016157c48710 code [0x0000016157c48920, 0x0000016157c48ee8]
Event: 4.414 Thread 0x0000016162388e70 nmethod 3623 0x0000016157c49210 code [0x0000016157c49580, 0x0000016157c4a3e8]
Event: 4.443 Thread 0x0000016160f6b480 3631  s!   1       jdk.internal.loader.URLClassPath::getLoader (196 bytes)
Event: 4.448 Thread 0x0000016160f6b480 nmethod 3631 0x0000016157c4ac90 code [0x0000016157c4af40, 0x0000016157c4b958]
Event: 4.617 Thread 0x0000016161b68c50 3632       1       java.util.concurrent.locks.ReentrantLock$NonfairSync::tryAcquire (27 bytes)
Event: 4.620 Thread 0x000001616358a060 3633       1       java.util.concurrent.ConcurrentHashMap::resizeStamp (9 bytes)
Event: 4.620 Thread 0x0000016160f6b480 3634       1       java.util.concurrent.ConcurrentHashMap::helpTransfer (123 bytes)
Event: 4.620 Thread 0x000001616358a060 nmethod 3633 0x0000016157c4c610 code [0x0000016157c4c7a0, 0x0000016157c4c868]
Event: 4.621 Thread 0x0000016160f6b480 nmethod 3634 0x0000016157c4c910 code [0x0000016157c4cac0, 0x0000016157c4cd38]
Event: 4.622 Thread 0x0000016161b68c50 nmethod 3632 0x0000016157c4ce90 code [0x0000016157c4d020, 0x0000016157c4d198]

GC Heap History (20 events):
Event: 3.957 GC heap after
{Heap after GC invocations=13 (full 0):
 garbage-first heap   total 98304K, used 31597K [0x00000000a1e00000, 0x0000000100000000)
  region size 1024K, 2 young (2048K), 2 survivors (2048K)
 Metaspace       used 33120K, committed 33408K, reserved 1081344K
  class space    used 4201K, committed 4352K, reserved 1048576K
}
Event: 4.065 GC heap before
{Heap before GC invocations=14 (full 0):
 garbage-first heap   total 98304K, used 69485K [0x00000000a1e00000, 0x0000000100000000)
  region size 1024K, 39 young (39936K), 2 survivors (2048K)
 Metaspace       used 33489K, committed 33792K, reserved 1081344K
  class space    used 4264K, committed 4416K, reserved 1048576K
}
Event: 4.074 GC heap after
{Heap after GC invocations=15 (full 0):
 garbage-first heap   total 98304K, used 41366K [0x00000000a1e00000, 0x0000000100000000)
  region size 1024K, 5 young (5120K), 5 survivors (5120K)
 Metaspace       used 33489K, committed 33792K, reserved 1081344K
  class space    used 4264K, committed 4416K, reserved 1048576K
}
Event: 4.168 GC heap before
{Heap before GC invocations=15 (full 0):
 garbage-first heap   total 98304K, used 67990K [0x00000000a1e00000, 0x0000000100000000)
  region size 1024K, 32 young (32768K), 5 survivors (5120K)
 Metaspace       used 33949K, committed 34304K, reserved 1081344K
  class space    used 4347K, committed 4480K, reserved 1048576K
}
Event: 4.176 GC heap after
{Heap after GC invocations=16 (full 0):
 garbage-first heap   total 98304K, used 47104K [0x00000000a1e00000, 0x0000000100000000)
  region size 1024K, 4 young (4096K), 4 survivors (4096K)
 Metaspace       used 33949K, committed 34304K, reserved 1081344K
  class space    used 4347K, committed 4480K, reserved 1048576K
}
Event: 4.322 GC heap before
{Heap before GC invocations=16 (full 0):
 garbage-first heap   total 98304K, used 72704K [0x00000000a1e00000, 0x0000000100000000)
  region size 1024K, 29 young (29696K), 4 survivors (4096K)
 Metaspace       used 34576K, committed 34880K, reserved 1081344K
  class space    used 4490K, committed 4608K, reserved 1048576K
}
Event: 4.331 GC heap after
{Heap after GC invocations=17 (full 0):
 garbage-first heap   total 98304K, used 57929K [0x00000000a1e00000, 0x0000000100000000)
  region size 1024K, 4 young (4096K), 4 survivors (4096K)
 Metaspace       used 34576K, committed 34880K, reserved 1081344K
  class space    used 4490K, committed 4608K, reserved 1048576K
}
Event: 4.335 GC heap before
{Heap before GC invocations=17 (full 0):
 garbage-first heap   total 98304K, used 57929K [0x00000000a1e00000, 0x0000000100000000)
  region size 1024K, 5 young (5120K), 4 survivors (4096K)
 Metaspace       used 34576K, committed 34880K, reserved 1081344K
  class space    used 4490K, committed 4608K, reserved 1048576K
}
Event: 4.339 GC heap after
{Heap after GC invocations=18 (full 0):
 garbage-first heap   total 98304K, used 60304K [0x00000000a1e00000, 0x0000000100000000)
  region size 1024K, 2 young (2048K), 2 survivors (2048K)
 Metaspace       used 34576K, committed 34880K, reserved 1081344K
  class space    used 4490K, committed 4608K, reserved 1048576K
}
Event: 4.377 GC heap before
{Heap before GC invocations=18 (full 0):
 garbage-first heap   total 98304K, used 72592K [0x00000000a1e00000, 0x0000000100000000)
  region size 1024K, 14 young (14336K), 2 survivors (2048K)
 Metaspace       used 34664K, committed 34944K, reserved 1081344K
  class space    used 4498K, committed 4608K, reserved 1048576K
}
Event: 4.394 GC heap after
{Heap after GC invocations=19 (full 0):
 garbage-first heap   total 240640K, used 65331K [0x00000000a1e00000, 0x0000000100000000)
  region size 1024K, 2 young (2048K), 2 survivors (2048K)
 Metaspace       used 34664K, committed 34944K, reserved 1081344K
  class space    used 4498K, committed 4608K, reserved 1048576K
}
Event: 4.443 GC heap before
{Heap before GC invocations=20 (full 0):
 garbage-first heap   total 240640K, used 144179K [0x00000000a1e00000, 0x0000000100000000)
  region size 1024K, 81 young (82944K), 2 survivors (2048K)
 Metaspace       used 34729K, committed 35072K, reserved 1081344K
  class space    used 4509K, committed 4672K, reserved 1048576K
}
Event: 4.447 GC heap after
{Heap after GC invocations=21 (full 0):
 garbage-first heap   total 240640K, used 67649K [0x00000000a1e00000, 0x0000000100000000)
  region size 1024K, 6 young (6144K), 6 survivors (6144K)
 Metaspace       used 34729K, committed 35072K, reserved 1081344K
  class space    used 4509K, committed 4672K, reserved 1048576K
}
Event: 4.450 GC heap before
{Heap before GC invocations=21 (full 0):
 garbage-first heap   total 240640K, used 71745K [0x00000000a1e00000, 0x0000000100000000)
  region size 1024K, 11 young (11264K), 6 survivors (6144K)
 Metaspace       used 34773K, committed 35136K, reserved 1081344K
  class space    used 4513K, committed 4672K, reserved 1048576K
}
Event: 4.453 GC heap after
{Heap after GC invocations=22 (full 0):
 garbage-first heap   total 240640K, used 67411K [0x00000000a1e00000, 0x0000000100000000)
  region size 1024K, 1 young (1024K), 1 survivors (1024K)
 Metaspace       used 34773K, committed 35136K, reserved 1081344K
  class space    used 4513K, committed 4672K, reserved 1048576K
}
Event: 4.502 GC heap before
{Heap before GC invocations=22 (full 0):
 garbage-first heap   total 240640K, used 172883K [0x00000000a1e00000, 0x0000000100000000)
  region size 1024K, 105 young (107520K), 1 survivors (1024K)
 Metaspace       used 34774K, committed 35136K, reserved 1081344K
  class space    used 4513K, committed 4672K, reserved 1048576K
}
Event: 4.519 GC heap after
{Heap after GC invocations=23 (full 0):
 garbage-first heap   total 240640K, used 71221K [0x00000000a1e00000, 0x0000000100000000)
  region size 1024K, 5 young (5120K), 5 survivors (5120K)
 Metaspace       used 34774K, committed 35136K, reserved 1081344K
  class space    used 4513K, committed 4672K, reserved 1048576K
}
Event: 4.561 GC heap before
{Heap before GC invocations=23 (full 0):
 garbage-first heap   total 240640K, used 178741K [0x00000000a1e00000, 0x0000000100000000)
  region size 1024K, 111 young (113664K), 5 survivors (5120K)
 Metaspace       used 34774K, committed 35136K, reserved 1081344K
  class space    used 4513K, committed 4672K, reserved 1048576K
}
Event: 4.593 GC heap after
{Heap after GC invocations=24 (full 0):
 garbage-first heap   total 240640K, used 75403K [0x00000000a1e00000, 0x0000000100000000)
  region size 1024K, 9 young (9216K), 9 survivors (9216K)
 Metaspace       used 34774K, committed 35136K, reserved 1081344K
  class space    used 4513K, committed 4672K, reserved 1048576K
}
Event: 4.647 GC heap before
{Heap before GC invocations=24 (full 0):
 garbage-first heap   total 240640K, used 184971K [0x00000000a1e00000, 0x0000000100000000)
  region size 1024K, 117 young (119808K), 9 survivors (9216K)
 Metaspace       used 34774K, committed 35136K, reserved 1081344K
  class space    used 4513K, committed 4672K, reserved 1048576K
}

Deoptimization events (12 events):
Event: 2.311 Thread 0x0000016152f05ea0 DEOPT PACKING pc=0x000001615783be19 sp=0x00000027a21fd010
Event: 2.311 Thread 0x0000016152f05ea0 DEOPT UNPACKING pc=0x00000161573e2b43 sp=0x00000027a21fc4f0 mode 3
Event: 3.636 Thread 0x0000016152f05ea0 DEOPT PACKING pc=0x0000016157a1b199 sp=0x00000027a21fc580
Event: 3.636 Thread 0x0000016152f05ea0 DEOPT UNPACKING pc=0x00000161573e2b43 sp=0x00000027a21fba60 mode 3
Event: 3.700 Thread 0x0000016163764a60 DEOPT PACKING pc=0x0000016157a7c1ab sp=0x00000027a3ffe6b0
Event: 3.700 Thread 0x0000016163764a60 DEOPT UNPACKING pc=0x00000161573e2b43 sp=0x00000027a3ffdbf8 mode 3
Event: 3.818 Thread 0x0000016163763bf0 DEOPT PACKING pc=0x000001615783e681 sp=0x00000027a43ff2e0
Event: 3.818 Thread 0x0000016163763bf0 DEOPT UNPACKING pc=0x00000161573e2b43 sp=0x00000027a43fe770 mode 3
Event: 3.842 Thread 0x000001616395c880 DEOPT PACKING pc=0x0000016157838a97 sp=0x00000027a48ff090
Event: 3.842 Thread 0x000001616395c880 DEOPT UNPACKING pc=0x00000161573e2b43 sp=0x00000027a48fe4e8 mode 3
Event: 4.137 Thread 0x0000016163958ec0 DEOPT PACKING pc=0x0000016157bf5a35 sp=0x00000027a51fd650
Event: 4.137 Thread 0x0000016163958ec0 DEOPT UNPACKING pc=0x00000161573e2b43 sp=0x00000027a51fcb78 mode 3

Classes unloaded (0 events):
No events

Classes redefined (0 events):
No events

Internal exceptions (20 events):
Event: 3.736 Thread 0x0000016163763720 Exception <a 'sun/nio/fs/WindowsException'{0x00000000a7d92cc8}> (0x00000000a7d92cc8) 
thrown [s\src\hotspot\share\prims\jni.cpp, line 516]
Event: 3.736 Thread 0x0000016163763720 Exception <a 'sun/nio/fs/WindowsException'{0x00000000a7d936b8}> (0x00000000a7d936b8) 
thrown [s\src\hotspot\share\prims\jni.cpp, line 516]
Event: 3.736 Thread 0x0000016163763720 Exception <a 'sun/nio/fs/WindowsException'{0x00000000a7d93a60}> (0x00000000a7d93a60) 
thrown [s\src\hotspot\share\prims\jni.cpp, line 516]
Event: 3.737 Thread 0x0000016163763720 Exception <a 'sun/nio/fs/WindowsException'{0x00000000a7d94460}> (0x00000000a7d94460) 
thrown [s\src\hotspot\share\prims\jni.cpp, line 516]
Event: 3.737 Thread 0x0000016163763720 Exception <a 'sun/nio/fs/WindowsException'{0x00000000a7d94820}> (0x00000000a7d94820) 
thrown [s\src\hotspot\share\prims\jni.cpp, line 516]
Event: 3.737 Thread 0x0000016163763720 Exception <a 'sun/nio/fs/WindowsException'{0x00000000a7d95220}> (0x00000000a7d95220) 
thrown [s\src\hotspot\share\prims\jni.cpp, line 516]
Event: 3.737 Thread 0x0000016163763720 Exception <a 'sun/nio/fs/WindowsException'{0x00000000a7d955d0}> (0x00000000a7d955d0) 
thrown [s\src\hotspot\share\prims\jni.cpp, line 516]
Event: 3.737 Thread 0x0000016163763720 Exception <a 'sun/nio/fs/WindowsException'{0x00000000a7d95fd0}> (0x00000000a7d95fd0) 
thrown [s\src\hotspot\share\prims\jni.cpp, line 516]
Event: 3.737 Thread 0x0000016163763720 Exception <a 'sun/nio/fs/WindowsException'{0x00000000a7d96390}> (0x00000000a7d96390) 
thrown [s\src\hotspot\share\prims\jni.cpp, line 516]
Event: 3.737 Thread 0x0000016163763720 Exception <a 'sun/nio/fs/WindowsException'{0x00000000a7d96db8}> (0x00000000a7d96db8) 
thrown [s\src\hotspot\share\prims\jni.cpp, line 516]
Event: 3.737 Thread 0x0000016163763720 Exception <a 'sun/nio/fs/WindowsException'{0x00000000a7d97198}> (0x00000000a7d97198) 
thrown [s\src\hotspot\share\prims\jni.cpp, line 516]
Event: 3.737 Thread 0x0000016163763720 Exception <a 'sun/nio/fs/WindowsException'{0x00000000a7d97bd0}> (0x00000000a7d97bd0) 
thrown [s\src\hotspot\share\prims\jni.cpp, line 516]
Event: 3.737 Thread 0x0000016163763720 Exception <a 'sun/nio/fs/WindowsException'{0x00000000a7d97fc0}> (0x00000000a7d97fc0) 
thrown [s\src\hotspot\share\prims\jni.cpp, line 516]
Event: 3.738 Thread 0x0000016163763720 Exception <a 'sun/nio/fs/WindowsException'{0x00000000a7d989e8}> (0x00000000a7d989e8) 
thrown [s\src\hotspot\share\prims\jni.cpp, line 516]
Event: 3.738 Thread 0x0000016163763720 Exception <a 'sun/nio/fs/WindowsException'{0x00000000a7d98dd8}> (0x00000000a7d98dd8) 
thrown [s\src\hotspot\share\prims\jni.cpp, line 516]
Event: 3.773 Thread 0x0000016152f05ea0 Exception <a 'java/lang/NoSuchMethodError'{0x00000000a4c40830}: 'java.lang.Object java.lang.invoke.DirectMethodHandle$Holder.newInvokeSpecial(java.lang.Object, java.lang.Object, int, java.lang.Object, java.lang.Object)'> (0x00000000a4c40830) 
thrown [s\src\hotspot\share\interpreter\linkResolver.cpp, line 759]
Event: 4.132 Thread 0x0000016163958ec0 Exception <a 'java/lang/NoSuchMethodError'{0x00000000a6842ab0}: 'java.lang.Object java.lang.invoke.DirectMethodHandle$Holder.invokeStatic(java.lang.Object, int, java.lang.Object)'> (0x00000000a6842ab0) 
thrown [s\src\hotspot\share\interpreter\linkResolver.cpp, line 759]
Event: 4.254 Thread 0x0000016163958ec0 Exception <a 'java/lang/NoSuchMethodError'{0x00000000a7686b08}: 'int java.lang.invoke.DirectMethodHandle$Holder.invokeStatic(java.lang.Object)'> (0x00000000a7686b08) 
thrown [s\src\hotspot\share\interpreter\linkResolver.cpp, line 759]
Event: 4.255 Thread 0x0000016163958ec0 Exception <a 'java/lang/NoSuchMethodError'{0x00000000a768a260}: 'int java.lang.invoke.DirectMethodHandle$Holder.invokeStaticInit(java.lang.Object)'> (0x00000000a768a260) 
thrown [s\src\hotspot\share\interpreter\linkResolver.cpp, line 759]
Event: 4.277 Thread 0x000001616395dbc0 Exception <a 'java/lang/NoSuchMethodError'{0x00000000a733c7d8}: 'int java.lang.invoke.DirectMethodHandle$Holder.invokeVirtual(java.lang.Object, java.lang.Object)'> (0x00000000a733c7d8) 
thrown [s\src\hotspot\share\interpreter\linkResolver.cpp, line 759]

VM Operations (20 events):
Event: 4.412 Executing VM operation: G1Concurrent done
Event: 4.417 Executing VM operation: HandshakeAllThreads
Event: 4.417 Executing VM operation: HandshakeAllThreads done
Event: 4.419 Executing VM operation: HandshakeAllThreads
Event: 4.419 Executing VM operation: HandshakeAllThreads done
Event: 4.437 Executing VM operation: G1Concurrent
Event: 4.437 Executing VM operation: G1Concurrent done
Event: 4.443 Executing VM operation: G1CollectForAllocation
Event: 4.443 Executing VM operation: G1CollectForAllocation done
Event: 4.443 Executing VM operation: G1CollectForAllocation
Event: 4.447 Executing VM operation: G1CollectForAllocation done
Event: 4.450 Executing VM operation: G1CollectForAllocation
Event: 4.450 Executing VM operation: G1CollectForAllocation done
Event: 4.450 Executing VM operation: G1CollectForAllocation
Event: 4.453 Executing VM operation: G1CollectForAllocation done
Event: 4.498 Executing VM operation: G1CollectForAllocation
Event: 4.519 Executing VM operation: G1CollectForAllocation done
Event: 4.557 Executing VM operation: G1CollectForAllocation
Event: 4.596 Executing VM operation: G1CollectForAllocation done
Event: 4.643 Executing VM operation: G1CollectForAllocation

Events (20 events):
Event: 4.135 loading class jdk/internal/reflect/UnsafeIntegerFieldAccessorImpl done
Event: 4.156 loading class java/util/concurrent/atomic/AtomicLongFieldUpdater
Event: 4.156 loading class java/util/concurrent/atomic/AtomicLongFieldUpdater done
Event: 4.156 loading class java/util/concurrent/atomic/AtomicLongFieldUpdater$CASUpdater
Event: 4.156 loading class java/util/concurrent/atomic/AtomicLongFieldUpdater$CASUpdater done
Event: 4.156 loading class java/util/concurrent/atomic/AtomicLongFieldUpdater$CASUpdater$1
Event: 4.156 loading class java/util/concurrent/atomic/AtomicLongFieldUpdater$CASUpdater$1 done
Event: 4.263 Thread 0x000001616395c3b0 Thread added: 0x000001616395c3b0
Event: 4.269 loading class java/util/concurrent/CompletionException
Event: 4.269 loading class java/util/concurrent/CompletionException done
Event: 4.281 loading class java/io/PrintWriter
Event: 4.281 loading class java/io/PrintWriter done
Event: 4.284 loading class sun/nio/cs/StringUTF16
Event: 4.284 loading class sun/nio/cs/StringUTF16 done
Event: 4.286 loading class java/util/WeakHashMap$EntrySet
Event: 4.286 loading class java/util/WeakHashMap$EntrySet done
Event: 4.286 loading class java/util/WeakHashMap$EntryIterator
Event: 4.286 loading class java/util/WeakHashMap$HashIterator
Event: 4.286 loading class java/util/WeakHashMap$HashIterator done
Event: 4.286 loading class java/util/WeakHashMap$EntryIterator done


Dynamic libraries:
0x00007ff6ed3a0000 - 0x00007ff6ed3ae000 	c:\Users\david\.vscode\extensions\redhat.java-1.10.0-win32-x64\jre\17.0.4-win32-x86_64\bin\java.exe
0x00007ffedda30000 - 0x00007ffeddc28000 	C:\WINDOWS\SYSTEM32\ntdll.dll
0x00007ffedbf30000 - 0x00007ffedbfed000 	C:\WINDOWS\System32\KERNEL32.DLL
0x00007ffedb4a0000 - 0x00007ffedb76e000 	C:\WINDOWS\System32\KERNELBASE.dll
0x00007ffedb770000 - 0x00007ffedb870000 	C:\WINDOWS\System32\ucrtbase.dll
0x00007ffecdbb0000 - 0x00007ffecdbc8000 	c:\Users\david\.vscode\extensions\redhat.java-1.10.0-win32-x64\jre\17.0.4-win32-x86_64\bin\jli.dll
0x00007ffedbd90000 - 0x00007ffedbf30000 	C:\WINDOWS\System32\USER32.dll
0x00007ffedb150000 - 0x00007ffedb172000 	C:\WINDOWS\System32\win32u.dll
0x00007ffedd9c0000 - 0x00007ffedd9ea000 	C:\WINDOWS\System32\GDI32.dll
0x00007ffedb240000 - 0x00007ffedb34b000 	C:\WINDOWS\System32\gdi32full.dll
0x00007ffedb350000 - 0x00007ffedb3ed000 	C:\WINDOWS\System32\msvcp_win.dll
0x00007ffec9ff0000 - 0x00007ffeca009000 	c:\Users\david\.vscode\extensions\redhat.java-1.10.0-win32-x64\jre\17.0.4-win32-x86_64\bin\VCRUNTIME140.dll
0x00007ffec4df0000 - 0x00007ffec508a000 	C:\WINDOWS\WinSxS\amd64_microsoft.windows.common-controls_6595b64144ccf1df_6.0.19041.1110_none_60b5254171f9507e\COMCTL32.dll
0x00007ffedba90000 - 0x00007ffedbb2e000 	C:\WINDOWS\System32\msvcrt.dll
0x00007ffedd710000 - 0x00007ffedd740000 	C:\WINDOWS\System32\IMM32.DLL
0x00007ffed89e0000 - 0x00007ffed89ec000 	c:\Users\david\.vscode\extensions\redhat.java-1.10.0-win32-x64\jre\17.0.4-win32-x86_64\bin\vcruntime140_1.dll
0x00007ffebeec0000 - 0x00007ffebef51000 	c:\Users\david\.vscode\extensions\redhat.java-1.10.0-win32-x64\jre\17.0.4-win32-x86_64\bin\msvcp140.dll
0x00007ffe93e10000 - 0x00007ffe94a56000 	c:\Users\david\.vscode\extensions\redhat.java-1.10.0-win32-x64\jre\17.0.4-win32-x86_64\bin\server\jvm.dll
0x00007ffedc860000 - 0x00007ffedc90e000 	C:\WINDOWS\System32\ADVAPI32.dll
0x00007ffedbb40000 - 0x00007ffedbbdc000 	C:\WINDOWS\System32\sechost.dll
0x00007ffedcda0000 - 0x00007ffedcec5000 	C:\WINDOWS\System32\RPCRT4.dll
0x00007ffedc920000 - 0x00007ffedc928000 	C:\WINDOWS\System32\PSAPI.DLL
0x00007ffed1810000 - 0x00007ffed181a000 	C:\WINDOWS\SYSTEM32\VERSION.dll
0x00007ffec1de0000 - 0x00007ffec1de9000 	C:\WINDOWS\SYSTEM32\WSOCK32.dll
0x00007ffed17e0000 - 0x00007ffed1807000 	C:\WINDOWS\SYSTEM32\WINMM.dll
0x00007ffedd870000 - 0x00007ffedd8db000 	C:\WINDOWS\System32\WS2_32.dll
0x00007ffed9050000 - 0x00007ffed9062000 	C:\WINDOWS\SYSTEM32\kernel.appcore.dll
0x00007ffec9fe0000 - 0x00007ffec9fea000 	c:\Users\david\.vscode\extensions\redhat.java-1.10.0-win32-x64\jre\17.0.4-win32-x86_64\bin\jimage.dll
0x00007ffecebf0000 - 0x00007ffecedd4000 	C:\WINDOWS\SYSTEM32\DBGHELP.DLL
0x00007ffec72b0000 - 0x00007ffec72dc000 	C:\WINDOWS\SYSTEM32\dbgcore.DLL
0x00007ffedb180000 - 0x00007ffedb202000 	C:\WINDOWS\System32\bcryptPrimitives.dll
0x00007ffec30d0000 - 0x00007ffec30f5000 	c:\Users\david\.vscode\extensions\redhat.java-1.10.0-win32-x64\jre\17.0.4-win32-x86_64\bin\java.dll
0x00007ffec9fb0000 - 0x00007ffec9fc8000 	c:\Users\david\.vscode\extensions\redhat.java-1.10.0-win32-x64\jre\17.0.4-win32-x86_64\bin\zip.dll
0x00007ffedbff0000 - 0x00007ffedc734000 	C:\WINDOWS\System32\SHELL32.dll
0x00007ffed9250000 - 0x00007ffed99e4000 	C:\WINDOWS\SYSTEM32\windows.storage.dll
0x00007ffedc990000 - 0x00007ffedcce4000 	C:\WINDOWS\System32\combase.dll
0x00007ffedaae0000 - 0x00007ffedab10000 	C:\WINDOWS\SYSTEM32\Wldp.dll
0x00007ffedcf30000 - 0x00007ffedcfdd000 	C:\WINDOWS\System32\SHCORE.dll
0x00007ffedc930000 - 0x00007ffedc985000 	C:\WINDOWS\System32\shlwapi.dll
0x00007ffedb090000 - 0x00007ffedb0af000 	C:\WINDOWS\SYSTEM32\profapi.dll
0x00007ffec6d30000 - 0x00007ffec6d49000 	C:\Users\david\.vscode\extensions\redhat.java-1.10.0-win32-x64\jre\17.0.4-win32-x86_64\bin\net.dll
0x00007ffecf690000 - 0x00007ffecf79a000 	C:\WINDOWS\SYSTEM32\WINHTTP.dll
0x00007ffeda840000 - 0x00007ffeda8aa000 	C:\WINDOWS\system32\mswsock.dll
0x00007ffec30b0000 - 0x00007ffec30c5000 	C:\Users\david\.vscode\extensions\redhat.java-1.10.0-win32-x64\jre\17.0.4-win32-x86_64\bin\nio.dll
0x00007ffec30a0000 - 0x00007ffec30b0000 	c:\Users\david\.vscode\extensions\redhat.java-1.10.0-win32-x64\jre\17.0.4-win32-x86_64\bin\verify.dll
0x00007ffec2740000 - 0x00007ffec2749000 	C:\Users\david\.vscode\extensions\redhat.java-1.10.0-win32-x64\jre\17.0.4-win32-x86_64\bin\management.dll
0x00007ffec2730000 - 0x00007ffec273b000 	C:\Users\david\.vscode\extensions\redhat.java-1.10.0-win32-x64\jre\17.0.4-win32-x86_64\bin\management_ext.dll
0x00007ffec13e0000 - 0x00007ffec13f7000 	C:\WINDOWS\system32\napinsp.dll
0x00007ffebe2d0000 - 0x00007ffebe2eb000 	C:\WINDOWS\system32\pnrpnsp.dll
0x00007ffed5c10000 - 0x00007ffed5c25000 	C:\WINDOWS\system32\wshbth.dll
0x00007ffed6b30000 - 0x00007ffed6b4d000 	C:\WINDOWS\system32\NLAapi.dll
0x00007ffeda530000 - 0x00007ffeda56b000 	C:\WINDOWS\SYSTEM32\IPHLPAPI.DLL
0x00007ffeda570000 - 0x00007ffeda63b000 	C:\WINDOWS\SYSTEM32\DNSAPI.dll
0x00007ffedbb30000 - 0x00007ffedbb38000 	C:\WINDOWS\System32\NSI.dll
0x00007ffebb440000 - 0x00007ffebb452000 	C:\WINDOWS\System32\winrnr.dll
0x00007ffeceea0000 - 0x00007ffeceeaa000 	C:\Windows\System32\rasadhlp.dll
0x00007ffeceb10000 - 0x00007ffeceb90000 	C:\WINDOWS\System32\fwpuclnt.dll
0x00007ffedb210000 - 0x00007ffedb237000 	C:\WINDOWS\System32\bcrypt.dll
0x00007ffedaa30000 - 0x00007ffedaa48000 	C:\WINDOWS\SYSTEM32\CRYPTSP.dll
0x00007ffeda1c0000 - 0x00007ffeda1f4000 	C:\WINDOWS\system32\rsaenh.dll
0x00007ffedb010000 - 0x00007ffedb03e000 	C:\WINDOWS\SYSTEM32\USERENV.dll
0x00007ffedaa50000 - 0x00007ffedaa5c000 	C:\WINDOWS\SYSTEM32\CRYPTBASE.dll
0x00007ffed2ad0000 - 0x00007ffed2ae7000 	C:\WINDOWS\SYSTEM32\dhcpcsvc6.DLL
0x00007ffed2ab0000 - 0x00007ffed2acd000 	C:\WINDOWS\SYSTEM32\dhcpcsvc.DLL

dbghelp: loaded successfully - version: 4.0.5 - missing functions: none
symbol engine: initialized successfully - sym options: 0x614 - pdb path: .;c:\Users\david\.vscode\extensions\redhat.java-1.10.0-win32-x64\jre\17.0.4-win32-x86_64\bin;C:\WINDOWS\SYSTEM32;C:\WINDOWS\WinSxS\amd64_microsoft.windows.common-controls_6595b64144ccf1df_6.0.19041.1110_none_60b5254171f9507e;c:\Users\david\.vscode\extensions\redhat.java-1.10.0-win32-x64\jre\17.0.4-win32-x86_64\bin\server

VM Arguments:
jvm_args: -Dsts.lsp.client=vscode -Dsts.log.file=/dev/null -XX:TieredStopAtLevel=1 -Dspring.config.location=file:c:\Users\david\.vscode\extensions\pivotal.vscode-spring-boot-1.38.0\language-server\BOOT-INF\classes\application.properties 
java_command: org.springframework.ide.vscode.boot.app.BootLanguageServerBootApp
java_class_path (initial): c:\Users\david\.vscode\extensions\pivotal.vscode-spring-boot-1.38.0\language-server\BOOT-INF\classes;c:\Users\david\.vscode\extensions\pivotal.vscode-spring-boot-1.38.0\language-server\BOOT-INF\lib\annotations-23.0.0.jar;c:\Users\david\.vscode\extensions\pivotal.vscode-spring-boot-1.38.0\language-server\BOOT-INF\lib\antlr-runtime-3.5.2.jar;c:\Users\david\.vscode\extensions\pivotal.vscode-spring-boot-1.38.0\language-server\BOOT-INF\lib\antlr4-4.9.3.jar;c:\Users\david\.vscode\extensions\pivotal.vscode-spring-boot-1.38.0\language-server\BOOT-INF\lib\antlr4-runtime-4.9.3.jar;c:\Users\david\.vscode\extensions\pivotal.vscode-spring-boot-1.38.0\language-server\BOOT-INF\lib\asm-9.3.jar;c:\Users\david\.vscode\extensions\pivotal.vscode-spring-boot-1.38.0\language-server\BOOT-INF\lib\asm-analysis-9.3.jar;c:\Users\david\.vscode\extensions\pivotal.vscode-spring-boot-1.38.0\language-server\BOOT-INF\lib\asm-tree-9.3.jar;c:\Users\david\.vscode\extensions\pivotal.vscode-spring-boot-1.38.0\language-server\BOOT-INF\lib\asm-util-9.3.jar;c:\Users\david\.vscode\extensions\pivotal.vscode-spring-boot-1.38.0\language-server\BOOT-INF\lib\byte-buddy-1.10.18.jar;c:\Users\david\.vscode\extensions\pivotal.vscode-spring-boot-1.38.0\language-server\BOOT-INF\lib\caffeine-2.8.6.jar;c:\Users\david\.vscode\extensions\pivotal.vscode-spring-boot-1.38.0\language-server\BOOT-INF\lib\checker-qual-3.12.0.jar;c:\Users\david\.vscode\extensions\pivotal.vscode-spring-boot-1.38.0\language-server\BOOT-INF\lib\classgraph-4.8.149.jar;c:\Users\david\.vscode\extensions\pivotal.vscode-spring-boot-1.38.0\language-server\BOOT-INF\lib\commons-codec-1.14.jar;c:\Users\david\.vscode\extensions\pivotal.vscode-spring-boot-1.38.0\language-server\BOOT-INF\lib\commons-compress-1.21.jar;c:\Users\david\.vscode\extensions\pivotal.vscode-spring-boot-1.38.0\language-server\BOOT-INF\lib\commons-exec-1.3.jar;c:\Users\david\.vscode\extensions\pivotal.vscode-spring-boot-1.38.0\language-server\BOOT-INF\lib\com
Launcher Type: SUN_STANDARD

[Global flags]
     intx CICompilerCount                          = 4                                         {product} {ergonomic}
     uint ConcGCThreads                            = 2                                         {product} {ergonomic}
     uint G1ConcRefinementThreads                  = 8                                         {product} {ergonomic}
   size_t G1HeapRegionSize                         = 1048576                                   {product} {ergonomic}
    uintx GCDrainStackTargetSize                   = 64                                        {product} {ergonomic}
   size_t InitialHeapSize                          = 100663296                                 {product} {ergonomic}
   size_t MarkStackSize                            = 4194304                                   {product} {ergonomic}
   size_t MaxHeapSize                              = 1579155456                                {product} {ergonomic}
   size_t MaxNewSize                               = 946864128                                 {product} {ergonomic}
   size_t MinHeapDeltaBytes                        = 1048576                                   {product} {ergonomic}
   size_t MinHeapSize                              = 8388608                                   {product} {ergonomic}
    uintx NonProfiledCodeHeapSize                  = 0                                      {pd product} {ergonomic}
     bool ProfileInterpreter                       = false                                  {pd product} {command line}
    uintx ProfiledCodeHeapSize                     = 0                                      {pd product} {ergonomic}
   size_t SoftMaxHeapSize                          = 1579155456                             {manageable} {ergonomic}
     intx TieredStopAtLevel                        = 1                                         {product} {command line}
     bool UseCompressedClassPointers               = true                           {product lp64_product} {ergonomic}
     bool UseCompressedOops                        = true                           {product lp64_product} {ergonomic}
     bool UseG1GC                                  = true                                      {product} {ergonomic}
     bool UseLargePagesIndividualAllocation        = false                                  {pd product} {ergonomic}

Logging:
Log output configuration:
 #0: stdout all=warning uptime,level,tags
 #1: stderr all=off uptime,level,tags

Environment Variables:
PATH=C:\Program Files (x86)\Common Files\Oracle\Java\javapath;C:\Program Files\Common Files\Oracle\Java\javapath;C:\Python310\Scripts\;C:\Python310\;C:\Program Files\Java\zulu17.30.15-ca-jdk17.0.1-win_x64\bin;C:\WINDOWS\system32;C:\WINDOWS;C:\WINDOWS\System32\Wbem;C:\WINDOWS\System32\WindowsPowerShell\v1.0\;C:\WINDOWS\System32\OpenSSH\;C:\ProgramData\UNIVALI\Portugol Studio;C:\Php 8.0;C:\ProgramData\chocolatey\bin;C:\Program Files\nodejs\;C:\Program Files\Git\cmd;C:\Program Files\Microsoft SQL Server\150\Tools\Binn\;C:\Program Files\Microsoft SQL Server\Client SDK\ODBC\170\Tools\Binn\;C:\Program Files\dotnet\;C:\Users\david\AppData\Local\Microsoft\WindowsApps;;C:\Users\david\AppData\Local\Programs\Microsoft VS Code\bin;C:\Users\david\AppData\Roaming\npm;C:\Users\david\.dotnet\tools
USERNAME=david
OS=Windows_NT
PROCESSOR_IDENTIFIER=AMD64 Family 23 Model 24 Stepping 1, AuthenticAMD
TMP=C:\Users\david\AppData\Local\Temp
TEMP=C:\Users\david\AppData\Local\Temp



---------------  S Y S T E M  ---------------

OS:
 Windows 10 , 64 bit Build 19041 (10.0.19041.1806)
OS uptime: 0 days 12:41 hours

CPU: total 8 (initial active 8) (8 cores per cpu, 2 threads per core) family 23 model 24 stepping 1 microcode 0x0, cx8, cmov, fxsr, ht, mmx, 3dnowpref, sse, sse2, sse3, ssse3, sse4a, sse4.1, sse4.2, popcnt, lzcnt, tsc, tscinvbit, avx, avx2, aes, clmul, bmi1, bmi2, adx, sha, fma, vzeroupper, clflush, clflushopt

Memory: 4k page, system-wide physical 6019M (256M free)
TotalPageFile size 14211M (AvailPageFile size 203M)
current process WorkingSet (physical memory assigned to process): 299M, peak: 300M
current process commit charge ("private bytes"): 377M, peak: 846M

vm_info: OpenJDK 64-Bit Server VM (17.0.4+8) for windows-amd64 JRE (17.0.4+8), built on Jul 19 2022 16:05:16 by "temurin" with MS VC++ 16.7 (VS2019)

END.
