#
# There is insufficient memory for the Java Runtime Environment to continue.
# Native memory allocation (malloc) failed to allocate 1048576 bytes for AllocateHeap
# Possible reasons:
#   The system is out of physical RAM or swap space
#   The process is running with CompressedOops enabled, and the Java Heap may be blocking the growth of the native heap
# Possible solutions:
#   Reduce memory load on the system
#   Increase physical memory or swap space
#   Check if swap backing store is full
#   Decrease Java heap size (-Xmx/-Xms)
#   Decrease number of Java threads
#   Decrease Java thread stack sizes (-Xss)
#   Set larger code cache with -XX:ReservedCodeCacheSize=
#   JVM is running with Unscaled Compressed Oops mode in which the Java heap is
#     placed in the first 4GB address space. The Java Heap base address is the
#     maximum limit for the native heap growth. Please use -XX:HeapBaseMinAddress
#     to set the Java Heap base and to place the Java Heap above 4GB virtual address.
# This output file may be truncated or incomplete.
#
#  Out of Memory Error (allocation.cpp:44), pid=9608, tid=6820
#
# JRE version: OpenJDK Runtime Environment Temurin-17.0.4+8 (17.0.4+8) (build 17.0.4+8)
# Java VM: OpenJDK 64-Bit Server VM Temurin-17.0.4+8 (17.0.4+8, mixed mode, emulated-client, tiered, compressed oops, compressed class ptrs, g1 gc, windows-amd64)
# No core dump will be written. Minidumps are not enabled by default on client versions of Windows
#

---------------  S U M M A R Y ------------

Command Line: -Dsts.lsp.client=vscode -Dsts.log.file=/dev/null -XX:TieredStopAtLevel=1 -Dspring.config.location=file:c:\Users\david\.vscode\extensions\pivotal.vscode-spring-boot-1.38.0\language-server\BOOT-INF\classes\application.properties org.springframework.ide.vscode.boot.app.BootLanguageServerBootApp

Host: AMD Ryzen 5 3500U with Radeon Vega Mobile Gfx  , 8 cores, 5G,  Windows 10 , 64 bit Build 19041 (10.0.19041.1806)
Time: Tue Sep  6 10:06:16 2022 Hora oficial do Brasil elapsed time: 44047.647142 seconds (0d 12h 14m 7s)

---------------  T H R E A D  ---------------

Current thread (0x0000024ac073aae0):  VMThread "VM Thread" [stack: 0x000000acc3300000,0x000000acc3400000] [id=6820]

Stack: [0x000000acc3300000,0x000000acc3400000]
Native frames: (J=compiled Java code, j=interpreted, Vv=VM code, C=native code)
V  [jvm.dll+0x67733a]
V  [jvm.dll+0x8323c4]
V  [jvm.dll+0x833b6e]
V  [jvm.dll+0x8341d3]
V  [jvm.dll+0x2455e5]
V  [jvm.dll+0xa6393]
V  [jvm.dll+0x2f57a3]
V  [jvm.dll+0x2f14b0]
V  [jvm.dll+0x2d9b97]
V  [jvm.dll+0x31cca7]
V  [jvm.dll+0x83867b]
V  [jvm.dll+0x8393b4]
V  [jvm.dll+0x8398cc]
V  [jvm.dll+0x839ca4]
V  [jvm.dll+0x839d70]
V  [jvm.dll+0x7e245a]
V  [jvm.dll+0x6761c5]
C  [ucrtbase.dll+0x21bb2]
C  [KERNEL32.DLL+0x17034]
C  [ntdll.dll+0x52651]

VM_Operation (0x000000acc58fec00): G1CollectFull, mode: safepoint, requested by thread 0x0000024ac31a2020


---------------  P R O C E S S  ---------------

Threads class SMR info:
_java_thread_list=0x0000024ac34fc2a0, length=17, elements={
0x0000024ac0755750, 0x0000024ac07564d0, 0x0000024ac0790130, 0x0000024ac0791ec0,
0x0000024ac0795bb0, 0x0000024ac0796470, 0x0000024ac079b110, 0x0000024ac079da20,
0x0000024ac130a7f0, 0x0000024ac132b010, 0x0000024ac31a2020, 0x0000024ac31a24f0,
0x0000024ac31a2e90, 0x0000024ac31a3360, 0x0000024ac31a3830, 0x0000024ac319fe70,
0x0000024ac4ee07e0
}

Java Threads: ( => current thread )
  0x0000024ac0755750 JavaThread "Reference Handler" daemon [_thread_blocked, id=15032, stack(0x000000acc3400000,0x000000acc3500000)]
  0x0000024ac07564d0 JavaThread "Finalizer" daemon [_thread_blocked, id=12904, stack(0x000000acc3500000,0x000000acc3600000)]
  0x0000024ac0790130 JavaThread "Signal Dispatcher" daemon [_thread_blocked, id=6848, stack(0x000000acc3600000,0x000000acc3700000)]
  0x0000024ac0791ec0 JavaThread "Attach Listener" daemon [_thread_blocked, id=6264, stack(0x000000acc3700000,0x000000acc3800000)]
  0x0000024ac0795bb0 JavaThread "Service Thread" daemon [_thread_blocked, id=10784, stack(0x000000acc3800000,0x000000acc3900000)]
  0x0000024ac0796470 JavaThread "Monitor Deflation Thread" daemon [_thread_blocked, id=6468, stack(0x000000acc3900000,0x000000acc3a00000)]
  0x0000024ac079b110 JavaThread "C1 CompilerThread0" daemon [_thread_blocked, id=3928, stack(0x000000acc3a00000,0x000000acc3b00000)]
  0x0000024ac079da20 JavaThread "Sweeper thread" daemon [_thread_blocked, id=14792, stack(0x000000acc3b00000,0x000000acc3c00000)]
  0x0000024ac130a7f0 JavaThread "Notification Thread" daemon [_thread_blocked, id=12112, stack(0x000000acc3e00000,0x000000acc3f00000)]
  0x0000024ac132b010 JavaThread "Common-Cleaner" daemon [_thread_blocked, id=2172, stack(0x000000acc4000000,0x000000acc4100000)]
  0x0000024ac31a2020 JavaThread "pool-7-thread-1" [_thread_blocked, id=1144, stack(0x000000acc5800000,0x000000acc5900000)]
  0x0000024ac31a24f0 JavaThread "LanguageServerApp-lifecycle" [_thread_blocked, id=2556, stack(0x000000acc5900000,0x000000acc5a00000)]
  0x0000024ac31a2e90 JavaThread "DestroyJavaVM" [_thread_blocked, id=10908, stack(0x000000acc2d00000,0x000000acc2e00000)]
  0x0000024ac31a3360 JavaThread "pool-8-thread-1" [_thread_in_native, id=2836, stack(0x000000acc5a00000,0x000000acc5b00000)]
  0x0000024ac31a3830 JavaThread "Simple-Language-Server main thread" daemon [_thread_blocked, id=12892, stack(0x000000acc5f00000,0x000000acc6000000)]
  0x0000024ac319fe70 JavaThread "parallel-1" daemon [_thread_blocked, id=10780, stack(0x000000acc6100000,0x000000acc6200000)]
  0x0000024ac4ee07e0 JavaThread "pool-3-thread-1" [_thread_blocked, id=6668, stack(0x000000acc6200000,0x000000acc6300000)]

Other Threads:
=>0x0000024ac073aae0 VMThread "VM Thread" [stack: 0x000000acc3300000,0x000000acc3400000] [id=6820]
  0x0000024ab4729760 WatcherThread [stack: 0x000000acc3f00000,0x000000acc4000000] [id=7512]
  0x0000024ab4714b60 GCTaskThread "GC Thread#0" [stack: 0x000000acc2e00000,0x000000acc2f00000] [id=15272]
  0x0000024ac1c83820 GCTaskThread "GC Thread#1" [stack: 0x000000acc4200000,0x000000acc4300000] [id=10284]
  0x0000024ac1ce8350 GCTaskThread "GC Thread#2" [stack: 0x000000acc4300000,0x000000acc4400000] [id=10288]
  0x0000024ac1ce8e10 GCTaskThread "GC Thread#3" [stack: 0x000000acc4400000,0x000000acc4500000] [id=1688]
  0x0000024ac1ceb2e0 GCTaskThread "GC Thread#4" [stack: 0x000000acc4500000,0x000000acc4600000] [id=1400]
  0x0000024ac1ceb9a0 GCTaskThread "GC Thread#5" [stack: 0x000000acc4600000,0x000000acc4700000] [id=10420]
  0x0000024ac1cebc50 GCTaskThread "GC Thread#6" [stack: 0x000000acc4700000,0x000000acc4800000] [id=9360]
  0x0000024ac2a0aa80 GCTaskThread "GC Thread#7" [stack: 0x000000acc4900000,0x000000acc4a00000] [id=10256]
  0x0000024ab47215f0 ConcurrentGCThread "G1 Main Marker" [stack: 0x000000acc2f00000,0x000000acc3000000] [id=6532]
  0x0000024ab47236c0 ConcurrentGCThread "G1 Conc#0" [stack: 0x000000acc3000000,0x000000acc3100000] [id=10592]
  0x0000024ac2b43c80 ConcurrentGCThread "G1 Conc#1" [stack: 0x000000acc4a00000,0x000000acc4b00000] [id=1464]
  0x0000024ab47995c0 ConcurrentGCThread "G1 Refine#0" [stack: 0x000000acc3100000,0x000000acc3200000] [id=14196]
  0x0000024ac4c28260 ConcurrentGCThread "G1 Refine#1" [stack: 0x000000acc5b00000,0x000000acc5c00000] [id=5632]
  0x0000024ac4c26e40 ConcurrentGCThread "G1 Refine#2" [stack: 0x000000acc5c00000,0x000000acc5d00000] [id=264]
  0x0000024ac4c26b60 ConcurrentGCThread "G1 Refine#3" [stack: 0x000000acc5d00000,0x000000acc5e00000] [id=4400]
  0x0000024ac4c27ca0 ConcurrentGCThread "G1 Refine#4" [stack: 0x000000acc5e00000,0x000000acc5f00000] [id=14456]
  0x0000024ac4c28540 ConcurrentGCThread "G1 Refine#5" [stack: 0x000000acc6000000,0x000000acc6100000] [id=10032]
  0x0000024ab4799ef0 ConcurrentGCThread "G1 Service" [stack: 0x000000acc3200000,0x000000acc3300000] [id=12188]

Threads with active compile tasks:

VM state: at safepoint (normal execution)

VM Mutex/Monitor currently owned by a thread:  ([mutex/lock_event])
[0x0000024ab2519210] Threads_lock - owner thread: 0x0000024ac073aae0
[0x0000024ab46c6b10] Heap_lock - owner thread: 0x0000024ac31a2020

Heap address: 0x00000000a1e00000, size: 1506 MB, Compressed Oops mode: 32-bit

CDS archive(s) not mapped
Compressed class space mapped at: 0x0000000100000000-0x0000000140000000, reserved size: 1073741824
Narrow klass base: 0x0000000000000000, Narrow klass shift: 3, Narrow klass range: 0x140000000

GC Precious Log:
 CPUs: 8 total, 8 available
 Memory: 6019M
 Large Page Support: Disabled
 NUMA Support: Disabled
 Compressed Oops: Enabled (32-bit)
 Heap Region Size: 1M
 Heap Min Capacity: 8M
 Heap Initial Capacity: 96M
 Heap Max Capacity: 1506M
 Pre-touch: Disabled
 Parallel Workers: 8
 Concurrent Workers: 2
 Concurrent Refinement Workers: 8
 Periodic GC: Disabled

Heap:
 garbage-first heap   total 89088K, used 25841K [0x00000000a1e00000, 0x0000000100000000)
  region size 1024K, 1 young (1024K), 0 survivors (0K)
 Metaspace       used 44831K, committed 45312K, reserved 1089536K
  class space    used 6074K, committed 6272K, reserved 1048576K

Heap Regions: E=young(eden), S=young(survivor), O=old, HS=humongous(starts), HC=humongous(continues), CS=collection set, F=free, OA=open archive, CA=closed archive, TAMS=top-at-mark-start (previous, next)
|   0|0x00000000a1e00000, 0x00000000a1f00000, 0x00000000a1f00000|100%| O|  |TAMS 0x00000000a1f00000, 0x00000000a1e00000| Untracked 
|   1|0x00000000a1f00000, 0x00000000a2000000, 0x00000000a2000000|100%| O|  |TAMS 0x00000000a2000000, 0x00000000a1f00000| Untracked 
|   2|0x00000000a2000000, 0x00000000a2100000, 0x00000000a2100000|100%| O|  |TAMS 0x00000000a2100000, 0x00000000a2000000| Untracked 
|   3|0x00000000a2100000, 0x00000000a2200000, 0x00000000a2200000|100%| O|  |TAMS 0x00000000a2200000, 0x00000000a2100000| Untracked 
|   4|0x00000000a2200000, 0x00000000a22ffff0, 0x00000000a2300000| 99%| O|  |TAMS 0x00000000a22ffff0, 0x00000000a2200000| Untracked 
|   5|0x00000000a2300000, 0x00000000a23ffff0, 0x00000000a2400000| 99%| O|  |TAMS 0x00000000a23ffff0, 0x00000000a2300000| Untracked 
|   6|0x00000000a2400000, 0x00000000a24ffff0, 0x00000000a2500000| 99%| O|  |TAMS 0x00000000a24ffff0, 0x00000000a2400000| Untracked 
|   7|0x00000000a2500000, 0x00000000a25fffe8, 0x00000000a2600000| 99%| O|  |TAMS 0x00000000a25fffe8, 0x00000000a2500000| Untracked 
|   8|0x00000000a2600000, 0x00000000a26ffff8, 0x00000000a2700000| 99%| O|  |TAMS 0x00000000a26ffff8, 0x00000000a2600000| Untracked 
|   9|0x00000000a2700000, 0x00000000a27f8270, 0x00000000a2800000| 96%| O|  |TAMS 0x00000000a27f8270, 0x00000000a2700000| Untracked 
|  10|0x00000000a2800000, 0x00000000a28fffe8, 0x00000000a2900000| 99%| O|  |TAMS 0x00000000a28fffe8, 0x00000000a2800000| Untracked 
|  11|0x00000000a2900000, 0x00000000a2a00000, 0x00000000a2a00000|100%| O|  |TAMS 0x00000000a2a00000, 0x00000000a2900000| Untracked 
|  12|0x00000000a2a00000, 0x00000000a2affff8, 0x00000000a2b00000| 99%| O|  |TAMS 0x00000000a2affff8, 0x00000000a2a00000| Untracked 
|  13|0x00000000a2b00000, 0x00000000a2bfffe0, 0x00000000a2c00000| 99%| O|  |TAMS 0x00000000a2bfffe0, 0x00000000a2b00000| Untracked 
|  14|0x00000000a2c00000, 0x00000000a2d00000, 0x00000000a2d00000|100%| O|  |TAMS 0x00000000a2d00000, 0x00000000a2c00000| Untracked 
|  15|0x00000000a2d00000, 0x00000000a2dfffe0, 0x00000000a2e00000| 99%| O|  |TAMS 0x00000000a2dfffe0, 0x00000000a2d00000| Untracked 
|  16|0x00000000a2e00000, 0x00000000a2efffc0, 0x00000000a2f00000| 99%| O|  |TAMS 0x00000000a2efffc0, 0x00000000a2e00000| Untracked 
|  17|0x00000000a2f00000, 0x00000000a3000000, 0x00000000a3000000|100%| O|  |TAMS 0x00000000a3000000, 0x00000000a2f00000| Untracked 
|  18|0x00000000a3000000, 0x00000000a3100000, 0x00000000a3100000|100%| O|  |TAMS 0x00000000a3100000, 0x00000000a3000000| Untracked 
|  19|0x00000000a3100000, 0x00000000a3200000, 0x00000000a3200000|100%| O|  |TAMS 0x00000000a3200000, 0x00000000a3100000| Untracked 
|  20|0x00000000a3200000, 0x00000000a3300000, 0x00000000a3300000|100%| O|  |TAMS 0x00000000a3300000, 0x00000000a3200000| Untracked 
|  21|0x00000000a3300000, 0x00000000a33fffd0, 0x00000000a3400000| 99%| O|  |TAMS 0x00000000a33fffd0, 0x00000000a3300000| Untracked 
|  22|0x00000000a3400000, 0x00000000a34fff00, 0x00000000a3500000| 99%| O|  |TAMS 0x00000000a34fff00, 0x00000000a3400000| Untracked 
|  23|0x00000000a3500000, 0x00000000a3544720, 0x00000000a3600000| 26%| O|  |TAMS 0x00000000a3500000, 0x00000000a3500000| Untracked 
|  24|0x00000000a3600000, 0x00000000a3600048, 0x00000000a3700000|  0%| O|  |TAMS 0x00000000a3600000, 0x00000000a3600000| Untracked 
|  25|0x00000000a3700000, 0x00000000a3700000, 0x00000000a3800000|  0%| F|  |TAMS 0x00000000a3700000, 0x00000000a3700000| Untracked 
|  26|0x00000000a3800000, 0x00000000a3800000, 0x00000000a3900000|  0%| F|  |TAMS 0x00000000a3800000, 0x00000000a3800000| Untracked 
|  27|0x00000000a3900000, 0x00000000a3900000, 0x00000000a3a00000|  0%| F|  |TAMS 0x00000000a3900000, 0x00000000a3900000| Untracked 
|  28|0x00000000a3a00000, 0x00000000a3a00000, 0x00000000a3b00000|  0%| F|  |TAMS 0x00000000a3a00000, 0x00000000a3a00000| Untracked 
|  29|0x00000000a3b00000, 0x00000000a3bfffa8, 0x00000000a3c00000| 99%| O|  |TAMS 0x00000000a3bfffa8, 0x00000000a3b00000| Untracked 
|  30|0x00000000a3c00000, 0x00000000a3c00000, 0x00000000a3d00000|  0%| F|  |TAMS 0x00000000a3c00000, 0x00000000a3c00000| Untracked 
|  31|0x00000000a3d00000, 0x00000000a3e00000, 0x00000000a3e00000|100%| O|  |TAMS 0x00000000a3e00000, 0x00000000a3d00000| Untracked 
|  32|0x00000000a3e00000, 0x00000000a3e00000, 0x00000000a3f00000|  0%| F|  |TAMS 0x00000000a3e00000, 0x00000000a3e00000| Untracked 
|  33|0x00000000a3f00000, 0x00000000a3f00000, 0x00000000a4000000|  0%| F|  |TAMS 0x00000000a3f00000, 0x00000000a3f00000| Untracked 
|  34|0x00000000a4000000, 0x00000000a4000000, 0x00000000a4100000|  0%| F|  |TAMS 0x00000000a4000000, 0x00000000a4000000| Untracked 
|  35|0x00000000a4100000, 0x00000000a4100000, 0x00000000a4200000|  0%| F|  |TAMS 0x00000000a4100000, 0x00000000a4100000| Untracked 
|  36|0x00000000a4200000, 0x00000000a4200000, 0x00000000a4300000|  0%| F|  |TAMS 0x00000000a4200000, 0x00000000a4200000| Untracked 
|  37|0x00000000a4300000, 0x00000000a4300000, 0x00000000a4400000|  0%| F|  |TAMS 0x00000000a4300000, 0x00000000a4300000| Untracked 
|  38|0x00000000a4400000, 0x00000000a4400000, 0x00000000a4500000|  0%| F|  |TAMS 0x00000000a4400000, 0x00000000a4400000| Untracked 
|  39|0x00000000a4500000, 0x00000000a4500000, 0x00000000a4600000|  0%| F|  |TAMS 0x00000000a4500000, 0x00000000a4500000| Untracked 
|  40|0x00000000a4600000, 0x00000000a4600000, 0x00000000a4700000|  0%| F|  |TAMS 0x00000000a4600000, 0x00000000a4600000| Untracked 
|  41|0x00000000a4700000, 0x00000000a4700000, 0x00000000a4800000|  0%| F|  |TAMS 0x00000000a4700000, 0x00000000a4700000| Untracked 
|  42|0x00000000a4800000, 0x00000000a4800000, 0x00000000a4900000|  0%| F|  |TAMS 0x00000000a4800000, 0x00000000a4800000| Untracked 
|  43|0x00000000a4900000, 0x00000000a4900000, 0x00000000a4a00000|  0%| F|  |TAMS 0x00000000a4900000, 0x00000000a4900000| Untracked 
|  44|0x00000000a4a00000, 0x00000000a4a00000, 0x00000000a4b00000|  0%| F|  |TAMS 0x00000000a4a00000, 0x00000000a4a00000| Untracked 
|  45|0x00000000a4b00000, 0x00000000a4b00000, 0x00000000a4c00000|  0%| F|  |TAMS 0x00000000a4b00000, 0x00000000a4b00000| Untracked 
|  46|0x00000000a4c00000, 0x00000000a4c00000, 0x00000000a4d00000|  0%| F|  |TAMS 0x00000000a4c00000, 0x00000000a4c00000| Untracked 
|  47|0x00000000a4d00000, 0x00000000a4d00000, 0x00000000a4e00000|  0%| F|  |TAMS 0x00000000a4d00000, 0x00000000a4d00000| Untracked 
|  48|0x00000000a4e00000, 0x00000000a4e00000, 0x00000000a4f00000|  0%| F|  |TAMS 0x00000000a4e00000, 0x00000000a4e00000| Untracked 
|  49|0x00000000a4f00000, 0x00000000a4f00000, 0x00000000a5000000|  0%| F|  |TAMS 0x00000000a4f00000, 0x00000000a4f00000| Untracked 
|  50|0x00000000a5000000, 0x00000000a5000000, 0x00000000a5100000|  0%| F|  |TAMS 0x00000000a5000000, 0x00000000a5000000| Untracked 
|  51|0x00000000a5100000, 0x00000000a5100000, 0x00000000a5200000|  0%| F|  |TAMS 0x00000000a5100000, 0x00000000a5100000| Untracked 
|  52|0x00000000a5200000, 0x00000000a5200000, 0x00000000a5300000|  0%| F|  |TAMS 0x00000000a5200000, 0x00000000a5200000| Untracked 
|  53|0x00000000a5300000, 0x00000000a5300000, 0x00000000a5400000|  0%| F|  |TAMS 0x00000000a5300000, 0x00000000a5300000| Untracked 
|  54|0x00000000a5400000, 0x00000000a5400000, 0x00000000a5500000|  0%| F|  |TAMS 0x00000000a5400000, 0x00000000a5400000| Untracked 
|  55|0x00000000a5500000, 0x00000000a5500000, 0x00000000a5600000|  0%| F|  |TAMS 0x00000000a5500000, 0x00000000a5500000| Untracked 
|  56|0x00000000a5600000, 0x00000000a5600000, 0x00000000a5700000|  0%| F|  |TAMS 0x00000000a5600000, 0x00000000a5600000| Untracked 
|  57|0x00000000a5700000, 0x00000000a5700000, 0x00000000a5800000|  0%| F|  |TAMS 0x00000000a5700000, 0x00000000a5700000| Untracked 
|  58|0x00000000a5800000, 0x00000000a5800000, 0x00000000a5900000|  0%| F|  |TAMS 0x00000000a5800000, 0x00000000a5800000| Untracked 
|  59|0x00000000a5900000, 0x00000000a5900000, 0x00000000a5a00000|  0%| F|  |TAMS 0x00000000a5900000, 0x00000000a5900000| Untracked 
|  60|0x00000000a5a00000, 0x00000000a5a00000, 0x00000000a5b00000|  0%| F|  |TAMS 0x00000000a5a00000, 0x00000000a5a00000| Untracked 
|  61|0x00000000a5b00000, 0x00000000a5b00000, 0x00000000a5c00000|  0%| F|  |TAMS 0x00000000a5b00000, 0x00000000a5b00000| Untracked 
|  62|0x00000000a5c00000, 0x00000000a5c00000, 0x00000000a5d00000|  0%| F|  |TAMS 0x00000000a5c00000, 0x00000000a5c00000| Untracked 
|  63|0x00000000a5d00000, 0x00000000a5d00000, 0x00000000a5e00000|  0%| F|  |TAMS 0x00000000a5d00000, 0x00000000a5d00000| Untracked 
|  64|0x00000000a5e00000, 0x00000000a5e00000, 0x00000000a5f00000|  0%| F|  |TAMS 0x00000000a5e00000, 0x00000000a5e00000| Untracked 
|  65|0x00000000a5f00000, 0x00000000a5f00000, 0x00000000a6000000|  0%| F|  |TAMS 0x00000000a5f00000, 0x00000000a5f00000| Untracked 
|  66|0x00000000a6000000, 0x00000000a6000000, 0x00000000a6100000|  0%| F|  |TAMS 0x00000000a6000000, 0x00000000a6000000| Untracked 
|  67|0x00000000a6100000, 0x00000000a6100000, 0x00000000a6200000|  0%| F|  |TAMS 0x00000000a6100000, 0x00000000a6100000| Untracked 
|  68|0x00000000a6200000, 0x00000000a6200000, 0x00000000a6300000|  0%| F|  |TAMS 0x00000000a6200000, 0x00000000a6200000| Untracked 
|  69|0x00000000a6300000, 0x00000000a6300000, 0x00000000a6400000|  0%| F|  |TAMS 0x00000000a6300000, 0x00000000a6300000| Untracked 
|  70|0x00000000a6400000, 0x00000000a6400000, 0x00000000a6500000|  0%| F|  |TAMS 0x00000000a6400000, 0x00000000a6400000| Untracked 
|  71|0x00000000a6500000, 0x00000000a6500000, 0x00000000a6600000|  0%| F|  |TAMS 0x00000000a6500000, 0x00000000a6500000| Untracked 
|  72|0x00000000a6600000, 0x00000000a6600000, 0x00000000a6700000|  0%| F|  |TAMS 0x00000000a6600000, 0x00000000a6600000| Untracked 
|  73|0x00000000a6700000, 0x00000000a6700000, 0x00000000a6800000|  0%| F|  |TAMS 0x00000000a6700000, 0x00000000a6700000| Untracked 
|  74|0x00000000a6800000, 0x00000000a6800000, 0x00000000a6900000|  0%| F|  |TAMS 0x00000000a6800000, 0x00000000a6800000| Untracked 
|  75|0x00000000a6900000, 0x00000000a6900000, 0x00000000a6a00000|  0%| F|  |TAMS 0x00000000a6900000, 0x00000000a6900000| Untracked 
|  76|0x00000000a6a00000, 0x00000000a6a00000, 0x00000000a6b00000|  0%| F|  |TAMS 0x00000000a6a00000, 0x00000000a6a00000| Untracked 
|  77|0x00000000a6b00000, 0x00000000a6b00000, 0x00000000a6c00000|  0%| F|  |TAMS 0x00000000a6b00000, 0x00000000a6b00000| Untracked 
|  78|0x00000000a6c00000, 0x00000000a6c00000, 0x00000000a6d00000|  0%| F|  |TAMS 0x00000000a6c00000, 0x00000000a6c00000| Untracked 
|  79|0x00000000a6d00000, 0x00000000a6d00000, 0x00000000a6e00000|  0%| F|  |TAMS 0x00000000a6d00000, 0x00000000a6d00000| Untracked 
|  80|0x00000000a6e00000, 0x00000000a6e00000, 0x00000000a6f00000|  0%| F|  |TAMS 0x00000000a6e00000, 0x00000000a6e00000| Untracked 
|  81|0x00000000a6f00000, 0x00000000a6f00000, 0x00000000a7000000|  0%| F|  |TAMS 0x00000000a6f00000, 0x00000000a6f00000| Untracked 
|  82|0x00000000a7000000, 0x00000000a7000000, 0x00000000a7100000|  0%| F|  |TAMS 0x00000000a7000000, 0x00000000a7000000| Untracked 
|  83|0x00000000a7100000, 0x00000000a7100000, 0x00000000a7200000|  0%| F|  |TAMS 0x00000000a7100000, 0x00000000a7100000| Untracked 
|  84|0x00000000a7200000, 0x00000000a7200000, 0x00000000a7300000|  0%| F|  |TAMS 0x00000000a7200000, 0x00000000a7200000| Untracked 
|  85|0x00000000a7300000, 0x00000000a7300000, 0x00000000a7400000|  0%| F|  |TAMS 0x00000000a7300000, 0x00000000a7300000| Untracked 
|  86|0x00000000a7400000, 0x00000000a7404e30, 0x00000000a7500000|  1%| E|  |TAMS 0x00000000a7400000, 0x00000000a7400000| Complete 

Card table byte_map: [0x0000024aba780000,0x0000024abaa80000] _byte_map_base: 0x0000024aba271000

Marking Bits (Prev, Next): (CMBitMap*) 0x0000024ab47150c0, (CMBitMap*) 0x0000024ab4715080
 Prev Bits: [0x0000024abc510000, 0x0000024abdc98000)
 Next Bits: [0x0000024abad80000, 0x0000024abc508000)

Polling page: 0x0000024ab24e0000

Metaspace:

Usage:
  Non-class:     37.85 MB used.
      Class:      5.93 MB used.
       Both:     43.78 MB used.

Virtual space:
  Non-class space:       40.00 MB reserved,      38.12 MB ( 95%) committed,  5 nodes.
      Class space:        1.00 GB reserved,       6.12 MB ( <1%) committed,  1 nodes.
             Both:        1.04 GB reserved,      44.25 MB (  4%) committed. 

Chunk freelists:
   Non-Class:  1.35 MB
       Class:  1.97 MB
        Both:  3.31 MB

MaxMetaspaceSize: unlimited
CompressedClassSpaceSize: 1.00 GB
Initial GC threshold: 21.00 MB
Current GC threshold: 73.75 MB
CDS: off
MetaspaceReclaimPolicy: balanced
 - commit_granule_bytes: 65536.
 - commit_granule_words: 8192.
 - virtual_space_node_default_size: 1048576.
 - enlarge_chunks_in_place: 1.
 - new_chunks_are_fully_committed: 0.
 - uncommit_free_chunks: 1.
 - use_allocation_guard: 0.
 - handle_deallocations: 1.


Internal statistics:

num_allocs_failed_limit: 5.
num_arena_births: 410.
num_arena_deaths: 114.
num_vsnodes_births: 6.
num_vsnodes_deaths: 0.
num_space_committed: 708.
num_space_uncommitted: 0.
num_chunks_returned_to_freelist: 130.
num_chunks_taken_from_freelist: 1769.
num_chunk_merges: 47.
num_chunk_splits: 1256.
num_chunks_enlarged: 1001.
num_purges: 6.
num_inconsistent_stats: 0.

CodeCache: size=49152Kb used=11016Kb max_used=12108Kb free=38135Kb
 bounds [0x0000024ab7360000, 0x0000024ab7fa0000, 0x0000024aba360000]
 total_blobs=6451 nmethods=5887 adapters=491
 compilation: enabled
              stopped_count=0, restarted_count=0
 full_count=0

Compilation events (20 events):
Event: 4030.884 Thread 0x0000024ac079b110 5897   !   1       java.lang.ProcessImpl::start (733 bytes)
Event: 4031.085 Thread 0x0000024ac079b110 nmethod 5897 0x0000024ab74d6710 code [0x0000024ab74d6ce0, 0x0000024ab74d9c38]
Event: 4031.141 Thread 0x0000024ac079b110 5912   !   1       java.io.FilterOutputStream::close (183 bytes)
Event: 4031.211 Thread 0x0000024ac079b110 nmethod 5912 0x0000024ab74d5990 code [0x0000024ab74d5ba0, 0x0000024ab74d6078]
Event: 4031.211 Thread 0x0000024ac079b110 5913   !   1       java.io.FileOutputStream::close (69 bytes)
Event: 4031.216 Thread 0x0000024ac376b780 5915       1       java.io.FileOutputStream$1::close (11 bytes)
Event: 4031.216 Thread 0x0000024ac376b270 5914       1       java.io.FileOutputStream$1::<init> (10 bytes)
Event: 4031.217 Thread 0x0000024ac376b270 nmethod 5914 0x0000024ab74d5690 code [0x0000024ab74d5820, 0x0000024ab74d5938]
Event: 4031.217 Thread 0x0000024ac376b270 5916       1       java.lang.System::gc (7 bytes)
Event: 4031.217 Thread 0x0000024ac376b270 nmethod 5916 0x0000024ab74d5390 code [0x0000024ab74d5520, 0x0000024ab74d55e8]
Event: 4031.217 Thread 0x0000024ac376b780 nmethod 5915 0x0000024ab74d4d10 code [0x0000024ab74d4ec0, 0x0000024ab74d51d8]
Event: 4031.224 Thread 0x0000024ac079b110 nmethod 5913 0x0000024ab74d4690 code [0x0000024ab74d4860, 0x0000024ab74d4bd8]
Event: 5273.283 Thread 0x0000024ac079b110 5918   !   1       org.springframework.ide.vscode.commons.languageserver.util.ParentProcessWatcher::parentProcessStillRunning (413 bytes)
Event: 5273.944 Thread 0x0000024ac079b110 nmethod 5918 0x0000024ab74cfd10 code [0x0000024ab74d0400, 0x0000024ab74d2c18]
Event: 5344.854 Thread 0x0000024ac079b110 5919   !   1       java.lang.ProcessImpl::<init> (327 bytes)
Event: 5345.968 Thread 0x0000024ac079b110 nmethod 5919 0x0000024ab74cd810 code [0x0000024ab74cdc20, 0x0000024ab74ceea8]
Event: 6651.219 Thread 0x0000024ac079b110 5930       1       java.lang.ProcessImpl$2::run (242 bytes)
Event: 6651.273 Thread 0x0000024ac079b110 nmethod 5930 0x0000024ab74cc190 code [0x0000024ab74cc440, 0x0000024ab74cd1d8]
Event: 7960.209 Thread 0x0000024ac079b110 5933       1       java.lang.ProcessImpl::waitFor (136 bytes)
Event: 7960.297 Thread 0x0000024ac079b110 nmethod 5933 0x0000024ab74cb910 code [0x0000024ab74cbb20, 0x0000024ab74cbf18]

GC Heap History (20 events):
Event: 43945.342 GC heap before
{Heap before GC invocations=1482 (full 1446):
 garbage-first heap   total 89088K, used 25841K [0x00000000a1e00000, 0x0000000100000000)
  region size 1024K, 1 young (1024K), 0 survivors (0K)
 Metaspace       used 44831K, committed 45312K, reserved 1089536K
  class space    used 6074K, committed 6272K, reserved 1048576K
}
Event: 43945.380 GC heap after
{Heap after GC invocations=1483 (full 1447):
 garbage-first heap   total 89088K, used 25841K [0x00000000a1e00000, 0x0000000100000000)
  region size 1024K, 0 young (0K), 0 survivors (0K)
 Metaspace       used 44831K, committed 45312K, reserved 1089536K
  class space    used 6074K, committed 6272K, reserved 1048576K
}
Event: 43955.567 GC heap before
{Heap before GC invocations=1483 (full 1447):
 garbage-first heap   total 89088K, used 25841K [0x00000000a1e00000, 0x0000000100000000)
  region size 1024K, 1 young (1024K), 0 survivors (0K)
 Metaspace       used 44831K, committed 45312K, reserved 1089536K
  class space    used 6074K, committed 6272K, reserved 1048576K
}
Event: 43955.607 GC heap after
{Heap after GC invocations=1484 (full 1448):
 garbage-first heap   total 89088K, used 25841K [0x00000000a1e00000, 0x0000000100000000)
  region size 1024K, 0 young (0K), 0 survivors (0K)
 Metaspace       used 44831K, committed 45312K, reserved 1089536K
  class space    used 6074K, committed 6272K, reserved 1048576K
}
Event: 43965.787 GC heap before
{Heap before GC invocations=1484 (full 1448):
 garbage-first heap   total 89088K, used 25841K [0x00000000a1e00000, 0x0000000100000000)
  region size 1024K, 1 young (1024K), 0 survivors (0K)
 Metaspace       used 44831K, committed 45312K, reserved 1089536K
  class space    used 6074K, committed 6272K, reserved 1048576K
}
Event: 43965.824 GC heap after
{Heap after GC invocations=1485 (full 1449):
 garbage-first heap   total 89088K, used 25841K [0x00000000a1e00000, 0x0000000100000000)
  region size 1024K, 0 young (0K), 0 survivors (0K)
 Metaspace       used 44831K, committed 45312K, reserved 1089536K
  class space    used 6074K, committed 6272K, reserved 1048576K
}
Event: 43976.007 GC heap before
{Heap before GC invocations=1485 (full 1449):
 garbage-first heap   total 89088K, used 25841K [0x00000000a1e00000, 0x0000000100000000)
  region size 1024K, 1 young (1024K), 0 survivors (0K)
 Metaspace       used 44831K, committed 45312K, reserved 1089536K
  class space    used 6074K, committed 6272K, reserved 1048576K
}
Event: 43976.054 GC heap after
{Heap after GC invocations=1486 (full 1450):
 garbage-first heap   total 89088K, used 25841K [0x00000000a1e00000, 0x0000000100000000)
  region size 1024K, 0 young (0K), 0 survivors (0K)
 Metaspace       used 44831K, committed 45312K, reserved 1089536K
  class space    used 6074K, committed 6272K, reserved 1048576K
}
Event: 43986.233 GC heap before
{Heap before GC invocations=1486 (full 1450):
 garbage-first heap   total 89088K, used 25841K [0x00000000a1e00000, 0x0000000100000000)
  region size 1024K, 1 young (1024K), 0 survivors (0K)
 Metaspace       used 44831K, committed 45312K, reserved 1089536K
  class space    used 6074K, committed 6272K, reserved 1048576K
}
Event: 43986.267 GC heap after
{Heap after GC invocations=1487 (full 1451):
 garbage-first heap   total 89088K, used 25841K [0x00000000a1e00000, 0x0000000100000000)
  region size 1024K, 0 young (0K), 0 survivors (0K)
 Metaspace       used 44831K, committed 45312K, reserved 1089536K
  class space    used 6074K, committed 6272K, reserved 1048576K
}
Event: 43996.458 GC heap before
{Heap before GC invocations=1487 (full 1451):
 garbage-first heap   total 89088K, used 25841K [0x00000000a1e00000, 0x0000000100000000)
  region size 1024K, 1 young (1024K), 0 survivors (0K)
 Metaspace       used 44831K, committed 45312K, reserved 1089536K
  class space    used 6074K, committed 6272K, reserved 1048576K
}
Event: 43996.501 GC heap after
{Heap after GC invocations=1488 (full 1452):
 garbage-first heap   total 89088K, used 25841K [0x00000000a1e00000, 0x0000000100000000)
  region size 1024K, 0 young (0K), 0 survivors (0K)
 Metaspace       used 44831K, committed 45312K, reserved 1089536K
  class space    used 6074K, committed 6272K, reserved 1048576K
}
Event: 44006.649 GC heap before
{Heap before GC invocations=1488 (full 1452):
 garbage-first heap   total 89088K, used 25841K [0x00000000a1e00000, 0x0000000100000000)
  region size 1024K, 1 young (1024K), 0 survivors (0K)
 Metaspace       used 44831K, committed 45312K, reserved 1089536K
  class space    used 6074K, committed 6272K, reserved 1048576K
}
Event: 44006.686 GC heap after
{Heap after GC invocations=1489 (full 1453):
 garbage-first heap   total 89088K, used 25841K [0x00000000a1e00000, 0x0000000100000000)
  region size 1024K, 0 young (0K), 0 survivors (0K)
 Metaspace       used 44831K, committed 45312K, reserved 1089536K
  class space    used 6074K, committed 6272K, reserved 1048576K
}
Event: 44016.993 GC heap before
{Heap before GC invocations=1489 (full 1453):
 garbage-first heap   total 89088K, used 25841K [0x00000000a1e00000, 0x0000000100000000)
  region size 1024K, 1 young (1024K), 0 survivors (0K)
 Metaspace       used 44831K, committed 45312K, reserved 1089536K
  class space    used 6074K, committed 6272K, reserved 1048576K
}
Event: 44017.032 GC heap after
{Heap after GC invocations=1490 (full 1454):
 garbage-first heap   total 89088K, used 25841K [0x00000000a1e00000, 0x0000000100000000)
  region size 1024K, 0 young (0K), 0 survivors (0K)
 Metaspace       used 44831K, committed 45312K, reserved 1089536K
  class space    used 6074K, committed 6272K, reserved 1048576K
}
Event: 44027.260 GC heap before
{Heap before GC invocations=1490 (full 1454):
 garbage-first heap   total 89088K, used 25841K [0x00000000a1e00000, 0x0000000100000000)
  region size 1024K, 1 young (1024K), 0 survivors (0K)
 Metaspace       used 44831K, committed 45312K, reserved 1089536K
  class space    used 6074K, committed 6272K, reserved 1048576K
}
Event: 44027.300 GC heap after
{Heap after GC invocations=1491 (full 1455):
 garbage-first heap   total 89088K, used 25841K [0x00000000a1e00000, 0x0000000100000000)
  region size 1024K, 0 young (0K), 0 survivors (0K)
 Metaspace       used 44831K, committed 45312K, reserved 1089536K
  class space    used 6074K, committed 6272K, reserved 1048576K
}
Event: 44037.506 GC heap before
{Heap before GC invocations=1491 (full 1455):
 garbage-first heap   total 89088K, used 25841K [0x00000000a1e00000, 0x0000000100000000)
  region size 1024K, 1 young (1024K), 0 survivors (0K)
 Metaspace       used 44831K, committed 45312K, reserved 1089536K
  class space    used 6074K, committed 6272K, reserved 1048576K
}
Event: 44037.545 GC heap after
{Heap after GC invocations=1492 (full 1456):
 garbage-first heap   total 89088K, used 25841K [0x00000000a1e00000, 0x0000000100000000)
  region size 1024K, 0 young (0K), 0 survivors (0K)
 Metaspace       used 44831K, committed 45312K, reserved 1089536K
  class space    used 6074K, committed 6272K, reserved 1048576K
}

Deoptimization events (20 events):
Event: 10.027 Thread 0x0000024ac310a920 DEOPT PACKING pc=0x0000024ab76ec6ab sp=0x000000acc41fe2f0
Event: 10.027 Thread 0x0000024ac310a920 DEOPT UNPACKING pc=0x0000024ab73b2b43 sp=0x000000acc41fd838 mode 3
Event: 10.197 Thread 0x0000024ac31a29c0 DEOPT PACKING pc=0x0000024ab789f701 sp=0x000000acc54fed30
Event: 10.197 Thread 0x0000024ac31a29c0 DEOPT UNPACKING pc=0x0000024ab73b2b43 sp=0x000000acc54fe1c0 mode 3
Event: 10.632 Thread 0x0000024ac318d3d0 DEOPT PACKING pc=0x0000024ab7897e97 sp=0x000000acc50fef70
Event: 10.632 Thread 0x0000024ac318d3d0 DEOPT UNPACKING pc=0x0000024ab73b2b43 sp=0x000000acc50fe3c8 mode 3
Event: 10.724 Thread 0x0000024ac31a3830 DEOPT PACKING pc=0x0000024ab7b41935 sp=0x000000acc5ffd8e0
Event: 10.724 Thread 0x0000024ac31a3830 DEOPT UNPACKING pc=0x0000024ab73b2b43 sp=0x000000acc5ffce08 mode 3
Event: 20.236 Thread 0x0000024ac310a920 DEOPT PACKING pc=0x0000024ab787a752 sp=0x000000acc41fd380
Event: 20.236 Thread 0x0000024ac310a920 DEOPT UNPACKING pc=0x0000024ab73b2b43 sp=0x000000acc41fc888 mode 3
Event: 20.913 Thread 0x0000024ac310a920 DEOPT PACKING pc=0x0000024ab7e38c74 sp=0x000000acc41fdbf0
Event: 20.913 Thread 0x0000024ac310a920 DEOPT UNPACKING pc=0x0000024ab73b2b43 sp=0x000000acc41fd0e8 mode 0
Event: 20.913 Thread 0x0000024ac310a920 DEOPT PACKING pc=0x0000024ab7e50474 sp=0x000000acc41fdcc0
Event: 20.913 Thread 0x0000024ac310a920 DEOPT UNPACKING pc=0x0000024ab73b2b43 sp=0x000000acc41fd198 mode 0
Event: 20.913 Thread 0x0000024ac310a920 DEOPT PACKING pc=0x0000024ab7df0924 sp=0x000000acc41fdd70
Event: 20.913 Thread 0x0000024ac310a920 DEOPT UNPACKING pc=0x0000024ab73b2b43 sp=0x000000acc41fd2f0 mode 0
Event: 20.914 Thread 0x0000024ac310a920 DEOPT PACKING pc=0x0000024ab7e20d2c sp=0x000000acc41fe070
Event: 20.914 Thread 0x0000024ac310a920 DEOPT UNPACKING pc=0x0000024ab73b2b43 sp=0x000000acc41fd500 mode 0
Event: 654.441 Thread 0x0000024ac31a3360 DEOPT PACKING pc=0x0000024ab79badd4 sp=0x000000acc5afeb90
Event: 654.442 Thread 0x0000024ac31a3360 DEOPT UNPACKING pc=0x0000024ab73b2b43 sp=0x000000acc5afe038 mode 0

Classes unloaded (20 events):
Event: 102.918 Thread 0x0000024ac073aae0 Unloading class 0x000000010060c400 'jdk/internal/reflect/GeneratedConstructorAccessor18'
Event: 102.918 Thread 0x0000024ac073aae0 Unloading class 0x00000001005d0000 'jdk/internal/reflect/GeneratedMethodAccessor28'
Event: 102.918 Thread 0x0000024ac073aae0 Unloading class 0x00000001004dc400 'java/lang/invoke/LambdaForm$MH+0x00000001004dc400'
Event: 102.918 Thread 0x0000024ac073aae0 Unloading class 0x00000001004dc000 'java/lang/invoke/LambdaForm$MH+0x00000001004dc000'
Event: 102.918 Thread 0x0000024ac073aae0 Unloading class 0x00000001004dbc00 'java/lang/invoke/LambdaForm$MH+0x00000001004dbc00'
Event: 102.918 Thread 0x0000024ac073aae0 Unloading class 0x00000001004db800 'java/lang/invoke/LambdaForm$MH+0x00000001004db800'
Event: 102.918 Thread 0x0000024ac073aae0 Unloading class 0x00000001004db400 'java/lang/invoke/LambdaForm$MH+0x00000001004db400'
Event: 102.918 Thread 0x0000024ac073aae0 Unloading class 0x00000001004db000 'java/lang/invoke/LambdaForm$MH+0x00000001004db000'
Event: 102.918 Thread 0x0000024ac073aae0 Unloading class 0x00000001004da400 'java/lang/invoke/LambdaForm$MH+0x00000001004da400'
Event: 102.918 Thread 0x0000024ac073aae0 Unloading class 0x00000001004d9c00 'java/lang/invoke/LambdaForm$MH+0x00000001004d9c00'
Event: 102.918 Thread 0x0000024ac073aae0 Unloading class 0x00000001004d9800 'java/lang/invoke/LambdaForm$MH+0x00000001004d9800'
Event: 102.918 Thread 0x0000024ac073aae0 Unloading class 0x00000001004d9400 'java/lang/invoke/LambdaForm$MH+0x00000001004d9400'
Event: 102.918 Thread 0x0000024ac073aae0 Unloading class 0x00000001004d8c00 'java/lang/invoke/LambdaForm$MH+0x00000001004d8c00'
Event: 102.918 Thread 0x0000024ac073aae0 Unloading class 0x00000001004d8800 'java/lang/invoke/LambdaForm$MH+0x00000001004d8800'
Event: 102.918 Thread 0x0000024ac073aae0 Unloading class 0x0000000100380800 'java/lang/invoke/LambdaForm$MH+0x0000000100380800'
Event: 102.918 Thread 0x0000024ac073aae0 Unloading class 0x0000000100380400 'java/lang/invoke/LambdaForm$MH+0x0000000100380400'
Event: 102.918 Thread 0x0000024ac073aae0 Unloading class 0x0000000100380000 'java/lang/invoke/LambdaForm$MH+0x0000000100380000'
Event: 102.918 Thread 0x0000024ac073aae0 Unloading class 0x0000000100349800 'java/lang/invoke/LambdaForm$MH+0x0000000100349800'
Event: 102.918 Thread 0x0000024ac073aae0 Unloading class 0x0000000100349400 'java/lang/invoke/LambdaForm$MH+0x0000000100349400'
Event: 102.918 Thread 0x0000024ac073aae0 Unloading class 0x00000001000c8000 'java/lang/invoke/LambdaForm$MH+0x00000001000c8000'

Classes redefined (0 events):
No events

Internal exceptions (20 events):
Event: 19.700 Thread 0x0000024ac4ee1b20 Exception <a 'sun/nio/fs/WindowsException'{0x00000000d3d07208}> (0x00000000d3d07208) 
thrown [s\src\hotspot\share\prims\jni.cpp, line 516]
Event: 19.700 Thread 0x0000024ac4ee1b20 Exception <a 'sun/nio/fs/WindowsException'{0x00000000d3d07c08}> (0x00000000d3d07c08) 
thrown [s\src\hotspot\share\prims\jni.cpp, line 516]
Event: 19.700 Thread 0x0000024ac4ee1b20 Exception <a 'sun/nio/fs/WindowsException'{0x00000000d3d07fc8}> (0x00000000d3d07fc8) 
thrown [s\src\hotspot\share\prims\jni.cpp, line 516]
Event: 19.700 Thread 0x0000024ac4ee1b20 Exception <a 'sun/nio/fs/WindowsException'{0x00000000d3d089c8}> (0x00000000d3d089c8) 
thrown [s\src\hotspot\share\prims\jni.cpp, line 516]
Event: 19.700 Thread 0x0000024ac4ee1b20 Exception <a 'sun/nio/fs/WindowsException'{0x00000000d3d08d78}> (0x00000000d3d08d78) 
thrown [s\src\hotspot\share\prims\jni.cpp, line 516]
Event: 19.700 Thread 0x0000024ac4ee1b20 Exception <a 'sun/nio/fs/WindowsException'{0x00000000d3d09778}> (0x00000000d3d09778) 
thrown [s\src\hotspot\share\prims\jni.cpp, line 516]
Event: 19.700 Thread 0x0000024ac4ee1b20 Exception <a 'sun/nio/fs/WindowsException'{0x00000000d3d09b38}> (0x00000000d3d09b38) 
thrown [s\src\hotspot\share\prims\jni.cpp, line 516]
Event: 19.700 Thread 0x0000024ac4ee1b20 Exception <a 'sun/nio/fs/WindowsException'{0x00000000d3d0a560}> (0x00000000d3d0a560) 
thrown [s\src\hotspot\share\prims\jni.cpp, line 516]
Event: 19.700 Thread 0x0000024ac4ee1b20 Exception <a 'sun/nio/fs/WindowsException'{0x00000000d3d0a940}> (0x00000000d3d0a940) 
thrown [s\src\hotspot\share\prims\jni.cpp, line 516]
Event: 19.701 Thread 0x0000024ac4ee1b20 Exception <a 'sun/nio/fs/WindowsException'{0x00000000d3d0b378}> (0x00000000d3d0b378) 
thrown [s\src\hotspot\share\prims\jni.cpp, line 516]
Event: 19.701 Thread 0x0000024ac4ee1b20 Exception <a 'sun/nio/fs/WindowsException'{0x00000000d3d0b768}> (0x00000000d3d0b768) 
thrown [s\src\hotspot\share\prims\jni.cpp, line 516]
Event: 19.701 Thread 0x0000024ac4ee1b20 Exception <a 'sun/nio/fs/WindowsException'{0x00000000d3d0c190}> (0x00000000d3d0c190) 
thrown [s\src\hotspot\share\prims\jni.cpp, line 516]
Event: 19.701 Thread 0x0000024ac4ee1b20 Exception <a 'sun/nio/fs/WindowsException'{0x00000000d3d0c580}> (0x00000000d3d0c580) 
thrown [s\src\hotspot\share\prims\jni.cpp, line 516]
Event: 19.838 Thread 0x0000024ac310a920 Exception <a 'java/lang/NoSuchMethodError'{0x00000000d3e361d8}: 'void java.lang.invoke.DirectMethodHandle$Holder.invokeStatic(java.lang.Object, java.lang.Object, java.lang.Object, java.lang.Object, java.lang.Object, java.lang.Object)'> (0x00000000d3e361d8) 
thrown [s\src\hotspot\share\interpreter\linkResolver.cpp, line 759]
Event: 60.413 Thread 0x0000024ac31a2020 Exception <a 'java/lang/NoSuchMethodError'{0x00000000c9082ca8}: 'void java.lang.invoke.DirectMethodHandle$Holder.invokeStatic(java.lang.Object, long)'> (0x00000000c9082ca8) 
thrown [s\src\hotspot\share\interpreter\linkResolver.cpp, line 759]
Event: 60.439 Thread 0x0000024ac31a2020 Exception <a 'java/lang/NoSuchMethodError'{0x00000000c9088050}: 'java.lang.Object java.lang.invoke.DirectMethodHandle$Holder.newInvokeSpecial(java.lang.Object, long)'> (0x00000000c9088050) 
thrown [s\src\hotspot\share\interpreter\linkResolver.cpp, line 759]
Event: 60.461 Thread 0x0000024ac31a2020 Exception <a 'java/lang/NoSuchMethodError'{0x00000000c908eab8}: 'java.lang.Object java.lang.invoke.DirectMethodHandle$Holder.invokeStatic(java.lang.Object, java.lang.Object, long, java.lang.Object)'> (0x00000000c908eab8) 
thrown [s\src\hotspot\share\interpreter\linkResolver.cpp, line 759]
Event: 60.461 Thread 0x0000024ac31a2020 Exception <a 'java/lang/NoSuchMethodError'{0x00000000c9092290}: 'java.lang.Object java.lang.invoke.DirectMethodHandle$Holder.invokeStaticInit(java.lang.Object, java.lang.Object, long, java.lang.Object)'> (0x00000000c9092290) 
thrown [s\src\hotspot\share\interpreter\linkResolver.cpp, line 759]
Event: 60.539 Thread 0x0000024ac31a2020 Exception <a 'java/lang/NoSuchMethodError'{0x00000000c90985c0}: 'java.lang.Object java.lang.invoke.DirectMethodHandle$Holder.newInvokeSpecial(java.lang.Object, java.lang.Object, long)'> (0x00000000c90985c0) 
thrown [s\src\hotspot\share\interpreter\linkResolver.cpp, line 759]
Event: 654.774 Thread 0x0000024ac31a3360 Exception <a 'java/lang/reflect/InvocationTargetException'{0x00000000a74b21e0}> (0x00000000a74b21e0) 
thrown [s\src\hotspot\share\runtime\reflection.cpp, line 1121]

VM Operations (20 events):
Event: 43945.380 Executing VM operation: G1CollectFull done
Event: 43955.567 Executing VM operation: G1CollectFull
Event: 43955.607 Executing VM operation: G1CollectFull done
Event: 43965.787 Executing VM operation: G1CollectFull
Event: 43965.824 Executing VM operation: G1CollectFull done
Event: 43976.007 Executing VM operation: G1CollectFull
Event: 43976.054 Executing VM operation: G1CollectFull done
Event: 43986.233 Executing VM operation: G1CollectFull
Event: 43986.267 Executing VM operation: G1CollectFull done
Event: 43996.458 Executing VM operation: G1CollectFull
Event: 43996.501 Executing VM operation: G1CollectFull done
Event: 44006.649 Executing VM operation: G1CollectFull
Event: 44006.686 Executing VM operation: G1CollectFull done
Event: 44016.993 Executing VM operation: G1CollectFull
Event: 44017.032 Executing VM operation: G1CollectFull done
Event: 44027.260 Executing VM operation: G1CollectFull
Event: 44027.300 Executing VM operation: G1CollectFull done
Event: 44037.506 Executing VM operation: G1CollectFull
Event: 44037.545 Executing VM operation: G1CollectFull done
Event: 44047.600 Executing VM operation: G1CollectFull

Events (20 events):
Event: 60.398 loading class java/lang/ProcessImpl done
Event: 60.440 loading class java/lang/ProcessHandleImpl
Event: 60.441 loading class java/lang/ProcessHandle
Event: 60.441 loading class java/lang/ProcessHandle done
Event: 60.441 loading class java/lang/ProcessHandleImpl done
Event: 60.596 loading class java/lang/ProcessImpl$2
Event: 60.596 loading class java/lang/ProcessImpl$2 done
Event: 60.596 loading class java/lang/Process$PipeInputStream
Event: 60.596 loading class java/lang/Process$PipeInputStream done
Event: 60.598 loading class jdk/internal/event/ProcessStartEvent
Event: 60.600 loading class jdk/internal/event/ProcessStartEvent done
Event: 61.122 loading class java/io/FileOutputStream$1
Event: 61.122 loading class java/io/FileOutputStream$1 done
Event: 81.191 Thread 0x0000024ac310a920 Thread exited: 0x0000024ac310a920
Event: 4031.130 Thread 0x0000024ac376b270 Thread added: 0x0000024ac376b270
Event: 4031.141 Thread 0x0000024ac376b780 Thread added: 0x0000024ac376b780
Event: 4036.222 Thread 0x0000024ac376b780 Thread exited: 0x0000024ac376b780
Event: 4041.218 Thread 0x0000024ac376b270 Thread exited: 0x0000024ac376b270
Event: 5346.146 Thread 0x0000024ac376ad60 Thread added: 0x0000024ac376ad60
Event: 5351.198 Thread 0x0000024ac376ad60 Thread exited: 0x0000024ac376ad60


Dynamic libraries:
0x00007ff6ed3a0000 - 0x00007ff6ed3ae000 	c:\Users\david\.vscode\extensions\redhat.java-1.10.0-win32-x64\jre\17.0.4-win32-x86_64\bin\java.exe
0x00007ffedda30000 - 0x00007ffeddc28000 	C:\WINDOWS\SYSTEM32\ntdll.dll
0x00007ffedbf30000 - 0x00007ffedbfed000 	C:\WINDOWS\System32\KERNEL32.DLL
0x00007ffedb4a0000 - 0x00007ffedb76e000 	C:\WINDOWS\System32\KERNELBASE.dll
0x00007ffedb770000 - 0x00007ffedb870000 	C:\WINDOWS\System32\ucrtbase.dll
0x00007ffecdbb0000 - 0x00007ffecdbc8000 	c:\Users\david\.vscode\extensions\redhat.java-1.10.0-win32-x64\jre\17.0.4-win32-x86_64\bin\jli.dll
0x00007ffec9ff0000 - 0x00007ffeca009000 	c:\Users\david\.vscode\extensions\redhat.java-1.10.0-win32-x64\jre\17.0.4-win32-x86_64\bin\VCRUNTIME140.dll
0x00007ffedbd90000 - 0x00007ffedbf30000 	C:\WINDOWS\System32\USER32.dll
0x00007ffec4df0000 - 0x00007ffec508a000 	C:\WINDOWS\WinSxS\amd64_microsoft.windows.common-controls_6595b64144ccf1df_6.0.19041.1110_none_60b5254171f9507e\COMCTL32.dll
0x00007ffedb150000 - 0x00007ffedb172000 	C:\WINDOWS\System32\win32u.dll
0x00007ffedba90000 - 0x00007ffedbb2e000 	C:\WINDOWS\System32\msvcrt.dll
0x00007ffedd9c0000 - 0x00007ffedd9ea000 	C:\WINDOWS\System32\GDI32.dll
0x00007ffedb240000 - 0x00007ffedb34b000 	C:\WINDOWS\System32\gdi32full.dll
0x00007ffedb350000 - 0x00007ffedb3ed000 	C:\WINDOWS\System32\msvcp_win.dll
0x00007ffedd710000 - 0x00007ffedd740000 	C:\WINDOWS\System32\IMM32.DLL
0x00007ffed89e0000 - 0x00007ffed89ec000 	c:\Users\david\.vscode\extensions\redhat.java-1.10.0-win32-x64\jre\17.0.4-win32-x86_64\bin\vcruntime140_1.dll
0x00007ffebeec0000 - 0x00007ffebef51000 	c:\Users\david\.vscode\extensions\redhat.java-1.10.0-win32-x64\jre\17.0.4-win32-x86_64\bin\msvcp140.dll
0x00007ffe93e10000 - 0x00007ffe94a56000 	c:\Users\david\.vscode\extensions\redhat.java-1.10.0-win32-x64\jre\17.0.4-win32-x86_64\bin\server\jvm.dll
0x00007ffedc860000 - 0x00007ffedc90e000 	C:\WINDOWS\System32\ADVAPI32.dll
0x00007ffedbb40000 - 0x00007ffedbbdc000 	C:\WINDOWS\System32\sechost.dll
0x00007ffedcda0000 - 0x00007ffedcec5000 	C:\WINDOWS\System32\RPCRT4.dll
0x00007ffedc920000 - 0x00007ffedc928000 	C:\WINDOWS\System32\PSAPI.DLL
0x00007ffec1de0000 - 0x00007ffec1de9000 	C:\WINDOWS\SYSTEM32\WSOCK32.dll
0x00007ffed17e0000 - 0x00007ffed1807000 	C:\WINDOWS\SYSTEM32\WINMM.dll
0x00007ffed1810000 - 0x00007ffed181a000 	C:\WINDOWS\SYSTEM32\VERSION.dll
0x00007ffedd870000 - 0x00007ffedd8db000 	C:\WINDOWS\System32\WS2_32.dll
0x00007ffed9050000 - 0x00007ffed9062000 	C:\WINDOWS\SYSTEM32\kernel.appcore.dll
0x00007ffec9fe0000 - 0x00007ffec9fea000 	c:\Users\david\.vscode\extensions\redhat.java-1.10.0-win32-x64\jre\17.0.4-win32-x86_64\bin\jimage.dll
0x00007ffecebf0000 - 0x00007ffecedd4000 	C:\WINDOWS\SYSTEM32\DBGHELP.DLL
0x00007ffec72b0000 - 0x00007ffec72dc000 	C:\WINDOWS\SYSTEM32\dbgcore.DLL
0x00007ffedb180000 - 0x00007ffedb202000 	C:\WINDOWS\System32\bcryptPrimitives.dll
0x00007ffec30d0000 - 0x00007ffec30f5000 	c:\Users\david\.vscode\extensions\redhat.java-1.10.0-win32-x64\jre\17.0.4-win32-x86_64\bin\java.dll
0x00007ffec9fb0000 - 0x00007ffec9fc8000 	c:\Users\david\.vscode\extensions\redhat.java-1.10.0-win32-x64\jre\17.0.4-win32-x86_64\bin\zip.dll
0x00007ffedbff0000 - 0x00007ffedc734000 	C:\WINDOWS\System32\SHELL32.dll
0x00007ffed9250000 - 0x00007ffed99e4000 	C:\WINDOWS\SYSTEM32\windows.storage.dll
0x00007ffedc990000 - 0x00007ffedcce4000 	C:\WINDOWS\System32\combase.dll
0x00007ffedaae0000 - 0x00007ffedab10000 	C:\WINDOWS\SYSTEM32\Wldp.dll
0x00007ffedcf30000 - 0x00007ffedcfdd000 	C:\WINDOWS\System32\SHCORE.dll
0x00007ffedc930000 - 0x00007ffedc985000 	C:\WINDOWS\System32\shlwapi.dll
0x00007ffedb090000 - 0x00007ffedb0af000 	C:\WINDOWS\SYSTEM32\profapi.dll
0x00007ffec6d30000 - 0x00007ffec6d49000 	C:\Users\david\.vscode\extensions\redhat.java-1.10.0-win32-x64\jre\17.0.4-win32-x86_64\bin\net.dll
0x00007ffecf690000 - 0x00007ffecf79a000 	C:\WINDOWS\SYSTEM32\WINHTTP.dll
0x00007ffeda840000 - 0x00007ffeda8aa000 	C:\WINDOWS\system32\mswsock.dll
0x00007ffec30b0000 - 0x00007ffec30c5000 	C:\Users\david\.vscode\extensions\redhat.java-1.10.0-win32-x64\jre\17.0.4-win32-x86_64\bin\nio.dll
0x00007ffec30a0000 - 0x00007ffec30b0000 	c:\Users\david\.vscode\extensions\redhat.java-1.10.0-win32-x64\jre\17.0.4-win32-x86_64\bin\verify.dll
0x00007ffec2740000 - 0x00007ffec2749000 	C:\Users\david\.vscode\extensions\redhat.java-1.10.0-win32-x64\jre\17.0.4-win32-x86_64\bin\management.dll
0x00007ffec2730000 - 0x00007ffec273b000 	C:\Users\david\.vscode\extensions\redhat.java-1.10.0-win32-x64\jre\17.0.4-win32-x86_64\bin\management_ext.dll
0x00007ffec13e0000 - 0x00007ffec13f7000 	C:\WINDOWS\system32\napinsp.dll
0x00007ffebe2d0000 - 0x00007ffebe2eb000 	C:\WINDOWS\system32\pnrpnsp.dll
0x00007ffed5c10000 - 0x00007ffed5c25000 	C:\WINDOWS\system32\wshbth.dll
0x00007ffed6b30000 - 0x00007ffed6b4d000 	C:\WINDOWS\system32\NLAapi.dll
0x00007ffeda530000 - 0x00007ffeda56b000 	C:\WINDOWS\SYSTEM32\IPHLPAPI.DLL
0x00007ffeda570000 - 0x00007ffeda63b000 	C:\WINDOWS\SYSTEM32\DNSAPI.dll
0x00007ffedbb30000 - 0x00007ffedbb38000 	C:\WINDOWS\System32\NSI.dll
0x00007ffebb440000 - 0x00007ffebb452000 	C:\WINDOWS\System32\winrnr.dll
0x00007ffeceea0000 - 0x00007ffeceeaa000 	C:\Windows\System32\rasadhlp.dll
0x00007ffeceb10000 - 0x00007ffeceb90000 	C:\WINDOWS\System32\fwpuclnt.dll
0x00007ffedb210000 - 0x00007ffedb237000 	C:\WINDOWS\System32\bcrypt.dll
0x00007ffedaa30000 - 0x00007ffedaa48000 	C:\WINDOWS\SYSTEM32\CRYPTSP.dll
0x00007ffeda1c0000 - 0x00007ffeda1f4000 	C:\WINDOWS\system32\rsaenh.dll
0x00007ffedb010000 - 0x00007ffedb03e000 	C:\WINDOWS\SYSTEM32\USERENV.dll
0x00007ffedaa50000 - 0x00007ffedaa5c000 	C:\WINDOWS\SYSTEM32\CRYPTBASE.dll
0x00007ffed2ad0000 - 0x00007ffed2ae7000 	C:\WINDOWS\SYSTEM32\dhcpcsvc6.DLL
0x00007ffed2ab0000 - 0x00007ffed2acd000 	C:\WINDOWS\SYSTEM32\dhcpcsvc.DLL

dbghelp: loaded successfully - version: 4.0.5 - missing functions: none
symbol engine: initialized successfully - sym options: 0x614 - pdb path: .;c:\Users\david\.vscode\extensions\redhat.java-1.10.0-win32-x64\jre\17.0.4-win32-x86_64\bin;C:\WINDOWS\SYSTEM32;C:\WINDOWS\WinSxS\amd64_microsoft.windows.common-controls_6595b64144ccf1df_6.0.19041.1110_none_60b5254171f9507e;c:\Users\david\.vscode\extensions\redhat.java-1.10.0-win32-x64\jre\17.0.4-win32-x86_64\bin\server

VM Arguments:
jvm_args: -Dsts.lsp.client=vscode -Dsts.log.file=/dev/null -XX:TieredStopAtLevel=1 -Dspring.config.location=file:c:\Users\david\.vscode\extensions\pivotal.vscode-spring-boot-1.38.0\language-server\BOOT-INF\classes\application.properties 
java_command: org.springframework.ide.vscode.boot.app.BootLanguageServerBootApp
java_class_path (initial): c:\Users\david\.vscode\extensions\pivotal.vscode-spring-boot-1.38.0\language-server\BOOT-INF\classes;c:\Users\david\.vscode\extensions\pivotal.vscode-spring-boot-1.38.0\language-server\BOOT-INF\lib\annotations-23.0.0.jar;c:\Users\david\.vscode\extensions\pivotal.vscode-spring-boot-1.38.0\language-server\BOOT-INF\lib\antlr-runtime-3.5.2.jar;c:\Users\david\.vscode\extensions\pivotal.vscode-spring-boot-1.38.0\language-server\BOOT-INF\lib\antlr4-4.9.3.jar;c:\Users\david\.vscode\extensions\pivotal.vscode-spring-boot-1.38.0\language-server\BOOT-INF\lib\antlr4-runtime-4.9.3.jar;c:\Users\david\.vscode\extensions\pivotal.vscode-spring-boot-1.38.0\language-server\BOOT-INF\lib\asm-9.3.jar;c:\Users\david\.vscode\extensions\pivotal.vscode-spring-boot-1.38.0\language-server\BOOT-INF\lib\asm-analysis-9.3.jar;c:\Users\david\.vscode\extensions\pivotal.vscode-spring-boot-1.38.0\language-server\BOOT-INF\lib\asm-tree-9.3.jar;c:\Users\david\.vscode\extensions\pivotal.vscode-spring-boot-1.38.0\language-server\BOOT-INF\lib\asm-util-9.3.jar;c:\Users\david\.vscode\extensions\pivotal.vscode-spring-boot-1.38.0\language-server\BOOT-INF\lib\byte-buddy-1.10.18.jar;c:\Users\david\.vscode\extensions\pivotal.vscode-spring-boot-1.38.0\language-server\BOOT-INF\lib\caffeine-2.8.6.jar;c:\Users\david\.vscode\extensions\pivotal.vscode-spring-boot-1.38.0\language-server\BOOT-INF\lib\checker-qual-3.12.0.jar;c:\Users\david\.vscode\extensions\pivotal.vscode-spring-boot-1.38.0\language-server\BOOT-INF\lib\classgraph-4.8.149.jar;c:\Users\david\.vscode\extensions\pivotal.vscode-spring-boot-1.38.0\language-server\BOOT-INF\lib\commons-codec-1.14.jar;c:\Users\david\.vscode\extensions\pivotal.vscode-spring-boot-1.38.0\language-server\BOOT-INF\lib\commons-compress-1.21.jar;c:\Users\david\.vscode\extensions\pivotal.vscode-spring-boot-1.38.0\language-server\BOOT-INF\lib\commons-exec-1.3.jar;c:\Users\david\.vscode\extensions\pivotal.vscode-spring-boot-1.38.0\language-server\BOOT-INF\lib\com
Launcher Type: SUN_STANDARD

[Global flags]
     intx CICompilerCount                          = 4                                         {product} {ergonomic}
     uint ConcGCThreads                            = 2                                         {product} {ergonomic}
     uint G1ConcRefinementThreads                  = 8                                         {product} {ergonomic}
   size_t G1HeapRegionSize                         = 1048576                                   {product} {ergonomic}
    uintx GCDrainStackTargetSize                   = 64                                        {product} {ergonomic}
   size_t InitialHeapSize                          = 100663296                                 {product} {ergonomic}
   size_t MarkStackSize                            = 4194304                                   {product} {ergonomic}
   size_t MaxHeapSize                              = 1579155456                                {product} {ergonomic}
   size_t MaxNewSize                               = 946864128                                 {product} {ergonomic}
   size_t MinHeapDeltaBytes                        = 1048576                                   {product} {ergonomic}
   size_t MinHeapSize                              = 8388608                                   {product} {ergonomic}
    uintx NonProfiledCodeHeapSize                  = 0                                      {pd product} {ergonomic}
     bool ProfileInterpreter                       = false                                  {pd product} {command line}
    uintx ProfiledCodeHeapSize                     = 0                                      {pd product} {ergonomic}
   size_t SoftMaxHeapSize                          = 1579155456                             {manageable} {ergonomic}
     intx TieredStopAtLevel                        = 1                                         {product} {command line}
     bool UseCompressedClassPointers               = true                           {product lp64_product} {ergonomic}
     bool UseCompressedOops                        = true                           {product lp64_product} {ergonomic}
     bool UseG1GC                                  = true                                      {product} {ergonomic}
     bool UseLargePagesIndividualAllocation        = false                                  {pd product} {ergonomic}

Logging:
Log output configuration:
 #0: stdout all=warning uptime,level,tags
 #1: stderr all=off uptime,level,tags

Environment Variables:
PATH=C:\Program Files (x86)\Common Files\Oracle\Java\javapath;C:\Program Files\Common Files\Oracle\Java\javapath;C:\Python310\Scripts\;C:\Python310\;C:\Program Files\Java\zulu17.30.15-ca-jdk17.0.1-win_x64\bin;C:\WINDOWS\system32;C:\WINDOWS;C:\WINDOWS\System32\Wbem;C:\WINDOWS\System32\WindowsPowerShell\v1.0\;C:\WINDOWS\System32\OpenSSH\;C:\ProgramData\UNIVALI\Portugol Studio;C:\Php 8.0;C:\ProgramData\chocolatey\bin;C:\Program Files\nodejs\;C:\Program Files\Git\cmd;C:\Program Files\Microsoft SQL Server\150\Tools\Binn\;C:\Program Files\Microsoft SQL Server\Client SDK\ODBC\170\Tools\Binn\;C:\Program Files\dotnet\;C:\Users\david\AppData\Local\Microsoft\WindowsApps;;C:\Users\david\AppData\Local\Programs\Microsoft VS Code\bin;C:\Users\david\AppData\Roaming\npm;C:\Users\david\.dotnet\tools
USERNAME=david
OS=Windows_NT
PROCESSOR_IDENTIFIER=AMD64 Family 23 Model 24 Stepping 1, AuthenticAMD
TMP=C:\Users\david\AppData\Local\Temp
TEMP=C:\Users\david\AppData\Local\Temp



---------------  S Y S T E M  ---------------

OS:
 Windows 10 , 64 bit Build 19041 (10.0.19041.1806)
OS uptime: 0 days 12:41 hours

CPU: total 8 (initial active 8) (8 cores per cpu, 2 threads per core) family 23 model 24 stepping 1 microcode 0x0, cx8, cmov, fxsr, ht, mmx, 3dnowpref, sse, sse2, sse3, ssse3, sse4a, sse4.1, sse4.2, popcnt, lzcnt, tsc, tscinvbit, avx, avx2, aes, clmul, bmi1, bmi2, adx, sha, fma, vzeroupper, clflush, clflushopt

Memory: 4k page, system-wide physical 6019M (646M free)
TotalPageFile size 14211M (AvailPageFile size 291M)
current process WorkingSet (physical memory assigned to process): 56M, peak: 638M
current process commit charge ("private bytes"): 238M, peak: 1207M

vm_info: OpenJDK 64-Bit Server VM (17.0.4+8) for windows-amd64 JRE (17.0.4+8), built on Jul 19 2022 16:05:16 by "temurin" with MS VC++ 16.7 (VS2019)

END.
